<?xml version="1.0" encoding="utf-8"?><testsuites name="pytest tests"><testsuite name="pytest" errors="0" failures="0" skipped="0" tests="614" time="1.227" timestamp="2026-07-20T19:10:24.823327-04:00" hostname="Petruff"><testcase classname="tests.test_capability_nexus_v11" name="test_v1_candidate_bytes_are_exact_and_remain_rejected_history" time="0.001" /><testcase classname="tests.test_capability_nexus_v11" name="test_v2_candidate_bytes_are_exact_and_remain_rejected_history" time="0.001" /><testcase classname="tests.test_capability_nexus_v11" name="test_v3_candidate_bytes_are_exact_and_remain_rejected_history" time="0.002" /><testcase classname="tests.test_capability_nexus_v11" name="test_v4_candidate_bytes_are_exact_and_remain_rejected_history" time="0.002" /><testcase classname="tests.test_capability_nexus_v11" name="test_v5_candidate_bytes_are_exact_and_remain_rejected_history" time="0.002" /><testcase classname="tests.test_capability_nexus_v11" name="test_v6_candidate_bytes_are_exact_and_remain_rejected_history" time="0.001" /><testcase classname="tests.test_capability_nexus_v11" name="test_v7_candidate_bytes_are_exact_and_remain_rejected_history" time="0.001" /><testcase classname="tests.test_capability_nexus_v11" name="test_v8_candidate_bytes_are_exact_and_remain_rejected_history" time="0.001" /><testcase classname="tests.test_capability_nexus_v11" name="test_v9_candidate_bytes_are_exact_and_remain_rejected_history" time="0.001" /><testcase classname="tests.test_capability_nexus_v11" name="test_v10_candidate_bytes_are_exact_and_remain_rejected_history" time="0.001" /><testcase classname="tests.test_capability_nexus_v11" name="test_registry_requires_profile_and_binds_discovery_exactly" time="0.001" /><testcase classname="tests.test_capability_nexus_v11" name="test_snapshot_is_profile_bound_and_digest_changes_by_profile" time="0.001" /><testcase classname="tests.test_capability_nexus_v11" name="test_projection_constructor_rejects_cross_profile_and_authority" time="0.001" /><testcase classname="tests.test_capability_nexus_v11" name="test_registry_rejects_gate_subclasses_fakes_and_duck_types[gate0]" time="0.000" /><testcase classname="tests.test_capability_nexus_v11" name="test_registry_rejects_gate_subclasses_fakes_and_duck_types[gate1]" time="0.000" /><testcase classname="tests.test_capability_nexus_v11" name="test_registry_rejects_gate_subclasses_fakes_and_duck_types[gate2]" time="0.000" /><testcase classname="tests.test_capability_nexus_v11" name="test_exact_gate_is_frozen_default_off_and_lock_order_is_declared" time="0.001" /><testcase classname="tests.test_capability_nexus_v11" name="test_metadata_rejects_secret_names_and_normalization_bypasses[api_key]" time="0.001" /><testcase classname="tests.test_capability_nexus_v11" name="test_metadata_rejects_secret_names_and_normalization_bypasses[Api-Key]" time="0.001" /><testcase classname="tests.test_capability_nexus_v11" name="test_metadata_rejects_secret_names_and_normalization_bypasses[TOKEN]" time="0.001" /><testcase classname="tests.test_capability_nexus_v11" name="test_metadata_rejects_secret_names_and_normalization_bypasses[pass.word]" time="0.001" /><testcase classname="tests.test_capability_nexus_v11" name="test_metadata_rejects_secret_names_and_normalization_bypasses[Secret]" time="0.001" /><testcase classname="tests.test_capability_nexus_v11" name="test_metadata_rejects_secret_names_and_normalization_bypasses[authorization]" time="0.001" /><testcase classname="tests.test_capability_nexus_v11" name="test_metadata_rejects_secret_names_and_normalization_bypasses[cookie]" time="0.001" /><testcase classname="tests.test_capability_nexus_v11" name="test_metadata_rejects_secret_names_and_normalization_bypasses[private-key]" time="0.001" /><testcase classname="tests.test_capability_nexus_v11" name="test_metadata_rejects_secret_names_and_normalization_bypasses[%61pi_key]" time="0.001" /><testcase classname="tests.test_capability_nexus_v11" name="test_metadata_rejects_plain_percent_and_base64_secret_values[token=abcd1234]" time="0.001" /><testcase classname="tests.test_capability_nexus_v11" name="test_metadata_rejects_plain_percent_and_base64_secret_values[TOKEN%3Dabcd1234]" time="0.001" /><testcase classname="tests.test_capability_nexus_v11" name="test_metadata_rejects_plain_percent_and_base64_secret_values[password:abcd1234]" time="0.001" /><testcase classname="tests.test_capability_nexus_v11" name="test_metadata_rejects_plain_percent_and_base64_secret_values[-----BEGIN PRIVATE KEY-----]" time="0.001" /><testcase classname="tests.test_capability_nexus_v11" name="test_metadata_rejects_plain_percent_and_base64_secret_values[eyJabcdefgh.abcdefgh.abcdefgh]" time="0.001" /><testcase classname="tests.test_capability_nexus_v11" name="test_metadata_rejects_plain_percent_and_base64_secret_values[YXBpX2tleT1hYmNkMTIzNA==]" time="0.001" /><testcase classname="tests.test_capability_nexus_v11" name="test_metadata_rejects_double_and_triple_percent_secret[2]" time="0.001" /><testcase classname="tests.test_capability_nexus_v11" name="test_metadata_rejects_double_and_triple_percent_secret[3]" time="0.001" /><testcase classname="tests.test_capability_nexus_v11" name="test_metadata_rejects_double_and_triple_base64_secret[2]" time="0.001" /><testcase classname="tests.test_capability_nexus_v11" name="test_metadata_rejects_double_and_triple_base64_secret[3]" time="0.001" /><testcase classname="tests.test_capability_nexus_v11" name="test_metadata_rejects_mixed_percent_base64_secret" time="0.001" /><testcase classname="tests.test_capability_nexus_v11" name="test_metadata_rejects_urlsafe_padded_and_unpadded_secret[False]" time="0.001" /><testcase classname="tests.test_capability_nexus_v11" name="test_metadata_rejects_urlsafe_padded_and_unpadded_secret[True]" time="0.001" /><testcase classname="tests.test_capability_nexus_v11" name="test_metadata_rejects_case_unicode_and_control_canaries[\uff34\uff2f\uff2b\uff25\uff2e\uff1dabcd1234]" time="0.001" /><testcase classname="tests.test_capability_nexus_v11" name="test_metadata_rejects_case_unicode_and_control_canaries[ToKeN=abcd1234]" time="0.001" /><testcase classname="tests.test_capability_nexus_v11" name="test_metadata_rejects_case_unicode_and_control_canaries[to\u200bken=abcd1234]" time="0.001" /><testcase classname="tests.test_capability_nexus_v11" name="test_metadata_rejects_case_unicode_and_control_canaries[token\x00=abcd1234]" time="0.001" /><testcase classname="tests.test_capability_nexus_v11" name="test_metadata_rejects_bounded_raw_credential_families[sk-AAAAAAAAAAAAAAAAAAAAAAAAAAAAAAAA]" time="0.001" /><testcase classname="tests.test_capability_nexus_v11" name="test_metadata_rejects_bounded_raw_credential_families[sk-proj-BBBBBBBBBBBBBBBBBBBBBBBBBBBBBBBBBBBBBBBB]" time="0.001" /><testcase classname="tests.test_capability_nexus_v11" name="test_metadata_rejects_bounded_raw_credential_families[ghp_cccccccccccccccccccccccccccccccccccc]" time="0.001" /><testcase classname="tests.test_capability_nexus_v11" name="test_metadata_rejects_bounded_raw_credential_families[gho_DDDDDDDDDDDDDDDDDDDDDDDDDDDDDDDDDDDDDDDD]" time="0.001" /><testcase classname="tests.test_capability_nexus_v11" name="test_metadata_rejects_bounded_raw_credential_families[AKIAEEEEEEEEEEEEEEEE]" time="0.001" /><testcase classname="tests.test_capability_nexus_v11" name="test_metadata_rejects_bounded_raw_credential_families[ASIAFFFFFFFFFFFFFFFF]" time="0.001" /><testcase classname="tests.test_capability_nexus_v11" name="test_metadata_rejects_bounded_raw_credential_families[sk_live_gggggggggggggggggggggggg]" time="0.001" /><testcase classname="tests.test_capability_nexus_v11" name="test_metadata_rejects_bounded_raw_credential_families[sk_test_HHHHHHHHHHHHHHHHHHHHHHHH]" time="0.001" /><testcase classname="tests.test_capability_nexus_v11" name="test_metadata_rejects_bounded_raw_credential_families[AIzaiiiiiiiiiiiiiiiiiiiiiiiiiiiiiiiiiii]" time="0.001" /><testcase classname="tests.test_capability_nexus_v11" name="test_metadata_rejects_bounded_raw_credential_families[Bearer jjjjjjjjjjjjjjjjjjjjjjjjjjjjjjjj]" time="0.001" /><testcase classname="tests.test_capability_nexus_v11" name="test_metadata_rejects_bounded_raw_credential_families[Basic dXNlcjpwYXNzd29yZA==]" time="0.001" /><testcase classname="tests.test_capability_nexus_v11" name="test_metadata_rejects_bounded_raw_credential_families[github_pat_KKKKKKKKKKKKKKKKKKKKKKKKKKKKKK]" time="0.001" /><testcase classname="tests.test_capability_nexus_v11" name="test_metadata_rejects_bounded_raw_credential_families[xoxb-1234567890-abcdefghijklmnop]" time="0.001" /><testcase classname="tests.test_capability_nexus_v11" name="test_metadata_rejects_bounded_raw_credential_families[npm_LLLLLLLLLLLLLLLLLLLLLLLLLLLLLLLLLLLL]" time="0.001" /><testcase classname="tests.test_capability_nexus_v11" name="test_metadata_rejects_bounded_raw_credential_families[SG.MMMMMMMMMMMMMMMMMMMMMM.NNNNNNNNNNNNNNNNNNNNNNNNNNNNNNNNNNNNNNNNNNN]" time="0.001" /><testcase classname="tests.test_capability_nexus_v11" name="test_metadata_rejects_bounded_raw_credential_families[SKa1a1a1a1a1a1a1a1a1a1a1a1a1a1a1a1]" time="0.001" /><testcase classname="tests.test_capability_nexus_v11" name="test_metadata_rejects_bounded_raw_credential_families[Ab3_defGHIjklMNopQRstuVWxyz0123456789-_aBCDefGhijkLmnop]" time="0.001" /><testcase classname="tests.test_capability_nexus_v11" name="test_metadata_raw_credential_near_misses_remain_valid[sk-short]" time="0.001" /><testcase classname="tests.test_capability_nexus_v11" name="test_metadata_raw_credential_near_misses_remain_valid[ghp_short]" time="0.001" /><testcase classname="tests.test_capability_nexus_v11" name="test_metadata_raw_credential_near_misses_remain_valid[AKIAAAAAAAAAAAAAAAA]" time="0.001" /><testcase classname="tests.test_capability_nexus_v11" name="test_metadata_raw_credential_near_misses_remain_valid[BKIAAAAAAAAAAAAAAAAA]" time="0.001" /><testcase classname="tests.test_capability_nexus_v11" name="test_metadata_raw_credential_near_misses_remain_valid[pk_live_aaaaaaaaaaaaaaaaaaaaaaaa]" time="0.001" /><testcase classname="tests.test_capability_nexus_v11" name="test_metadata_raw_credential_near_misses_remain_valid[AIzaaaaaaaaaaaaaaaaaaaaaaaaaaaaaaaaaaa]" time="0.001" /><testcase classname="tests.test_capability_nexus_v11" name="test_metadata_raw_credential_near_misses_remain_valid[bearer_policy]" time="0.001" /><testcase classname="tests.test_capability_nexus_v11" name="test_metadata_raw_credential_near_misses_remain_valid[Basic authentication]" time="0.001" /><testcase classname="tests.test_capability_nexus_v11" name="test_metadata_raw_credential_near_misses_remain_valid[sk-documentation-reference-2026]" time="0.001" /><testcase classname="tests.test_capability_nexus_v11" name="test_metadata_raw_credential_near_misses_remain_valid[github_pat_example]" time="0.001" /><testcase classname="tests.test_capability_nexus_v11" name="test_metadata_raw_credential_near_misses_remain_valid[xoxb-documentation]" time="0.001" /><testcase classname="tests.test_capability_nexus_v11" name="test_metadata_raw_credential_near_misses_remain_valid[npm_short]" time="0.001" /><testcase classname="tests.test_capability_nexus_v11" name="test_metadata_raw_credential_near_misses_remain_valid[SG.example.reference]" time="0.001" /><testcase classname="tests.test_capability_nexus_v11" name="test_metadata_raw_credential_near_misses_remain_valid[SKaaaaaaaaaaaaaaaaaaaaaaaaaaaaaaa]" time="0.001" /><testcase classname="tests.test_capability_nexus_v11" name="test_metadata_raw_credential_near_misses_remain_valid[BuildArtifact_2026-AbCdEfGhIjKlMnOpQrStUvWxYz1234567890]" time="0.001" /><testcase classname="tests.test_capability_nexus_v11" name="test_metadata_raw_credential_near_misses_remain_valid[Aa1Aa1Aa1Aa1Aa1Aa1Aa1Aa1Aa1Aa1A]" time="0.001" /><testcase classname="tests.test_capability_nexus_v11" name="test_metadata_rejects_compact_opaque_tokens_at_32_and_64_plus[Ab3Cd5Ef7Gh9Jk2Lm4Np6Qr8St1Uv3Wx5]" time="0.001" /><testcase classname="tests.test_capability_nexus_v11" name="test_metadata_rejects_compact_opaque_tokens_at_32_and_64_plus[Aa1Bb2Cc3Dd4Ee5Ff6Gg7Hh8Ii9Jj0Kk1Ll2Mm3Nn4Oo5Pp6Qq7Rr8Ss9Tt0Uu1]" time="0.001" /><testcase classname="tests.test_capability_nexus_v11" name="test_hashes_are_allowed_only_in_explicit_typed_hash_field" time="0.001" /><testcase classname="tests.test_capability_nexus_v11" name="test_opaque_semantic_exemption_never_allows_protected_prefixes[token]" time="0.001" /><testcase classname="tests.test_capability_nexus_v11" name="test_opaque_semantic_exemption_never_allows_protected_prefixes[secret]" time="0.001" /><testcase classname="tests.test_capability_nexus_v11" name="test_opaque_semantic_exemption_never_allows_protected_prefixes[password]" time="0.001" /><testcase classname="tests.test_capability_nexus_v11" name="test_opaque_semantic_exemption_never_allows_protected_prefixes[auth]" time="0.001" /><testcase classname="tests.test_capability_nexus_v11" name="test_opaque_semantic_exemption_never_allows_protected_prefixes[api_key]" time="0.001" /><testcase classname="tests.test_capability_nexus_v11" name="test_opaque_semantic_exemption_never_allows_protected_prefixes[TOKEN]" time="0.001" /><testcase classname="tests.test_capability_nexus_v11" name="test_opaque_semantic_exemption_never_allows_protected_prefixes[t\u043eken]" time="0.001" /><testcase classname="tests.test_capability_nexus_v11" name="test_opaque_semantic_exemption_never_allows_protected_prefixes[t\u1d0fken]" time="0.001" /><testcase classname="tests.test_capability_nexus_v11" name="test_opaque_semantic_exemption_never_allows_protected_prefixes[credential]" time="0.001" /><testcase classname="tests.test_capability_nexus_v11" name="test_protected_opaque_prefixes_are_rejected_after_encoding_layers" time="0.001" /><testcase classname="tests.test_capability_nexus_v11" name="test_unknown_prefix_with_opaque_tail_is_rejected" time="0.001" /><testcase classname="tests.test_capability_nexus_v11" name="test_explicit_safe_semantic_prefixes_preserve_wordlike_identifiers[BuildArtifact_2026-AbCdEfGhIjKlMnOpQrStUvWxYz1234567890]" time="0.001" /><testcase classname="tests.test_capability_nexus_v11" name="test_explicit_safe_semantic_prefixes_preserve_wordlike_identifiers[documentation_2026-AbCdEfGhIjKlMnOpQrStUvWxYz1234567890]" time="0.001" /><testcase classname="tests.test_capability_nexus_v11" name="test_explicit_safe_semantic_prefixes_preserve_wordlike_identifiers[reference_2026-AbCdEfGhIjKlMnOpQrStUvWxYz1234567890]" time="0.001" /><testcase classname="tests.test_capability_nexus_v11" name="test_explicit_safe_semantic_prefixes_preserve_wordlike_identifiers[release_2026-AbCdEfGhIjKlMnOpQrStUvWxYz1234567890]" time="0.001" /><testcase classname="tests.test_capability_nexus_v11" name="test_protected_prefix_tail_boundary_is_bounded" time="0.001" /><testcase classname="tests.test_capability_nexus_v11" name="test_every_canonical_secret_name_rejects_compact_opaque_suffix[accesstoken]" time="0.001" /><testcase classname="tests.test_capability_nexus_v11" name="test_every_canonical_secret_name_rejects_compact_opaque_suffix[apikey]" time="0.001" /><testcase classname="tests.test_capability_nexus_v11" name="test_every_canonical_secret_name_rejects_compact_opaque_suffix[auth]" time="0.001" /><testcase classname="tests.test_capability_nexus_v11" name="test_every_canonical_secret_name_rejects_compact_opaque_suffix[authorization]" time="0.001" /><testcase classname="tests.test_capability_nexus_v11" name="test_every_canonical_secret_name_rejects_compact_opaque_suffix[cookie]" time="0.001" /><testcase classname="tests.test_capability_nexus_v11" name="test_every_canonical_secret_name_rejects_compact_opaque_suffix[password]" time="0.001" /><testcase classname="tests.test_capability_nexus_v11" name="test_every_canonical_secret_name_rejects_compact_opaque_suffix[privatekey]" time="0.001" /><testcase classname="tests.test_capability_nexus_v11" name="test_every_canonical_secret_name_rejects_compact_opaque_suffix[refreshtoken]" time="0.001" /><testcase classname="tests.test_capability_nexus_v11" name="test_every_canonical_secret_name_rejects_compact_opaque_suffix[secret]" time="0.001" /><testcase classname="tests.test_capability_nexus_v11" name="test_every_canonical_secret_name_rejects_compact_opaque_suffix[token]" time="0.001" /><testcase classname="tests.test_capability_nexus_v11" name="test_access_and_refresh_token_prefix_spans_reject_case_and_confusables[access_token]" time="0.001" /><testcase classname="tests.test_capability_nexus_v11" name="test_access_and_refresh_token_prefix_spans_reject_case_and_confusables[refresh_token]" time="0.001" /><testcase classname="tests.test_capability_nexus_v11" name="test_access_and_refresh_token_prefix_spans_reject_case_and_confusables[ACCESS_TOKEN]" time="0.001" /><testcase classname="tests.test_capability_nexus_v11" name="test_access_and_refresh_token_prefix_spans_reject_case_and_confusables[Refresh_Token]" time="0.001" /><testcase classname="tests.test_capability_nexus_v11" name="test_access_and_refresh_token_prefix_spans_reject_case_and_confusables[access_t\u043eken]" time="0.001" /><testcase classname="tests.test_capability_nexus_v11" name="test_access_and_refresh_token_prefix_spans_reject_case_and_confusables[refresh_t\u1d0fken]" time="0.001" /><testcase classname="tests.test_capability_nexus_v11" name="test_access_refresh_prefixes_reject_after_percent_and_base64_layers" time="0.002" /><testcase classname="tests.test_capability_nexus_v11" name="test_multi_segment_secret_prefix_and_31_32_total_boundaries" time="0.001" /><testcase classname="tests.test_capability_nexus_v11" name="test_every_secret_name_is_rejected_at_every_span_position[leading-accesstoken]" time="0.001" /><testcase classname="tests.test_capability_nexus_v11" name="test_every_secret_name_is_rejected_at_every_span_position[leading-apikey]" time="0.001" /><testcase classname="tests.test_capability_nexus_v11" name="test_every_secret_name_is_rejected_at_every_span_position[leading-auth]" time="0.001" /><testcase classname="tests.test_capability_nexus_v11" name="test_every_secret_name_is_rejected_at_every_span_position[leading-authorization]" time="0.001" /><testcase classname="tests.test_capability_nexus_v11" name="test_every_secret_name_is_rejected_at_every_span_position[leading-cookie]" time="0.001" /><testcase classname="tests.test_capability_nexus_v11" name="test_every_secret_name_is_rejected_at_every_span_position[leading-password]" time="0.001" /><testcase classname="tests.test_capability_nexus_v11" name="test_every_secret_name_is_rejected_at_every_span_position[leading-privatekey]" time="0.001" /><testcase classname="tests.test_capability_nexus_v11" name="test_every_secret_name_is_rejected_at_every_span_position[leading-refreshtoken]" time="0.001" /><testcase classname="tests.test_capability_nexus_v11" name="test_every_secret_name_is_rejected_at_every_span_position[leading-secret]" time="0.001" /><testcase classname="tests.test_capability_nexus_v11" name="test_every_secret_name_is_rejected_at_every_span_position[leading-token]" time="0.001" /><testcase classname="tests.test_capability_nexus_v11" name="test_every_secret_name_is_rejected_at_every_span_position[middle-accesstoken]" time="0.001" /><testcase classname="tests.test_capability_nexus_v11" name="test_every_secret_name_is_rejected_at_every_span_position[middle-apikey]" time="0.001" /><testcase classname="tests.test_capability_nexus_v11" name="test_every_secret_name_is_rejected_at_every_span_position[middle-auth]" time="0.001" /><testcase classname="tests.test_capability_nexus_v11" name="test_every_secret_name_is_rejected_at_every_span_position[middle-authorization]" time="0.001" /><testcase classname="tests.test_capability_nexus_v11" name="test_every_secret_name_is_rejected_at_every_span_position[middle-cookie]" time="0.001" /><testcase classname="tests.test_capability_nexus_v11" name="test_every_secret_name_is_rejected_at_every_span_position[middle-password]" time="0.001" /><testcase classname="tests.test_capability_nexus_v11" name="test_every_secret_name_is_rejected_at_every_span_position[middle-privatekey]" time="0.001" /><testcase classname="tests.test_capability_nexus_v11" name="test_every_secret_name_is_rejected_at_every_span_position[middle-refreshtoken]" time="0.001" /><testcase classname="tests.test_capability_nexus_v11" name="test_every_secret_name_is_rejected_at_every_span_position[middle-secret]" time="0.001" /><testcase classname="tests.test_capability_nexus_v11" name="test_every_secret_name_is_rejected_at_every_span_position[middle-token]" time="0.001" /><testcase classname="tests.test_capability_nexus_v11" name="test_every_secret_name_is_rejected_at_every_span_position[trailing-accesstoken]" time="0.001" /><testcase classname="tests.test_capability_nexus_v11" name="test_every_secret_name_is_rejected_at_every_span_position[trailing-apikey]" time="0.001" /><testcase classname="tests.test_capability_nexus_v11" name="test_every_secret_name_is_rejected_at_every_span_position[trailing-auth]" time="0.001" /><testcase classname="tests.test_capability_nexus_v11" name="test_every_secret_name_is_rejected_at_every_span_position[trailing-authorization]" time="0.001" /><testcase classname="tests.test_capability_nexus_v11" name="test_every_secret_name_is_rejected_at_every_span_position[trailing-cookie]" time="0.001" /><testcase classname="tests.test_capability_nexus_v11" name="test_every_secret_name_is_rejected_at_every_span_position[trailing-password]" time="0.001" /><testcase classname="tests.test_capability_nexus_v11" name="test_every_secret_name_is_rejected_at_every_span_position[trailing-privatekey]" time="0.001" /><testcase classname="tests.test_capability_nexus_v11" name="test_every_secret_name_is_rejected_at_every_span_position[trailing-refreshtoken]" time="0.001" /><testcase classname="tests.test_capability_nexus_v11" name="test_every_secret_name_is_rejected_at_every_span_position[trailing-secret]" time="0.001" /><testcase classname="tests.test_capability_nexus_v11" name="test_every_secret_name_is_rejected_at_every_span_position[trailing-token]" time="0.001" /><testcase classname="tests.test_capability_nexus_v11" name="test_protected_names_ignore_namespace_and_separator_bypasses[tokenAAAAAAAAAAAAAAAAAAAAAAAAAAAAAAAAAAAAAAAA]" time="0.001" /><testcase classname="tests.test_capability_nexus_v11" name="test_protected_names_ignore_namespace_and_separator_bypasses[source_token_AAAAAAAAAAAAAAAAAAAA]" time="0.001" /><testcase classname="tests.test_capability_nexus_v11" name="test_protected_names_ignore_namespace_and_separator_bypasses[documentation_access_token_AAAAAAAAAAAAAAAAAAAA]" time="0.001" /><testcase classname="tests.test_capability_nexus_v11" name="test_protected_names_ignore_namespace_and_separator_bypasses[source__token__AAAAAAAAAAAAAAAAAAAA]" time="0.001" /><testcase classname="tests.test_capability_nexus_v11" name="test_protected_names_ignore_namespace_and_separator_bypasses[___token___AAAAAAAAAAAAAAAAAAAA]" time="0.001" /><testcase classname="tests.test_capability_nexus_v11" name="test_short_protected_names_reject_after_base64_layers" time="0.001" /><testcase classname="tests.test_capability_nexus_v11" name="test_wordlike_non_secret_identifiers_remain_valid[tokenization]" time="0.001" /><testcase classname="tests.test_capability_nexus_v11" name="test_wordlike_non_secret_identifiers_remain_valid[authentication]" time="0.001" /><testcase classname="tests.test_capability_nexus_v11" name="test_wordlike_non_secret_identifiers_remain_valid[source_documentation]" time="0.001" /><testcase classname="tests.test_capability_nexus_v11" name="test_wordlike_non_secret_identifiers_remain_valid[reference_identifier]" time="0.001" /><testcase classname="tests.test_capability_nexus_v11" name="test_wordlike_non_secret_identifiers_remain_valid[documentation_reference_2026]" time="0.001" /><testcase classname="tests.test_capability_nexus_v11" name="test_camel_pascal_and_case_free_protected_names_reject_at_any_offset[sourceTokenAAAAAAAAAAAAAAAAAAAA]" time="0.001" /><testcase classname="tests.test_capability_nexus_v11" name="test_camel_pascal_and_case_free_protected_names_reject_at_any_offset[sourceAccessTokenAAAAAAAAAAAAAAAAAAAA]" time="0.001" /><testcase classname="tests.test_capability_nexus_v11" name="test_camel_pascal_and_case_free_protected_names_reject_at_any_offset[sourceApiKeyAAAAAAAAAAAAAAAAAAAA]" time="0.001" /><testcase classname="tests.test_capability_nexus_v11" name="test_camel_pascal_and_case_free_protected_names_reject_at_any_offset[sourceCredentialAAAAAAAAAAAAAAAAAAAA]" time="0.001" /><testcase classname="tests.test_capability_nexus_v11" name="test_camel_pascal_and_case_free_protected_names_reject_at_any_offset[AAAAAAAAAAAAAAAAAAAATokenSource]" time="0.001" /><testcase classname="tests.test_capability_nexus_v11" name="test_camel_pascal_and_case_free_protected_names_reject_at_any_offset[prefixTokenMiddleAAAAAAAAAAAAAAAAAAAA]" time="0.001" /><testcase classname="tests.test_capability_nexus_v11" name="test_camel_pascal_and_case_free_protected_names_reject_at_any_offset[prefixAccessTokenMiddleAAAAAAAAAAAAAAAAAAAA]" time="0.001" /><testcase classname="tests.test_capability_nexus_v11" name="test_camel_pascal_and_case_free_protected_names_reject_at_any_offset[prefixApiKeyMiddleAAAAAAAAAAAAAAAAAAAA]" time="0.001" /><testcase classname="tests.test_capability_nexus_v11" name="test_camel_pascal_and_case_free_protected_names_reject_at_any_offset[prefixCredentialMiddleAAAAAAAAAAAAAAAAAAAA]" time="0.001" /><testcase classname="tests.test_capability_nexus_v11" name="test_camel_pascal_and_case_free_protected_names_reject_at_any_offset[sourcetokenaaaaaaaaaaaaaaaaaaaa]" time="0.001" /><testcase classname="tests.test_capability_nexus_v11" name="test_camel_pascal_and_case_free_protected_names_reject_at_any_offset[sourceaccesstokenaaaaaaaaaaaaaaaaaaaa]" time="0.001" /><testcase classname="tests.test_capability_nexus_v11" name="test_camel_pascal_and_case_free_protected_names_reject_at_any_offset[sourceapikeyaaaaaaaaaaaaaaaaaaaa]" time="0.001" /><testcase classname="tests.test_capability_nexus_v11" name="test_camel_pascal_and_case_free_protected_names_reject_at_any_offset[sourcecredentialaaaaaaaaaaaaaaaaaaaa]" time="0.001" /><testcase classname="tests.test_capability_nexus_v11" name="test_mixed_repeated_namespace_separators_cannot_hide_protected_names[token-_]" time="0.001" /><testcase classname="tests.test_capability_nexus_v11" name="test_mixed_repeated_namespace_separators_cannot_hide_protected_names[token--]" time="0.001" /><testcase classname="tests.test_capability_nexus_v11" name="test_mixed_repeated_namespace_separators_cannot_hide_protected_names[token-.]" time="0.001" /><testcase classname="tests.test_capability_nexus_v11" name="test_mixed_repeated_namespace_separators_cannot_hide_protected_names[token-/]" time="0.001" /><testcase classname="tests.test_capability_nexus_v11" name="test_mixed_repeated_namespace_separators_cannot_hide_protected_names[token- ]" time="0.001" /><testcase classname="tests.test_capability_nexus_v11" name="test_mixed_repeated_namespace_separators_cannot_hide_protected_names[token-__]" time="0.001" /><testcase classname="tests.test_capability_nexus_v11" name="test_mixed_repeated_namespace_separators_cannot_hide_protected_names[token---]" time="0.001" /><testcase classname="tests.test_capability_nexus_v11" name="test_mixed_repeated_namespace_separators_cannot_hide_protected_names[token-..]" time="0.001" /><testcase classname="tests.test_capability_nexus_v11" name="test_mixed_repeated_namespace_separators_cannot_hide_protected_names[token-//]" time="0.001" /><testcase classname="tests.test_capability_nexus_v11" name="test_mixed_repeated_namespace_separators_cannot_hide_protected_names[token- \t ]" time="0.001" /><testcase classname="tests.test_capability_nexus_v11" name="test_mixed_repeated_namespace_separators_cannot_hide_protected_names[access_token-_]" time="0.001" /><testcase classname="tests.test_capability_nexus_v11" name="test_mixed_repeated_namespace_separators_cannot_hide_protected_names[access_token--]" time="0.001" /><testcase classname="tests.test_capability_nexus_v11" name="test_mixed_repeated_namespace_separators_cannot_hide_protected_names[access_token-.]" time="0.001" /><testcase classname="tests.test_capability_nexus_v11" name="test_mixed_repeated_namespace_separators_cannot_hide_protected_names[access_token-/]" time="0.001" /><testcase classname="tests.test_capability_nexus_v11" name="test_mixed_repeated_namespace_separators_cannot_hide_protected_names[access_token- ]" time="0.001" /><testcase classname="tests.test_capability_nexus_v11" name="test_mixed_repeated_namespace_separators_cannot_hide_protected_names[access_token-__]" time="0.001" /><testcase classname="tests.test_capability_nexus_v11" name="test_mixed_repeated_namespace_separators_cannot_hide_protected_names[access_token---]" time="0.001" /><testcase classname="tests.test_capability_nexus_v11" name="test_mixed_repeated_namespace_separators_cannot_hide_protected_names[access_token-..]" time="0.001" /><testcase classname="tests.test_capability_nexus_v11" name="test_mixed_repeated_namespace_separators_cannot_hide_protected_names[access_token-//]" time="0.001" /><testcase classname="tests.test_capability_nexus_v11" name="test_mixed_repeated_namespace_separators_cannot_hide_protected_names[access_token- \t ]" time="0.001" /><testcase classname="tests.test_capability_nexus_v11" name="test_mixed_repeated_namespace_separators_cannot_hide_protected_names[api_key-_]" time="0.001" /><testcase classname="tests.test_capability_nexus_v11" name="test_mixed_repeated_namespace_separators_cannot_hide_protected_names[api_key--]" time="0.001" /><testcase classname="tests.test_capability_nexus_v11" name="test_mixed_repeated_namespace_separators_cannot_hide_protected_names[api_key-.]" time="0.001" /><testcase classname="tests.test_capability_nexus_v11" name="test_mixed_repeated_namespace_separators_cannot_hide_protected_names[api_key-/]" time="0.001" /><testcase classname="tests.test_capability_nexus_v11" name="test_mixed_repeated_namespace_separators_cannot_hide_protected_names[api_key- ]" time="0.001" /><testcase classname="tests.test_capability_nexus_v11" name="test_mixed_repeated_namespace_separators_cannot_hide_protected_names[api_key-__]" time="0.001" /><testcase classname="tests.test_capability_nexus_v11" name="test_mixed_repeated_namespace_separators_cannot_hide_protected_names[api_key---]" time="0.001" /><testcase classname="tests.test_capability_nexus_v11" name="test_mixed_repeated_namespace_separators_cannot_hide_protected_names[api_key-..]" time="0.001" /><testcase classname="tests.test_capability_nexus_v11" name="test_mixed_repeated_namespace_separators_cannot_hide_protected_names[api_key-//]" time="0.001" /><testcase classname="tests.test_capability_nexus_v11" name="test_mixed_repeated_namespace_separators_cannot_hide_protected_names[api_key- \t ]" time="0.001" /><testcase classname="tests.test_capability_nexus_v11" name="test_mixed_repeated_namespace_separators_cannot_hide_protected_names[credential-_]" time="0.001" /><testcase classname="tests.test_capability_nexus_v11" name="test_mixed_repeated_namespace_separators_cannot_hide_protected_names[credential--]" time="0.001" /><testcase classname="tests.test_capability_nexus_v11" name="test_mixed_repeated_namespace_separators_cannot_hide_protected_names[credential-.]" time="0.001" /><testcase classname="tests.test_capability_nexus_v11" name="test_mixed_repeated_namespace_separators_cannot_hide_protected_names[credential-/]" time="0.001" /><testcase classname="tests.test_capability_nexus_v11" name="test_mixed_repeated_namespace_separators_cannot_hide_protected_names[credential- ]" time="0.001" /><testcase classname="tests.test_capability_nexus_v11" name="test_mixed_repeated_namespace_separators_cannot_hide_protected_names[credential-__]" time="0.001" /><testcase classname="tests.test_capability_nexus_v11" name="test_mixed_repeated_namespace_separators_cannot_hide_protected_names[credential---]" time="0.001" /><testcase classname="tests.test_capability_nexus_v11" name="test_mixed_repeated_namespace_separators_cannot_hide_protected_names[credential-..]" time="0.001" /><testcase classname="tests.test_capability_nexus_v11" name="test_mixed_repeated_namespace_separators_cannot_hide_protected_names[credential-//]" time="0.001" /><testcase classname="tests.test_capability_nexus_v11" name="test_mixed_repeated_namespace_separators_cannot_hide_protected_names[credential- \t ]" time="0.001" /><testcase classname="tests.test_capability_nexus_v11" name="test_every_canonical_protected_table_name_rejects_at_every_position[leading-accesskey]" time="0.001" /><testcase classname="tests.test_capability_nexus_v11" name="test_every_canonical_protected_table_name_rejects_at_every_position[leading-accesstoken]" time="0.001" /><testcase classname="tests.test_capability_nexus_v11" name="test_every_canonical_protected_table_name_rejects_at_every_position[leading-apikey]" time="0.001" /><testcase classname="tests.test_capability_nexus_v11" name="test_every_canonical_protected_table_name_rejects_at_every_position[leading-auth]" time="0.001" /><testcase classname="tests.test_capability_nexus_v11" name="test_every_canonical_protected_table_name_rejects_at_every_position[leading-authorization]" time="0.001" /><testcase classname="tests.test_capability_nexus_v11" name="test_every_canonical_protected_table_name_rejects_at_every_position[leading-bearer]" time="0.001" /><testcase classname="tests.test_capability_nexus_v11" name="test_every_canonical_protected_table_name_rejects_at_every_position[leading-cookie]" time="0.001" /><testcase classname="tests.test_capability_nexus_v11" name="test_every_canonical_protected_table_name_rejects_at_every_position[leading-cred]" time="0.001" /><testcase classname="tests.test_capability_nexus_v11" name="test_every_canonical_protected_table_name_rejects_at_every_position[leading-credential]" time="0.001" /><testcase classname="tests.test_capability_nexus_v11" name="test_every_canonical_protected_table_name_rejects_at_every_position[leading-credentials]" time="0.001" /><testcase classname="tests.test_capability_nexus_v11" name="test_every_canonical_protected_table_name_rejects_at_every_position[leading-creds]" time="0.001" /><testcase classname="tests.test_capability_nexus_v11" name="test_every_canonical_protected_table_name_rejects_at_every_position[leading-passwd]" time="0.001" /><testcase classname="tests.test_capability_nexus_v11" name="test_every_canonical_protected_table_name_rejects_at_every_position[leading-password]" time="0.001" /><testcase classname="tests.test_capability_nexus_v11" name="test_every_canonical_protected_table_name_rejects_at_every_position[leading-privatekey]" time="0.001" /><testcase classname="tests.test_capability_nexus_v11" name="test_every_canonical_protected_table_name_rejects_at_every_position[leading-refreshtoken]" time="0.001" /><testcase classname="tests.test_capability_nexus_v11" name="test_every_canonical_protected_table_name_rejects_at_every_position[leading-secret]" time="0.001" /><testcase classname="tests.test_capability_nexus_v11" name="test_every_canonical_protected_table_name_rejects_at_every_position[leading-token]" time="0.001" /><testcase classname="tests.test_capability_nexus_v11" name="test_every_canonical_protected_table_name_rejects_at_every_position[middle-accesskey]" time="0.001" /><testcase classname="tests.test_capability_nexus_v11" name="test_every_canonical_protected_table_name_rejects_at_every_position[middle-accesstoken]" time="0.001" /><testcase classname="tests.test_capability_nexus_v11" name="test_every_canonical_protected_table_name_rejects_at_every_position[middle-apikey]" time="0.001" /><testcase classname="tests.test_capability_nexus_v11" name="test_every_canonical_protected_table_name_rejects_at_every_position[middle-auth]" time="0.001" /><testcase classname="tests.test_capability_nexus_v11" name="test_every_canonical_protected_table_name_rejects_at_every_position[middle-authorization]" time="0.001" /><testcase classname="tests.test_capability_nexus_v11" name="test_every_canonical_protected_table_name_rejects_at_every_position[middle-bearer]" time="0.001" /><testcase classname="tests.test_capability_nexus_v11" name="test_every_canonical_protected_table_name_rejects_at_every_position[middle-cookie]" time="0.001" /><testcase classname="tests.test_capability_nexus_v11" name="test_every_canonical_protected_table_name_rejects_at_every_position[middle-cred]" time="0.001" /><testcase classname="tests.test_capability_nexus_v11" name="test_every_canonical_protected_table_name_rejects_at_every_position[middle-credential]" time="0.001" /><testcase classname="tests.test_capability_nexus_v11" name="test_every_canonical_protected_table_name_rejects_at_every_position[middle-credentials]" time="0.001" /><testcase classname="tests.test_capability_nexus_v11" name="test_every_canonical_protected_table_name_rejects_at_every_position[middle-creds]" time="0.001" /><testcase classname="tests.test_capability_nexus_v11" name="test_every_canonical_protected_table_name_rejects_at_every_position[middle-passwd]" time="0.001" /><testcase classname="tests.test_capability_nexus_v11" name="test_every_canonical_protected_table_name_rejects_at_every_position[middle-password]" time="0.001" /><testcase classname="tests.test_capability_nexus_v11" name="test_every_canonical_protected_table_name_rejects_at_every_position[middle-privatekey]" time="0.001" /><testcase classname="tests.test_capability_nexus_v11" name="test_every_canonical_protected_table_name_rejects_at_every_position[middle-refreshtoken]" time="0.001" /><testcase classname="tests.test_capability_nexus_v11" name="test_every_canonical_protected_table_name_rejects_at_every_position[middle-secret]" time="0.001" /><testcase classname="tests.test_capability_nexus_v11" name="test_every_canonical_protected_table_name_rejects_at_every_position[middle-token]" time="0.001" /><testcase classname="tests.test_capability_nexus_v11" name="test_every_canonical_protected_table_name_rejects_at_every_position[trailing-accesskey]" time="0.001" /><testcase classname="tests.test_capability_nexus_v11" name="test_every_canonical_protected_table_name_rejects_at_every_position[trailing-accesstoken]" time="0.001" /><testcase classname="tests.test_capability_nexus_v11" name="test_every_canonical_protected_table_name_rejects_at_every_position[trailing-apikey]" time="0.001" /><testcase classname="tests.test_capability_nexus_v11" name="test_every_canonical_protected_table_name_rejects_at_every_position[trailing-auth]" time="0.001" /><testcase classname="tests.test_capability_nexus_v11" name="test_every_canonical_protected_table_name_rejects_at_every_position[trailing-authorization]" time="0.001" /><testcase classname="tests.test_capability_nexus_v11" name="test_every_canonical_protected_table_name_rejects_at_every_position[trailing-bearer]" time="0.001" /><testcase classname="tests.test_capability_nexus_v11" name="test_every_canonical_protected_table_name_rejects_at_every_position[trailing-cookie]" time="0.001" /><testcase classname="tests.test_capability_nexus_v11" name="test_every_canonical_protected_table_name_rejects_at_every_position[trailing-cred]" time="0.001" /><testcase classname="tests.test_capability_nexus_v11" name="test_every_canonical_protected_table_name_rejects_at_every_position[trailing-credential]" time="0.001" /><testcase classname="tests.test_capability_nexus_v11" name="test_every_canonical_protected_table_name_rejects_at_every_position[trailing-credentials]" time="0.001" /><testcase classname="tests.test_capability_nexus_v11" name="test_every_canonical_protected_table_name_rejects_at_every_position[trailing-creds]" time="0.001" /><testcase classname="tests.test_capability_nexus_v11" name="test_every_canonical_protected_table_name_rejects_at_every_position[trailing-passwd]" time="0.001" /><testcase classname="tests.test_capability_nexus_v11" name="test_every_canonical_protected_table_name_rejects_at_every_position[trailing-password]" time="0.001" /><testcase classname="tests.test_capability_nexus_v11" name="test_every_canonical_protected_table_name_rejects_at_every_position[trailing-privatekey]" time="0.001" /><testcase classname="tests.test_capability_nexus_v11" name="test_every_canonical_protected_table_name_rejects_at_every_position[trailing-refreshtoken]" time="0.001" /><testcase classname="tests.test_capability_nexus_v11" name="test_every_canonical_protected_table_name_rejects_at_every_position[trailing-secret]" time="0.001" /><testcase classname="tests.test_capability_nexus_v11" name="test_every_canonical_protected_table_name_rejects_at_every_position[trailing-token]" time="0.001" /><testcase classname="tests.test_capability_nexus_v11" name="test_camel_confusable_bypasses_reject_after_every_base64_layer[sourceT\u043ekenAAAAAAAAAAAAAAAAAAAA-1]" time="0.001" /><testcase classname="tests.test_capability_nexus_v11" name="test_camel_confusable_bypasses_reject_after_every_base64_layer[sourceT\u043ekenAAAAAAAAAAAAAAAAAAAA-2]" time="0.001" /><testcase classname="tests.test_capability_nexus_v11" name="test_camel_confusable_bypasses_reject_after_every_base64_layer[sourceT\u043ekenAAAAAAAAAAAAAAAAAAAA-3]" time="0.001" /><testcase classname="tests.test_capability_nexus_v11" name="test_camel_confusable_bypasses_reject_after_every_base64_layer[sourceAcces\u0455TokenAAAAAAAAAAAAAAAAAAAA-1]" time="0.001" /><testcase classname="tests.test_capability_nexus_v11" name="test_camel_confusable_bypasses_reject_after_every_base64_layer[sourceAcces\u0455TokenAAAAAAAAAAAAAAAAAAAA-2]" time="0.001" /><testcase classname="tests.test_capability_nexus_v11" name="test_camel_confusable_bypasses_reject_after_every_base64_layer[sourceAcces\u0455TokenAAAAAAAAAAAAAAAAAAAA-3]" time="0.001" /><testcase classname="tests.test_capability_nexus_v11" name="test_camel_confusable_bypasses_reject_after_every_base64_layer[sourceApiK\u03b5yAAAAAAAAAAAAAAAAAAAA-1]" time="0.001" /><testcase classname="tests.test_capability_nexus_v11" name="test_camel_confusable_bypasses_reject_after_every_base64_layer[sourceApiK\u03b5yAAAAAAAAAAAAAAAAAAAA-2]" time="0.001" /><testcase classname="tests.test_capability_nexus_v11" name="test_camel_confusable_bypasses_reject_after_every_base64_layer[sourceApiK\u03b5yAAAAAAAAAAAAAAAAAAAA-3]" time="0.001" /><testcase classname="tests.test_capability_nexus_v11" name="test_camel_confusable_bypasses_reject_after_every_base64_layer[sourceCred\u0435ntialAAAAAAAAAAAAAAAAAAAA-1]" time="0.001" /><testcase classname="tests.test_capability_nexus_v11" name="test_camel_confusable_bypasses_reject_after_every_base64_layer[sourceCred\u0435ntialAAAAAAAAAAAAAAAAAAAA-2]" time="0.001" /><testcase classname="tests.test_capability_nexus_v11" name="test_camel_confusable_bypasses_reject_after_every_base64_layer[sourceCred\u0435ntialAAAAAAAAAAAAAAAAAAAA-3]" time="0.001" /><testcase classname="tests.test_capability_nexus_v11" name="test_benign_wordlike_identifiers_remain_valid_across_namespace_and_camel_forms[tokenization]" time="0.001" /><testcase classname="tests.test_capability_nexus_v11" name="test_benign_wordlike_identifiers_remain_valid_across_namespace_and_camel_forms[authentication]" time="0.001" /><testcase classname="tests.test_capability_nexus_v11" name="test_benign_wordlike_identifiers_remain_valid_across_namespace_and_camel_forms[source.tokenization.reference]" time="0.001" /><testcase classname="tests.test_capability_nexus_v11" name="test_benign_wordlike_identifiers_remain_valid_across_namespace_and_camel_forms[source/authentication/reference]" time="0.001" /><testcase classname="tests.test_capability_nexus_v11" name="test_benign_wordlike_identifiers_remain_valid_across_namespace_and_camel_forms[TokenizationReference]" time="0.001" /><testcase classname="tests.test_capability_nexus_v11" name="test_benign_wordlike_identifiers_remain_valid_across_namespace_and_camel_forms[AuthenticationReference]" time="0.001" /><testcase classname="tests.test_capability_nexus_v11" name="test_generated_chunked_opaque_tails_reject_across_namespaces[token-_-tail0]" time="0.001" /><testcase classname="tests.test_capability_nexus_v11" name="test_generated_chunked_opaque_tails_reject_across_namespaces[token-_-tail1]" time="0.001" /><testcase classname="tests.test_capability_nexus_v11" name="test_generated_chunked_opaque_tails_reject_across_namespaces[token-_-tail2]" time="0.001" /><testcase classname="tests.test_capability_nexus_v11" name="test_generated_chunked_opaque_tails_reject_across_namespaces[token-_-tail3]" time="0.001" /><testcase classname="tests.test_capability_nexus_v11" name="test_generated_chunked_opaque_tails_reject_across_namespaces[token---tail0]" time="0.002" /><testcase classname="tests.test_capability_nexus_v11" name="test_generated_chunked_opaque_tails_reject_across_namespaces[token---tail1]" time="0.001" /><testcase classname="tests.test_capability_nexus_v11" name="test_generated_chunked_opaque_tails_reject_across_namespaces[token---tail2]" time="0.001" /><testcase classname="tests.test_capability_nexus_v11" name="test_generated_chunked_opaque_tails_reject_across_namespaces[token---tail3]" time="0.001" /><testcase classname="tests.test_capability_nexus_v11" name="test_generated_chunked_opaque_tails_reject_across_namespaces[token-.-tail0]" time="0.001" /><testcase classname="tests.test_capability_nexus_v11" name="test_generated_chunked_opaque_tails_reject_across_namespaces[token-.-tail1]" time="0.001" /><testcase classname="tests.test_capability_nexus_v11" name="test_generated_chunked_opaque_tails_reject_across_namespaces[token-.-tail2]" time="0.001" /><testcase classname="tests.test_capability_nexus_v11" name="test_generated_chunked_opaque_tails_reject_across_namespaces[token-.-tail3]" time="0.001" /><testcase classname="tests.test_capability_nexus_v11" name="test_generated_chunked_opaque_tails_reject_across_namespaces[token-/-tail0]" time="0.001" /><testcase classname="tests.test_capability_nexus_v11" name="test_generated_chunked_opaque_tails_reject_across_namespaces[token-/-tail1]" time="0.001" /><testcase classname="tests.test_capability_nexus_v11" name="test_generated_chunked_opaque_tails_reject_across_namespaces[token-/-tail2]" time="0.001" /><testcase classname="tests.test_capability_nexus_v11" name="test_generated_chunked_opaque_tails_reject_across_namespaces[token-/-tail3]" time="0.001" /><testcase classname="tests.test_capability_nexus_v11" name="test_generated_chunked_opaque_tails_reject_across_namespaces[token- -tail0]" time="0.001" /><testcase classname="tests.test_capability_nexus_v11" name="test_generated_chunked_opaque_tails_reject_across_namespaces[token- -tail1]" time="0.001" /><testcase classname="tests.test_capability_nexus_v11" name="test_generated_chunked_opaque_tails_reject_across_namespaces[token- -tail2]" time="0.001" /><testcase classname="tests.test_capability_nexus_v11" name="test_generated_chunked_opaque_tails_reject_across_namespaces[token- -tail3]" time="0.001" /><testcase classname="tests.test_capability_nexus_v11" name="test_generated_chunked_opaque_tails_reject_across_namespaces[token-__-tail0]" time="0.001" /><testcase classname="tests.test_capability_nexus_v11" name="test_generated_chunked_opaque_tails_reject_across_namespaces[token-__-tail1]" time="0.001" /><testcase classname="tests.test_capability_nexus_v11" name="test_generated_chunked_opaque_tails_reject_across_namespaces[token-__-tail2]" time="0.001" /><testcase classname="tests.test_capability_nexus_v11" name="test_generated_chunked_opaque_tails_reject_across_namespaces[token-__-tail3]" time="0.001" /><testcase classname="tests.test_capability_nexus_v11" name="test_generated_chunked_opaque_tails_reject_across_namespaces[token-.//.-tail0]" time="0.001" /><testcase classname="tests.test_capability_nexus_v11" name="test_generated_chunked_opaque_tails_reject_across_namespaces[token-.//.-tail1]" time="0.001" /><testcase classname="tests.test_capability_nexus_v11" name="test_generated_chunked_opaque_tails_reject_across_namespaces[token-.//.-tail2]" time="0.001" /><testcase classname="tests.test_capability_nexus_v11" name="test_generated_chunked_opaque_tails_reject_across_namespaces[token-.//.-tail3]" time="0.001" /><testcase classname="tests.test_capability_nexus_v11" name="test_generated_chunked_opaque_tails_reject_across_namespaces[token-_ / -tail0]" time="0.001" /><testcase classname="tests.test_capability_nexus_v11" name="test_generated_chunked_opaque_tails_reject_across_namespaces[token-_ / -tail1]" time="0.001" /><testcase classname="tests.test_capability_nexus_v11" name="test_generated_chunked_opaque_tails_reject_across_namespaces[token-_ / -tail2]" time="0.001" /><testcase classname="tests.test_capability_nexus_v11" name="test_generated_chunked_opaque_tails_reject_across_namespaces[token-_ / -tail3]" time="0.001" /><testcase classname="tests.test_capability_nexus_v11" name="test_generated_chunked_opaque_tails_reject_across_namespaces[access_token-_-tail0]" time="0.001" /><testcase classname="tests.test_capability_nexus_v11" name="test_generated_chunked_opaque_tails_reject_across_namespaces[access_token-_-tail1]" time="0.001" /><testcase classname="tests.test_capability_nexus_v11" name="test_generated_chunked_opaque_tails_reject_across_namespaces[access_token-_-tail2]" time="0.001" /><testcase classname="tests.test_capability_nexus_v11" name="test_generated_chunked_opaque_tails_reject_across_namespaces[access_token-_-tail3]" time="0.001" /><testcase classname="tests.test_capability_nexus_v11" name="test_generated_chunked_opaque_tails_reject_across_namespaces[access_token---tail0]" time="0.001" /><testcase classname="tests.test_capability_nexus_v11" name="test_generated_chunked_opaque_tails_reject_across_namespaces[access_token---tail1]" time="0.001" /><testcase classname="tests.test_capability_nexus_v11" name="test_generated_chunked_opaque_tails_reject_across_namespaces[access_token---tail2]" time="0.001" /><testcase classname="tests.test_capability_nexus_v11" name="test_generated_chunked_opaque_tails_reject_across_namespaces[access_token---tail3]" time="0.001" /><testcase classname="tests.test_capability_nexus_v11" name="test_generated_chunked_opaque_tails_reject_across_namespaces[access_token-.-tail0]" time="0.001" /><testcase classname="tests.test_capability_nexus_v11" name="test_generated_chunked_opaque_tails_reject_across_namespaces[access_token-.-tail1]" time="0.001" /><testcase classname="tests.test_capability_nexus_v11" name="test_generated_chunked_opaque_tails_reject_across_namespaces[access_token-.-tail2]" time="0.001" /><testcase classname="tests.test_capability_nexus_v11" name="test_generated_chunked_opaque_tails_reject_across_namespaces[access_token-.-tail3]" time="0.001" /><testcase classname="tests.test_capability_nexus_v11" name="test_generated_chunked_opaque_tails_reject_across_namespaces[access_token-/-tail0]" time="0.001" /><testcase classname="tests.test_capability_nexus_v11" name="test_generated_chunked_opaque_tails_reject_across_namespaces[access_token-/-tail1]" time="0.001" /><testcase classname="tests.test_capability_nexus_v11" name="test_generated_chunked_opaque_tails_reject_across_namespaces[access_token-/-tail2]" time="0.001" /><testcase classname="tests.test_capability_nexus_v11" name="test_generated_chunked_opaque_tails_reject_across_namespaces[access_token-/-tail3]" time="0.001" /><testcase classname="tests.test_capability_nexus_v11" name="test_generated_chunked_opaque_tails_reject_across_namespaces[access_token- -tail0]" time="0.001" /><testcase classname="tests.test_capability_nexus_v11" name="test_generated_chunked_opaque_tails_reject_across_namespaces[access_token- -tail1]" time="0.001" /><testcase classname="tests.test_capability_nexus_v11" name="test_generated_chunked_opaque_tails_reject_across_namespaces[access_token- -tail2]" time="0.001" /><testcase classname="tests.test_capability_nexus_v11" name="test_generated_chunked_opaque_tails_reject_across_namespaces[access_token- -tail3]" time="0.001" /><testcase classname="tests.test_capability_nexus_v11" name="test_generated_chunked_opaque_tails_reject_across_namespaces[access_token-__-tail0]" time="0.001" /><testcase classname="tests.test_capability_nexus_v11" name="test_generated_chunked_opaque_tails_reject_across_namespaces[access_token-__-tail1]" time="0.001" /><testcase classname="tests.test_capability_nexus_v11" name="test_generated_chunked_opaque_tails_reject_across_namespaces[access_token-__-tail2]" time="0.001" /><testcase classname="tests.test_capability_nexus_v11" name="test_generated_chunked_opaque_tails_reject_across_namespaces[access_token-__-tail3]" time="0.001" /><testcase classname="tests.test_capability_nexus_v11" name="test_generated_chunked_opaque_tails_reject_across_namespaces[access_token-.//.-tail0]" time="0.001" /><testcase classname="tests.test_capability_nexus_v11" name="test_generated_chunked_opaque_tails_reject_across_namespaces[access_token-.//.-tail1]" time="0.001" /><testcase classname="tests.test_capability_nexus_v11" name="test_generated_chunked_opaque_tails_reject_across_namespaces[access_token-.//.-tail2]" time="0.001" /><testcase classname="tests.test_capability_nexus_v11" name="test_generated_chunked_opaque_tails_reject_across_namespaces[access_token-.//.-tail3]" time="0.001" /><testcase classname="tests.test_capability_nexus_v11" name="test_generated_chunked_opaque_tails_reject_across_namespaces[access_token-_ / -tail0]" time="0.001" /><testcase classname="tests.test_capability_nexus_v11" name="test_generated_chunked_opaque_tails_reject_across_namespaces[access_token-_ / -tail1]" time="0.001" /><testcase classname="tests.test_capability_nexus_v11" name="test_generated_chunked_opaque_tails_reject_across_namespaces[access_token-_ / -tail2]" time="0.001" /><testcase classname="tests.test_capability_nexus_v11" name="test_generated_chunked_opaque_tails_reject_across_namespaces[access_token-_ / -tail3]" time="0.001" /><testcase classname="tests.test_capability_nexus_v11" name="test_generated_chunked_opaque_tails_reject_across_namespaces[auth-_-tail0]" time="0.001" /><testcase classname="tests.test_capability_nexus_v11" name="test_generated_chunked_opaque_tails_reject_across_namespaces[auth-_-tail1]" time="0.001" /><testcase classname="tests.test_capability_nexus_v11" name="test_generated_chunked_opaque_tails_reject_across_namespaces[auth-_-tail2]" time="0.001" /><testcase classname="tests.test_capability_nexus_v11" name="test_generated_chunked_opaque_tails_reject_across_namespaces[auth-_-tail3]" time="0.001" /><testcase classname="tests.test_capability_nexus_v11" name="test_generated_chunked_opaque_tails_reject_across_namespaces[auth---tail0]" time="0.001" /><testcase classname="tests.test_capability_nexus_v11" name="test_generated_chunked_opaque_tails_reject_across_namespaces[auth---tail1]" time="0.001" /><testcase classname="tests.test_capability_nexus_v11" name="test_generated_chunked_opaque_tails_reject_across_namespaces[auth---tail2]" time="0.001" /><testcase classname="tests.test_capability_nexus_v11" name="test_generated_chunked_opaque_tails_reject_across_namespaces[auth---tail3]" time="0.001" /><testcase classname="tests.test_capability_nexus_v11" name="test_generated_chunked_opaque_tails_reject_across_namespaces[auth-.-tail0]" time="0.001" /><testcase classname="tests.test_capability_nexus_v11" name="test_generated_chunked_opaque_tails_reject_across_namespaces[auth-.-tail1]" time="0.001" /><testcase classname="tests.test_capability_nexus_v11" name="test_generated_chunked_opaque_tails_reject_across_namespaces[auth-.-tail2]" time="0.001" /><testcase classname="tests.test_capability_nexus_v11" name="test_generated_chunked_opaque_tails_reject_across_namespaces[auth-.-tail3]" time="0.001" /><testcase classname="tests.test_capability_nexus_v11" name="test_generated_chunked_opaque_tails_reject_across_namespaces[auth-/-tail0]" time="0.001" /><testcase classname="tests.test_capability_nexus_v11" name="test_generated_chunked_opaque_tails_reject_across_namespaces[auth-/-tail1]" time="0.001" /><testcase classname="tests.test_capability_nexus_v11" name="test_generated_chunked_opaque_tails_reject_across_namespaces[auth-/-tail2]" time="0.001" /><testcase classname="tests.test_capability_nexus_v11" name="test_generated_chunked_opaque_tails_reject_across_namespaces[auth-/-tail3]" time="0.001" /><testcase classname="tests.test_capability_nexus_v11" name="test_generated_chunked_opaque_tails_reject_across_namespaces[auth- -tail0]" time="0.001" /><testcase classname="tests.test_capability_nexus_v11" name="test_generated_chunked_opaque_tails_reject_across_namespaces[auth- -tail1]" time="0.001" /><testcase classname="tests.test_capability_nexus_v11" name="test_generated_chunked_opaque_tails_reject_across_namespaces[auth- -tail2]" time="0.001" /><testcase classname="tests.test_capability_nexus_v11" name="test_generated_chunked_opaque_tails_reject_across_namespaces[auth- -tail3]" time="0.001" /><testcase classname="tests.test_capability_nexus_v11" name="test_generated_chunked_opaque_tails_reject_across_namespaces[auth-__-tail0]" time="0.001" /><testcase classname="tests.test_capability_nexus_v11" name="test_generated_chunked_opaque_tails_reject_across_namespaces[auth-__-tail1]" time="0.001" /><testcase classname="tests.test_capability_nexus_v11" name="test_generated_chunked_opaque_tails_reject_across_namespaces[auth-__-tail2]" time="0.001" /><testcase classname="tests.test_capability_nexus_v11" name="test_generated_chunked_opaque_tails_reject_across_namespaces[auth-__-tail3]" time="0.001" /><testcase classname="tests.test_capability_nexus_v11" name="test_generated_chunked_opaque_tails_reject_across_namespaces[auth-.//.-tail0]" time="0.001" /><testcase classname="tests.test_capability_nexus_v11" name="test_generated_chunked_opaque_tails_reject_across_namespaces[auth-.//.-tail1]" time="0.001" /><testcase classname="tests.test_capability_nexus_v11" name="test_generated_chunked_opaque_tails_reject_across_namespaces[auth-.//.-tail2]" time="0.001" /><testcase classname="tests.test_capability_nexus_v11" name="test_generated_chunked_opaque_tails_reject_across_namespaces[auth-.//.-tail3]" time="0.001" /><testcase classname="tests.test_capability_nexus_v11" name="test_generated_chunked_opaque_tails_reject_across_namespaces[auth-_ / -tail0]" time="0.001" /><testcase classname="tests.test_capability_nexus_v11" name="test_generated_chunked_opaque_tails_reject_across_namespaces[auth-_ / -tail1]" time="0.001" /><testcase classname="tests.test_capability_nexus_v11" name="test_generated_chunked_opaque_tails_reject_across_namespaces[auth-_ / -tail2]" time="0.001" /><testcase classname="tests.test_capability_nexus_v11" name="test_generated_chunked_opaque_tails_reject_across_namespaces[auth-_ / -tail3]" time="0.001" /><testcase classname="tests.test_capability_nexus_v11" name="test_generated_chunked_opaque_tails_reject_across_namespaces[api_key-_-tail0]" time="0.001" /><testcase classname="tests.test_capability_nexus_v11" name="test_generated_chunked_opaque_tails_reject_across_namespaces[api_key-_-tail1]" time="0.001" /><testcase classname="tests.test_capability_nexus_v11" name="test_generated_chunked_opaque_tails_reject_across_namespaces[api_key-_-tail2]" time="0.001" /><testcase classname="tests.test_capability_nexus_v11" name="test_generated_chunked_opaque_tails_reject_across_namespaces[api_key-_-tail3]" time="0.001" /><testcase classname="tests.test_capability_nexus_v11" name="test_generated_chunked_opaque_tails_reject_across_namespaces[api_key---tail0]" time="0.001" /><testcase classname="tests.test_capability_nexus_v11" name="test_generated_chunked_opaque_tails_reject_across_namespaces[api_key---tail1]" time="0.001" /><testcase classname="tests.test_capability_nexus_v11" name="test_generated_chunked_opaque_tails_reject_across_namespaces[api_key---tail2]" time="0.001" /><testcase classname="tests.test_capability_nexus_v11" name="test_generated_chunked_opaque_tails_reject_across_namespaces[api_key---tail3]" time="0.001" /><testcase classname="tests.test_capability_nexus_v11" name="test_generated_chunked_opaque_tails_reject_across_namespaces[api_key-.-tail0]" time="0.001" /><testcase classname="tests.test_capability_nexus_v11" name="test_generated_chunked_opaque_tails_reject_across_namespaces[api_key-.-tail1]" time="0.001" /><testcase classname="tests.test_capability_nexus_v11" name="test_generated_chunked_opaque_tails_reject_across_namespaces[api_key-.-tail2]" time="0.001" /><testcase classname="tests.test_capability_nexus_v11" name="test_generated_chunked_opaque_tails_reject_across_namespaces[api_key-.-tail3]" time="0.001" /><testcase classname="tests.test_capability_nexus_v11" name="test_generated_chunked_opaque_tails_reject_across_namespaces[api_key-/-tail0]" time="0.001" /><testcase classname="tests.test_capability_nexus_v11" name="test_generated_chunked_opaque_tails_reject_across_namespaces[api_key-/-tail1]" time="0.001" /><testcase classname="tests.test_capability_nexus_v11" name="test_generated_chunked_opaque_tails_reject_across_namespaces[api_key-/-tail2]" time="0.001" /><testcase classname="tests.test_capability_nexus_v11" name="test_generated_chunked_opaque_tails_reject_across_namespaces[api_key-/-tail3]" time="0.001" /><testcase classname="tests.test_capability_nexus_v11" name="test_generated_chunked_opaque_tails_reject_across_namespaces[api_key- -tail0]" time="0.001" /><testcase classname="tests.test_capability_nexus_v11" name="test_generated_chunked_opaque_tails_reject_across_namespaces[api_key- -tail1]" time="0.001" /><testcase classname="tests.test_capability_nexus_v11" name="test_generated_chunked_opaque_tails_reject_across_namespaces[api_key- -tail2]" time="0.001" /><testcase classname="tests.test_capability_nexus_v11" name="test_generated_chunked_opaque_tails_reject_across_namespaces[api_key- -tail3]" time="0.001" /><testcase classname="tests.test_capability_nexus_v11" name="test_generated_chunked_opaque_tails_reject_across_namespaces[api_key-__-tail0]" time="0.001" /><testcase classname="tests.test_capability_nexus_v11" name="test_generated_chunked_opaque_tails_reject_across_namespaces[api_key-__-tail1]" time="0.001" /><testcase classname="tests.test_capability_nexus_v11" name="test_generated_chunked_opaque_tails_reject_across_namespaces[api_key-__-tail2]" time="0.001" /><testcase classname="tests.test_capability_nexus_v11" name="test_generated_chunked_opaque_tails_reject_across_namespaces[api_key-__-tail3]" time="0.001" /><testcase classname="tests.test_capability_nexus_v11" name="test_generated_chunked_opaque_tails_reject_across_namespaces[api_key-.//.-tail0]" time="0.001" /><testcase classname="tests.test_capability_nexus_v11" name="test_generated_chunked_opaque_tails_reject_across_namespaces[api_key-.//.-tail1]" time="0.001" /><testcase classname="tests.test_capability_nexus_v11" name="test_generated_chunked_opaque_tails_reject_across_namespaces[api_key-.//.-tail2]" time="0.001" /><testcase classname="tests.test_capability_nexus_v11" name="test_generated_chunked_opaque_tails_reject_across_namespaces[api_key-.//.-tail3]" time="0.001" /><testcase classname="tests.test_capability_nexus_v11" name="test_generated_chunked_opaque_tails_reject_across_namespaces[api_key-_ / -tail0]" time="0.001" /><testcase classname="tests.test_capability_nexus_v11" name="test_generated_chunked_opaque_tails_reject_across_namespaces[api_key-_ / -tail1]" time="0.001" /><testcase classname="tests.test_capability_nexus_v11" name="test_generated_chunked_opaque_tails_reject_across_namespaces[api_key-_ / -tail2]" time="0.001" /><testcase classname="tests.test_capability_nexus_v11" name="test_generated_chunked_opaque_tails_reject_across_namespaces[api_key-_ / -tail3]" time="0.001" /><testcase classname="tests.test_capability_nexus_v11" name="test_generated_chunked_opaque_tails_reject_across_namespaces[credential-_-tail0]" time="0.001" /><testcase classname="tests.test_capability_nexus_v11" name="test_generated_chunked_opaque_tails_reject_across_namespaces[credential-_-tail1]" time="0.001" /><testcase classname="tests.test_capability_nexus_v11" name="test_generated_chunked_opaque_tails_reject_across_namespaces[credential-_-tail2]" time="0.001" /><testcase classname="tests.test_capability_nexus_v11" name="test_generated_chunked_opaque_tails_reject_across_namespaces[credential-_-tail3]" time="0.001" /><testcase classname="tests.test_capability_nexus_v11" name="test_generated_chunked_opaque_tails_reject_across_namespaces[credential---tail0]" time="0.002" /><testcase classname="tests.test_capability_nexus_v11" name="test_generated_chunked_opaque_tails_reject_across_namespaces[credential---tail1]" time="0.001" /><testcase classname="tests.test_capability_nexus_v11" name="test_generated_chunked_opaque_tails_reject_across_namespaces[credential---tail2]" time="0.001" /><testcase classname="tests.test_capability_nexus_v11" name="test_generated_chunked_opaque_tails_reject_across_namespaces[credential---tail3]" time="0.001" /><testcase classname="tests.test_capability_nexus_v11" name="test_generated_chunked_opaque_tails_reject_across_namespaces[credential-.-tail0]" time="0.001" /><testcase classname="tests.test_capability_nexus_v11" name="test_generated_chunked_opaque_tails_reject_across_namespaces[credential-.-tail1]" time="0.001" /><testcase classname="tests.test_capability_nexus_v11" name="test_generated_chunked_opaque_tails_reject_across_namespaces[credential-.-tail2]" time="0.001" /><testcase classname="tests.test_capability_nexus_v11" name="test_generated_chunked_opaque_tails_reject_across_namespaces[credential-.-tail3]" time="0.001" /><testcase classname="tests.test_capability_nexus_v11" name="test_generated_chunked_opaque_tails_reject_across_namespaces[credential-/-tail0]" time="0.001" /><testcase classname="tests.test_capability_nexus_v11" name="test_generated_chunked_opaque_tails_reject_across_namespaces[credential-/-tail1]" time="0.001" /><testcase classname="tests.test_capability_nexus_v11" name="test_generated_chunked_opaque_tails_reject_across_namespaces[credential-/-tail2]" time="0.001" /><testcase classname="tests.test_capability_nexus_v11" name="test_generated_chunked_opaque_tails_reject_across_namespaces[credential-/-tail3]" time="0.001" /><testcase classname="tests.test_capability_nexus_v11" name="test_generated_chunked_opaque_tails_reject_across_namespaces[credential- -tail0]" time="0.001" /><testcase classname="tests.test_capability_nexus_v11" name="test_generated_chunked_opaque_tails_reject_across_namespaces[credential- -tail1]" time="0.001" /><testcase classname="tests.test_capability_nexus_v11" name="test_generated_chunked_opaque_tails_reject_across_namespaces[credential- -tail2]" time="0.001" /><testcase classname="tests.test_capability_nexus_v11" name="test_generated_chunked_opaque_tails_reject_across_namespaces[credential- -tail3]" time="0.001" /><testcase classname="tests.test_capability_nexus_v11" name="test_generated_chunked_opaque_tails_reject_across_namespaces[credential-__-tail0]" time="0.001" /><testcase classname="tests.test_capability_nexus_v11" name="test_generated_chunked_opaque_tails_reject_across_namespaces[credential-__-tail1]" time="0.001" /><testcase classname="tests.test_capability_nexus_v11" name="test_generated_chunked_opaque_tails_reject_across_namespaces[credential-__-tail2]" time="0.001" /><testcase classname="tests.test_capability_nexus_v11" name="test_generated_chunked_opaque_tails_reject_across_namespaces[credential-__-tail3]" time="0.001" /><testcase classname="tests.test_capability_nexus_v11" name="test_generated_chunked_opaque_tails_reject_across_namespaces[credential-.//.-tail0]" time="0.001" /><testcase classname="tests.test_capability_nexus_v11" name="test_generated_chunked_opaque_tails_reject_across_namespaces[credential-.//.-tail1]" time="0.001" /><testcase classname="tests.test_capability_nexus_v11" name="test_generated_chunked_opaque_tails_reject_across_namespaces[credential-.//.-tail2]" time="0.001" /><testcase classname="tests.test_capability_nexus_v11" name="test_generated_chunked_opaque_tails_reject_across_namespaces[credential-.//.-tail3]" time="0.001" /><testcase classname="tests.test_capability_nexus_v11" name="test_generated_chunked_opaque_tails_reject_across_namespaces[credential-_ / -tail0]" time="0.001" /><testcase classname="tests.test_capability_nexus_v11" name="test_generated_chunked_opaque_tails_reject_across_namespaces[credential-_ / -tail1]" time="0.001" /><testcase classname="tests.test_capability_nexus_v11" name="test_generated_chunked_opaque_tails_reject_across_namespaces[credential-_ / -tail2]" time="0.001" /><testcase classname="tests.test_capability_nexus_v11" name="test_generated_chunked_opaque_tails_reject_across_namespaces[credential-_ / -tail3]" time="0.001" /><testcase classname="tests.test_capability_nexus_v11" name="test_every_protected_name_rejects_chunked_tail_at_every_generated_position[leading-accesskey]" time="0.001" /><testcase classname="tests.test_capability_nexus_v11" name="test_every_protected_name_rejects_chunked_tail_at_every_generated_position[leading-accesstoken]" time="0.001" /><testcase classname="tests.test_capability_nexus_v11" name="test_every_protected_name_rejects_chunked_tail_at_every_generated_position[leading-apikey]" time="0.001" /><testcase classname="tests.test_capability_nexus_v11" name="test_every_protected_name_rejects_chunked_tail_at_every_generated_position[leading-auth]" time="0.001" /><testcase classname="tests.test_capability_nexus_v11" name="test_every_protected_name_rejects_chunked_tail_at_every_generated_position[leading-authorization]" time="0.001" /><testcase classname="tests.test_capability_nexus_v11" name="test_every_protected_name_rejects_chunked_tail_at_every_generated_position[leading-bearer]" time="0.001" /><testcase classname="tests.test_capability_nexus_v11" name="test_every_protected_name_rejects_chunked_tail_at_every_generated_position[leading-cookie]" time="0.001" /><testcase classname="tests.test_capability_nexus_v11" name="test_every_protected_name_rejects_chunked_tail_at_every_generated_position[leading-cred]" time="0.001" /><testcase classname="tests.test_capability_nexus_v11" name="test_every_protected_name_rejects_chunked_tail_at_every_generated_position[leading-credential]" time="0.001" /><testcase classname="tests.test_capability_nexus_v11" name="test_every_protected_name_rejects_chunked_tail_at_every_generated_position[leading-credentials]" time="0.001" /><testcase classname="tests.test_capability_nexus_v11" name="test_every_protected_name_rejects_chunked_tail_at_every_generated_position[leading-creds]" time="0.001" /><testcase classname="tests.test_capability_nexus_v11" name="test_every_protected_name_rejects_chunked_tail_at_every_generated_position[leading-passwd]" time="0.001" /><testcase classname="tests.test_capability_nexus_v11" name="test_every_protected_name_rejects_chunked_tail_at_every_generated_position[leading-password]" time="0.001" /><testcase classname="tests.test_capability_nexus_v11" name="test_every_protected_name_rejects_chunked_tail_at_every_generated_position[leading-privatekey]" time="0.001" /><testcase classname="tests.test_capability_nexus_v11" name="test_every_protected_name_rejects_chunked_tail_at_every_generated_position[leading-refreshtoken]" time="0.001" /><testcase classname="tests.test_capability_nexus_v11" name="test_every_protected_name_rejects_chunked_tail_at_every_generated_position[leading-secret]" time="0.001" /><testcase classname="tests.test_capability_nexus_v11" name="test_every_protected_name_rejects_chunked_tail_at_every_generated_position[leading-token]" time="0.001" /><testcase classname="tests.test_capability_nexus_v11" name="test_every_protected_name_rejects_chunked_tail_at_every_generated_position[middle-accesskey]" time="0.001" /><testcase classname="tests.test_capability_nexus_v11" name="test_every_protected_name_rejects_chunked_tail_at_every_generated_position[middle-accesstoken]" time="0.001" /><testcase classname="tests.test_capability_nexus_v11" name="test_every_protected_name_rejects_chunked_tail_at_every_generated_position[middle-apikey]" time="0.001" /><testcase classname="tests.test_capability_nexus_v11" name="test_every_protected_name_rejects_chunked_tail_at_every_generated_position[middle-auth]" time="0.001" /><testcase classname="tests.test_capability_nexus_v11" name="test_every_protected_name_rejects_chunked_tail_at_every_generated_position[middle-authorization]" time="0.001" /><testcase classname="tests.test_capability_nexus_v11" name="test_every_protected_name_rejects_chunked_tail_at_every_generated_position[middle-bearer]" time="0.001" /><testcase classname="tests.test_capability_nexus_v11" name="test_every_protected_name_rejects_chunked_tail_at_every_generated_position[middle-cookie]" time="0.001" /><testcase classname="tests.test_capability_nexus_v11" name="test_every_protected_name_rejects_chunked_tail_at_every_generated_position[middle-cred]" time="0.001" /><testcase classname="tests.test_capability_nexus_v11" name="test_every_protected_name_rejects_chunked_tail_at_every_generated_position[middle-credential]" time="0.001" /><testcase classname="tests.test_capability_nexus_v11" name="test_every_protected_name_rejects_chunked_tail_at_every_generated_position[middle-credentials]" time="0.001" /><testcase classname="tests.test_capability_nexus_v11" name="test_every_protected_name_rejects_chunked_tail_at_every_generated_position[middle-creds]" time="0.001" /><testcase classname="tests.test_capability_nexus_v11" name="test_every_protected_name_rejects_chunked_tail_at_every_generated_position[middle-passwd]" time="0.001" /><testcase classname="tests.test_capability_nexus_v11" name="test_every_protected_name_rejects_chunked_tail_at_every_generated_position[middle-password]" time="0.001" /><testcase classname="tests.test_capability_nexus_v11" name="test_every_protected_name_rejects_chunked_tail_at_every_generated_position[middle-privatekey]" time="0.001" /><testcase classname="tests.test_capability_nexus_v11" name="test_every_protected_name_rejects_chunked_tail_at_every_generated_position[middle-refreshtoken]" time="0.001" /><testcase classname="tests.test_capability_nexus_v11" name="test_every_protected_name_rejects_chunked_tail_at_every_generated_position[middle-secret]" time="0.001" /><testcase classname="tests.test_capability_nexus_v11" name="test_every_protected_name_rejects_chunked_tail_at_every_generated_position[middle-token]" time="0.001" /><testcase classname="tests.test_capability_nexus_v11" name="test_every_protected_name_rejects_chunked_tail_at_every_generated_position[trailing-accesskey]" time="0.001" /><testcase classname="tests.test_capability_nexus_v11" name="test_every_protected_name_rejects_chunked_tail_at_every_generated_position[trailing-accesstoken]" time="0.001" /><testcase classname="tests.test_capability_nexus_v11" name="test_every_protected_name_rejects_chunked_tail_at_every_generated_position[trailing-apikey]" time="0.001" /><testcase classname="tests.test_capability_nexus_v11" name="test_every_protected_name_rejects_chunked_tail_at_every_generated_position[trailing-auth]" time="0.001" /><testcase classname="tests.test_capability_nexus_v11" name="test_every_protected_name_rejects_chunked_tail_at_every_generated_position[trailing-authorization]" time="0.001" /><testcase classname="tests.test_capability_nexus_v11" name="test_every_protected_name_rejects_chunked_tail_at_every_generated_position[trailing-bearer]" time="0.001" /><testcase classname="tests.test_capability_nexus_v11" name="test_every_protected_name_rejects_chunked_tail_at_every_generated_position[trailing-cookie]" time="0.001" /><testcase classname="tests.test_capability_nexus_v11" name="test_every_protected_name_rejects_chunked_tail_at_every_generated_position[trailing-cred]" time="0.001" /><testcase classname="tests.test_capability_nexus_v11" name="test_every_protected_name_rejects_chunked_tail_at_every_generated_position[trailing-credential]" time="0.001" /><testcase classname="tests.test_capability_nexus_v11" name="test_every_protected_name_rejects_chunked_tail_at_every_generated_position[trailing-credentials]" time="0.001" /><testcase classname="tests.test_capability_nexus_v11" name="test_every_protected_name_rejects_chunked_tail_at_every_generated_position[trailing-creds]" time="0.001" /><testcase classname="tests.test_capability_nexus_v11" name="test_every_protected_name_rejects_chunked_tail_at_every_generated_position[trailing-passwd]" time="0.001" /><testcase classname="tests.test_capability_nexus_v11" name="test_every_protected_name_rejects_chunked_tail_at_every_generated_position[trailing-password]" time="0.001" /><testcase classname="tests.test_capability_nexus_v11" name="test_every_protected_name_rejects_chunked_tail_at_every_generated_position[trailing-privatekey]" time="0.001" /><testcase classname="tests.test_capability_nexus_v11" name="test_every_protected_name_rejects_chunked_tail_at_every_generated_position[trailing-refreshtoken]" time="0.001" /><testcase classname="tests.test_capability_nexus_v11" name="test_every_protected_name_rejects_chunked_tail_at_every_generated_position[trailing-secret]" time="0.001" /><testcase classname="tests.test_capability_nexus_v11" name="test_every_protected_name_rejects_chunked_tail_at_every_generated_position[trailing-token]" time="0.001" /><testcase classname="tests.test_capability_nexus_v11" name="test_chunked_confusable_credentials_reject_after_base64_layers[namespace.t\u043eken.abcd.efgh.ijkl.mnop-1]" time="0.001" /><testcase classname="tests.test_capability_nexus_v11" name="test_chunked_confusable_credentials_reject_after_base64_layers[namespace.t\u043eken.abcd.efgh.ijkl.mnop-2]" time="0.001" /><testcase classname="tests.test_capability_nexus_v11" name="test_chunked_confusable_credentials_reject_after_base64_layers[namespace.t\u043eken.abcd.efgh.ijkl.mnop-3]" time="0.001" /><testcase classname="tests.test_capability_nexus_v11" name="test_chunked_confusable_credentials_reject_after_base64_layers[namespace.access.t\u043eken.ab12.cd34.ef56.gh78-1]" time="0.001" /><testcase classname="tests.test_capability_nexus_v11" name="test_chunked_confusable_credentials_reject_after_base64_layers[namespace.access.t\u043eken.ab12.cd34.ef56.gh78-2]" time="0.001" /><testcase classname="tests.test_capability_nexus_v11" name="test_chunked_confusable_credentials_reject_after_base64_layers[namespace.access.t\u043eken.ab12.cd34.ef56.gh78-3]" time="0.001" /><testcase classname="tests.test_capability_nexus_v11" name="test_chunked_confusable_credentials_reject_after_base64_layers[namespace.\u0430uth.abcdef.ghijkl.mnop-1]" time="0.001" /><testcase classname="tests.test_capability_nexus_v11" name="test_chunked_confusable_credentials_reject_after_base64_layers[namespace.\u0430uth.abcdef.ghijkl.mnop-2]" time="0.001" /><testcase classname="tests.test_capability_nexus_v11" name="test_chunked_confusable_credentials_reject_after_base64_layers[namespace.\u0430uth.abcdef.ghijkl.mnop-3]" time="0.001" /><testcase classname="tests.test_capability_nexus_v11" name="test_chunked_confusable_credentials_reject_after_base64_layers[namespace.cred\u0435ntial.abcdefgh.ijklmnop-1]" time="0.001" /><testcase classname="tests.test_capability_nexus_v11" name="test_chunked_confusable_credentials_reject_after_base64_layers[namespace.cred\u0435ntial.abcdefgh.ijklmnop-2]" time="0.001" /><testcase classname="tests.test_capability_nexus_v11" name="test_chunked_confusable_credentials_reject_after_base64_layers[namespace.cred\u0435ntial.abcdefgh.ijklmnop-3]" time="0.001" /><testcase classname="tests.test_capability_nexus_v11" name="test_chunked_credentials_reject_after_percent_layers[1]" time="0.001" /><testcase classname="tests.test_capability_nexus_v11" name="test_chunked_credentials_reject_after_percent_layers[2]" time="0.001" /><testcase classname="tests.test_capability_nexus_v11" name="test_chunked_credentials_reject_after_percent_layers[3]" time="0.001" /><testcase classname="tests.test_capability_nexus_v11" name="test_benign_word_exemption_never_hides_appended_or_prepended_opaque_material[AAAAAAAAAAAAAAAAAAAA-prefix-tokenization]" time="0.001" /><testcase classname="tests.test_capability_nexus_v11" name="test_benign_word_exemption_never_hides_appended_or_prepended_opaque_material[AAAAAAAAAAAAAAAAAAAA-prefix-authentication]" time="0.001" /><testcase classname="tests.test_capability_nexus_v11" name="test_benign_word_exemption_never_hides_appended_or_prepended_opaque_material[AAAAAAAAAAAAAAAAAAAA-suffix-tokenization]" time="0.001" /><testcase classname="tests.test_capability_nexus_v11" name="test_benign_word_exemption_never_hides_appended_or_prepended_opaque_material[AAAAAAAAAAAAAAAAAAAA-suffix-authentication]" time="0.001" /><testcase classname="tests.test_capability_nexus_v11" name="test_benign_word_exemption_never_hides_appended_or_prepended_opaque_material[abcd_efgh_ijkl_mnop-prefix-tokenization]" time="0.001" /><testcase classname="tests.test_capability_nexus_v11" name="test_benign_word_exemption_never_hides_appended_or_prepended_opaque_material[abcd_efgh_ijkl_mnop-prefix-authentication]" time="0.001" /><testcase classname="tests.test_capability_nexus_v11" name="test_benign_word_exemption_never_hides_appended_or_prepended_opaque_material[abcd_efgh_ijkl_mnop-suffix-tokenization]" time="0.001" /><testcase classname="tests.test_capability_nexus_v11" name="test_benign_word_exemption_never_hides_appended_or_prepended_opaque_material[abcd_efgh_ijkl_mnop-suffix-authentication]" time="0.001" /><testcase classname="tests.test_capability_nexus_v11" name="test_benign_word_exemption_never_hides_appended_or_prepended_opaque_material[ab12.cd34.ef56.gh78-prefix-tokenization]" time="0.001" /><testcase classname="tests.test_capability_nexus_v11" name="test_benign_word_exemption_never_hides_appended_or_prepended_opaque_material[ab12.cd34.ef56.gh78-prefix-authentication]" time="0.001" /><testcase classname="tests.test_capability_nexus_v11" name="test_benign_word_exemption_never_hides_appended_or_prepended_opaque_material[ab12.cd34.ef56.gh78-suffix-tokenization]" time="0.001" /><testcase classname="tests.test_capability_nexus_v11" name="test_benign_word_exemption_never_hides_appended_or_prepended_opaque_material[ab12.cd34.ef56.gh78-suffix-authentication]" time="0.001" /><testcase classname="tests.test_capability_nexus_v11" name="test_generated_natural_language_words_are_not_opaque_credentials[space-authorization-interoperability]" time="0.001" /><testcase classname="tests.test_capability_nexus_v11" name="test_generated_natural_language_words_are_not_opaque_credentials[space-token-characterization]" time="0.001" /><testcase classname="tests.test_capability_nexus_v11" name="test_generated_natural_language_words_are_not_opaque_credentials[space-auth-internationalization]" time="0.001" /><testcase classname="tests.test_capability_nexus_v11" name="test_generated_natural_language_words_are_not_opaque_credentials[space-access token-standardization]" time="0.001" /><testcase classname="tests.test_capability_nexus_v11" name="test_generated_natural_language_words_are_not_opaque_credentials[space-authorization-collaboration]" time="0.001" /><testcase classname="tests.test_capability_nexus_v11" name="test_generated_natural_language_words_are_not_opaque_credentials[space-token-configuration]" time="0.001" /><testcase classname="tests.test_capability_nexus_v11" name="test_generated_natural_language_words_are_not_opaque_credentials[space-auth-identification]" time="0.001" /><testcase classname="tests.test_capability_nexus_v11" name="test_generated_natural_language_words_are_not_opaque_credentials[space-access token-documentation]" time="0.001" /><testcase classname="tests.test_capability_nexus_v11" name="test_generated_natural_language_words_are_not_opaque_credentials[camel-authorization-interoperability]" time="0.001" /><testcase classname="tests.test_capability_nexus_v11" name="test_generated_natural_language_words_are_not_opaque_credentials[camel-token-characterization]" time="0.001" /><testcase classname="tests.test_capability_nexus_v11" name="test_generated_natural_language_words_are_not_opaque_credentials[camel-auth-internationalization]" time="0.001" /><testcase classname="tests.test_capability_nexus_v11" name="test_generated_natural_language_words_are_not_opaque_credentials[camel-access token-standardization]" time="0.001" /><testcase classname="tests.test_capability_nexus_v11" name="test_generated_natural_language_words_are_not_opaque_credentials[camel-authorization-collaboration]" time="0.001" /><testcase classname="tests.test_capability_nexus_v11" name="test_generated_natural_language_words_are_not_opaque_credentials[camel-token-configuration]" time="0.001" /><testcase classname="tests.test_capability_nexus_v11" name="test_generated_natural_language_words_are_not_opaque_credentials[camel-auth-identification]" time="0.001" /><testcase classname="tests.test_capability_nexus_v11" name="test_generated_natural_language_words_are_not_opaque_credentials[camel-access token-documentation]" time="0.001" /><testcase classname="tests.test_capability_nexus_v11" name="test_generated_natural_language_words_are_not_opaque_credentials[namespace-authorization-interoperability]" time="0.001" /><testcase classname="tests.test_capability_nexus_v11" name="test_generated_natural_language_words_are_not_opaque_credentials[namespace-token-characterization]" time="0.001" /><testcase classname="tests.test_capability_nexus_v11" name="test_generated_natural_language_words_are_not_opaque_credentials[namespace-auth-internationalization]" time="0.001" /><testcase classname="tests.test_capability_nexus_v11" name="test_generated_natural_language_words_are_not_opaque_credentials[namespace-access token-standardization]" time="0.001" /><testcase classname="tests.test_capability_nexus_v11" name="test_generated_natural_language_words_are_not_opaque_credentials[namespace-authorization-collaboration]" time="0.001" /><testcase classname="tests.test_capability_nexus_v11" name="test_generated_natural_language_words_are_not_opaque_credentials[namespace-token-configuration]" time="0.001" /><testcase classname="tests.test_capability_nexus_v11" name="test_generated_natural_language_words_are_not_opaque_credentials[namespace-auth-identification]" time="0.001" /><testcase classname="tests.test_capability_nexus_v11" name="test_generated_natural_language_words_are_not_opaque_credentials[namespace-access token-documentation]" time="0.001" /><testcase classname="tests.test_capability_nexus_v11" name="test_multiword_benign_prose_is_not_aggregated_as_an_opaque_tail[auth access control policies]" time="0.001" /><testcase classname="tests.test_capability_nexus_v11" name="test_multiword_benign_prose_is_not_aggregated_as_an_opaque_tail[auth_access_control_policies]" time="0.001" /><testcase classname="tests.test_capability_nexus_v11" name="test_multiword_benign_prose_is_not_aggregated_as_an_opaque_tail[authorization interoperability standards]" time="0.001" /><testcase classname="tests.test_capability_nexus_v11" name="test_multiword_benign_prose_is_not_aggregated_as_an_opaque_tail[token characterization reference]" time="0.001" /><testcase classname="tests.test_capability_nexus_v11" name="test_multiword_benign_prose_is_not_aggregated_as_an_opaque_tail[access token interoperability policy]" time="0.001" /><testcase classname="tests.test_capability_nexus_v11" name="test_metadata_rejects_cyrillic_and_greek_secret_confusables[\u0430\u0440\u0456_\u043a\u0435\u0443=abcd1234]" time="0.001" /><testcase classname="tests.test_capability_nexus_v11" name="test_metadata_rejects_cyrillic_and_greek_secret_confusables[t\u043eken=abcd1234]" time="0.001" /><testcase classname="tests.test_capability_nexus_v11" name="test_metadata_rejects_cyrillic_and_greek_secret_confusables[\u0440\u0430ssword=abcd1234]" time="0.001" /><testcase classname="tests.test_capability_nexus_v11" name="test_metadata_rejects_cyrillic_and_greek_secret_confusables[s\u03b5cret=abcd1234]" time="0.001" /><testcase classname="tests.test_capability_nexus_v11" name="test_metadata_rejects_cyrillic_and_greek_secret_confusables[\u0430uth=abcd1234]" time="0.001" /><testcase classname="tests.test_capability_nexus_v11" name="test_metadata_rejects_cyrillic_and_greek_secret_confusables[c\u03bf\u03bfkie=abcd1234]" time="0.001" /><testcase classname="tests.test_capability_nexus_v11" name="test_metadata_rejects_cyrillic_and_greek_secret_confusables[\u0440rivate=abcd1234]" time="0.001" /><testcase classname="tests.test_capability_nexus_v11" name="test_metadata_rejects_cyrillic_and_greek_secret_confusables[\u0432earer=abcd1234]" time="0.001" /><testcase classname="tests.test_capability_nexus_v11" name="test_metadata_confusables_are_scanned_after_mixed_decoding_layers" time="0.001" /><testcase classname="tests.test_capability_nexus_v11" name="test_metadata_rejects_bidi_and_combining_tricks[token\u202e=abcd1234]" time="0.001" /><testcase classname="tests.test_capability_nexus_v11" name="test_metadata_rejects_bidi_and_combining_tricks[to\u0338ken=abcd1234]" time="0.001" /><testcase classname="tests.test_capability_nexus_v11" name="test_metadata_allows_benign_mixed_script_human_descriptions_with_colon[Status: opera\xe7\xe3o conclu\xedda em \u6771\u4eac]" time="0.001" /><testcase classname="tests.test_capability_nexus_v11" name="test_metadata_allows_benign_mixed_script_human_descriptions_with_colon[\u041e\u043f\u0438\u0441\u0430\u043d\u0438\u0435: deployment conclu\xeddo]" time="0.001" /><testcase classname="tests.test_capability_nexus_v11" name="test_metadata_allows_benign_mixed_script_human_descriptions_with_colon[\u0394\u03b5\u03b4\u03bf\u03bc\u03ad\u03bd\u03b1: relat\xf3rio final \u0433\u043e\u0442\u043e\u0432]" time="0.001" /><testcase classname="tests.test_capability_nexus_v11" name="test_metadata_rejects_confusable_secret_assignments_and_json_fragments[{&quot;t\u043eken&quot;:&quot;abcd1234&quot;}]" time="0.001" /><testcase classname="tests.test_capability_nexus_v11" name="test_metadata_rejects_confusable_secret_assignments_and_json_fragments[passw\u1d0frd:abcd1234]" time="0.001" /><testcase classname="tests.test_capability_nexus_v11" name="test_metadata_rejects_confusable_secret_assignments_and_json_fragments[\u0430uth=abcd1234]" time="0.001" /><testcase classname="tests.test_capability_nexus_v11" name="test_metadata_preserves_benign_unstructured_international_display[\u6771\u4eac\u30ab\u30bf\u30ed\u30b0]" time="0.001" /><testcase classname="tests.test_capability_nexus_v11" name="test_metadata_preserves_benign_unstructured_international_display[\u043a\u0430\u0442\u0430\u043b\u043e\u0433\u0434\u0430\u043d\u043d\u044b\u0445]" time="0.001" /><testcase classname="tests.test_capability_nexus_v11" name="test_metadata_preserves_benign_unstructured_international_display[\u0394\u03b5\u03b4\u03bf\u03bc\u03ad\u03bd\u03b1]" time="0.001" /><testcase classname="tests.test_capability_nexus_v11" name="test_schema_rejects_non_ascii_and_confusable_structured_field_keys[t\u1d0fken]" time="0.001" /><testcase classname="tests.test_capability_nexus_v11" name="test_schema_rejects_non_ascii_and_confusable_structured_field_keys[t\u0585ken]" time="0.000" /><testcase classname="tests.test_capability_nexus_v11" name="test_schema_rejects_non_ascii_and_confusable_structured_field_keys[passw\u1d0frd]" time="0.001" /><testcase classname="tests.test_capability_nexus_v11" name="test_schema_rejects_non_ascii_and_confusable_structured_field_keys[\u0430\u0440\u0456_\u043a\u0435\u0443]" time="0.000" /><testcase classname="tests.test_capability_nexus_v11" name="test_schema_rejects_raw_credentials_in_nested_defaults_examples_and_descriptions[ghp_AAAAAAAAAAAAAAAAAAAAAAAAAAAAAA]" time="0.001" /><testcase classname="tests.test_capability_nexus_v11" name="test_schema_rejects_raw_credentials_in_nested_defaults_examples_and_descriptions[AKIABBBBBBBBBBBBBBBB]" time="0.001" /><testcase classname="tests.test_capability_nexus_v11" name="test_schema_rejects_raw_credentials_in_nested_defaults_examples_and_descriptions[sk_test_CCCCCCCCCCCCCCCCCCCCCCCC]" time="0.001" /><testcase classname="tests.test_capability_nexus_v11" name="test_recursive_schema_cycle_depth_node_and_scalar_budgets_fail_closed" time="0.069" /><testcase classname="tests.test_capability_nexus_v11" name="test_benign_metadata_fixtures_remain_valid[data_source-constructor_allowlist]" time="0.001" /><testcase classname="tests.test_capability_nexus_v11" name="test_benign_metadata_fixtures_remain_valid[dispatch_path-legacy_unchanged]" time="0.001" /><testcase classname="tests.test_capability_nexus_v11" name="test_benign_metadata_fixtures_remain_valid[policy_source-trusted_host_mapping]" time="0.001" /><testcase classname="tests.test_capability_nexus_v11" name="test_benign_metadata_fixtures_remain_valid[fallback_class-explicit_browser_fallback]" time="0.001" /><testcase classname="tests.test_capability_nexus_v11" name="test_benign_metadata_fixtures_remain_valid[declaration_sha256-aaaaaaaaaaaaaaaaaaaaaaaaaaaaaaaaaaaaaaaaaaaaaaaaaaaaaaaaaaaaaaaa]" time="0.001" /><testcase classname="tests.test_capability_nexus_v11" name="test_benign_metadata_fixtures_remain_valid[data_source-healthy]" time="0.001" /><testcase classname="tests.test_capability_nexus_v11" name="test_benign_metadata_fixtures_remain_valid[data_source-local_catalog]" time="0.001" /><testcase classname="tests.test_capability_nexus_v11" name="test_metadata_rejects_malformed_ambiguous_and_residual_encodings" time="0.001" /><testcase classname="tests.test_capability_nexus_v11" name="test_metadata_rejects_depth_and_expansion_bombs" time="0.014" /><testcase classname="tests.test_capability_nexus_v11" name="test_metadata_cycle_detection_fails_closed" time="0.001" /><testcase classname="tests.test_capability_nexus_v11" name="test_metadata_accepts_only_declared_safe_keys_and_opaque_alias_not_value" time="0.001" /><testcase classname="tests.test_capability_nexus_v11" name="test_nested_schema_secret_canaries_are_rejected" time="0.000" /><testcase classname="tests.test_capability_nexus_v11" name="test_adapter_defaults_disabled_and_has_no_dispatch_or_mutation" time="0.001" /><testcase classname="tests.test_capability_nexus_v11" name="test_hook_runs_without_adapter_lock_and_can_reenter_health" time="0.002" /><testcase classname="tests.test_capability_nexus_v11" name="test_same_correlation_reentry_is_denied_before_second_hook_or_reservation" time="0.001" /><testcase classname="tests.test_capability_nexus_v11" name="test_new_correlation_and_indirect_hook_reentry_are_denied_without_quota_drift" time="0.001" /><testcase classname="tests.test_capability_nexus_v11" name="test_hook_exception_cleans_reentrancy_guard_for_later_correlation" time="0.001" /><testcase classname="tests.test_capability_nexus_v11" name="test_reentrancy_guard_rejects_hook_spawned_thread_before_reservation" time="0.001" /><testcase classname="tests.test_capability_nexus_v11" name="test_hook_guard_is_per_adapter_and_does_not_hold_lock_during_callback" time="0.001" /><testcase classname="tests.test_capability_nexus_v11" name="test_historical_leaf_budget_exact_boundary_and_overflow" time="0.001" /><testcase classname="tests.test_capability_nexus_v11" name="test_wide_historical_manifest_and_cycle_fail_before_expansion" time="0.001" /><testcase classname="tests.test_capability_nexus_v11" name="test_exact_4096_leaf_manifest_is_accepted" time="0.002" /><testcase classname="tests.test_capability_nexus_v11" name="test_historical_manifest_rejects_path_traversal_and_symlink" time="0.012" /><testcase classname="tests.test_capability_nexus_v11" name="test_concurrent_duplicate_is_pending_then_completed_and_hook_once" time="0.001" /><testcase classname="tests.test_capability_nexus_v11" name="test_validation_exception_releases_admission_claim" time="0.001" /><testcase classname="tests.test_capability_nexus_v11" name="test_same_correlation_payload_drift_denies_without_hook_or_quota" time="0.001" /><testcase classname="tests.test_capability_nexus_v11" name="test_hook_exception_becomes_uncertain_and_never_replays_or_leaks_exception" time="0.001" /><testcase classname="tests.test_capability_nexus_v11" name="test_cancelled_before_hook_rolls_back_quota_and_rate_and_never_calls_hook" time="0.001" /><testcase classname="tests.test_capability_nexus_v11" name="test_timeout_after_hook_is_uncertain_and_not_replayed" time="0.001" /><testcase classname="tests.test_capability_nexus_v11" name="test_kill_and_revoke_during_hook_latch_uncertain[kill-kill]" time="0.001" /><testcase classname="tests.test_capability_nexus_v11" name="test_kill_and_revoke_during_hook_latch_uncertain[revoke-revoked]" time="0.001" /><testcase classname="tests.test_capability_nexus_v11" name="test_pending_expiry_becomes_uncertain_and_late_hook_cannot_commit" time="0.001" /><testcase classname="tests.test_capability_nexus_v11" name="test_uncertain_expiry_keeps_no_replay_tombstone_and_frees_uncertain_capacity" time="0.001" /><testcase classname="tests.test_capability_nexus_v11" name="test_pending_and_uncertain_capacity_configuration_is_bounded" time="0.001" /><testcase classname="tests.test_capability_nexus_v11" name="test_ledger_capacity_is_bounded_and_does_not_evict_for_replay" time="0.001" /><testcase classname="tests.test_capability_nexus_v11" name="test_profile_bound_cursor_cannot_cross_adapter_profile" time="0.001" /><testcase classname="tests.test_capability_nexus_v11" name="test_cursor_snapshot_and_signature_tamper_fail_closed" time="0.001" /><testcase classname="tests.test_capability_nexus_v11" name="test_rate_limit_and_quota_are_reserved_once_and_truthful" time="0.001" /><testcase classname="tests.test_capability_nexus_v11" name="test_unavailable_auth_scope_disabled_degraded_and_unknown_reconcile" time="0.001" /><testcase classname="tests.test_capability_nexus_v11" name="test_legacy_builder_preserves_current_26_declarations_and_policies_without_import" time="0.090" /><testcase classname="tests.test_capability_nexus_v11" name="test_legacy_missing_policy_and_duplicate_declaration_fail_closed" time="0.065" /><testcase classname="tests.test_capability_nexus_v11" name="test_registry_concurrency_duplicate_kill_revoke_and_snapshot_are_safe" time="0.007" /><testcase classname="tests.test_capability_nexus_v11" name="test_no_live_runtime_source_references_v11" time="0.018" /></testsuite></testsuites>