<?xml version="1.0" encoding="utf-8"?><testsuites name="pytest tests"><testsuite name="pytest" errors="0" failures="0" skipped="0" tests="496" time="31.900" timestamp="2026-07-21T11:09:45.169167-04:00" hostname="Petruff"><testcase classname="tests.test_approval_inbox_v1" name="test_flag_is_strict_and_disabled_mode_never_calls_source" time="0.002" /><testcase classname="tests.test_approval_inbox_v1" name="test_trusted_source_and_items_cannot_be_caller_constructed" time="0.001" /><testcase classname="tests.test_approval_inbox_v1" name="test_model_style_authority_fields_and_raw_payload_are_rejected" time="0.001" /><testcase classname="tests.test_approval_inbox_v1" name="test_secret_like_material_is_rejected_from_every_recoverable_display_field[workspace_display]" time="0.001" /><testcase classname="tests.test_approval_inbox_v1" name="test_secret_like_material_is_rejected_from_every_recoverable_display_field[account_display]" time="0.001" /><testcase classname="tests.test_approval_inbox_v1" name="test_secret_like_material_is_rejected_from_every_recoverable_display_field[mission_display]" time="0.001" /><testcase classname="tests.test_approval_inbox_v1" name="test_secret_like_material_is_rejected_from_every_recoverable_display_field[reason]" time="0.001" /><testcase classname="tests.test_approval_inbox_v1" name="test_secret_like_material_is_rejected_from_every_recoverable_display_field[action]" time="0.001" /><testcase classname="tests.test_approval_inbox_v1" name="test_secret_like_material_is_rejected_from_every_recoverable_display_field[target_display]" time="0.001" /><testcase classname="tests.test_approval_inbox_v1" name="test_secret_like_material_is_rejected_from_every_recoverable_display_field[payload_summary]" time="0.001" /><testcase classname="tests.test_approval_inbox_v1" name="test_secret_like_material_is_rejected_from_every_recoverable_display_field[effect_summary]" time="0.001" /><testcase classname="tests.test_approval_inbox_v1" name="test_secret_like_material_is_rejected_from_every_recoverable_display_field[idempotency_summary]" time="0.001" /><testcase classname="tests.test_approval_inbox_v1" name="test_secret_like_material_is_rejected_from_every_recoverable_display_field[verification_plan]" time="0.001" /><testcase classname="tests.test_approval_inbox_v1" name="test_secret_like_material_is_rejected_from_every_recoverable_display_field[rollback_plan]" time="0.001" /><testcase classname="tests.test_approval_inbox_v1" name="test_secret_like_or_pathish_identifiers_are_rejected[item_id]" time="0.001" /><testcase classname="tests.test_approval_inbox_v1" name="test_secret_like_or_pathish_identifiers_are_rejected[workspace_id]" time="0.001" /><testcase classname="tests.test_approval_inbox_v1" name="test_secret_like_or_pathish_identifiers_are_rejected[mission_id]" time="0.001" /><testcase classname="tests.test_approval_inbox_v1" name="test_workspace_pattern_exactly_matches_authoritative_registry_shape" time="0.002" /><testcase classname="tests.test_approval_inbox_v1" name="test_page_exposes_every_required_safe_review_field_and_no_raw_fields" time="0.001" /><testcase classname="tests.test_approval_inbox_v1" name="test_snapshot_digest_is_deterministic_and_input_order_independent" time="0.002" /><testcase classname="tests.test_approval_inbox_v1" name="test_stable_sorting_and_exact_filters" time="0.002" /><testcase classname="tests.test_approval_inbox_v1" name="test_pagination_is_exact_set_without_duplicates_or_omissions" time="0.023" /><testcase classname="tests.test_approval_inbox_v1" name="test_tampered_cursor_and_stale_cursor_fail_before_source_callback" time="0.001" /><testcase classname="tests.test_approval_inbox_v1" name="test_source_drift_invalidates_cursor_without_mixing_pages" time="0.002" /><testcase classname="tests.test_approval_inbox_v1" name="test_same_epoch_content_or_time_drift_is_rejected" time="0.002" /><testcase classname="tests.test_approval_inbox_v1" name="test_expiry_and_epoch_rollback_fail_closed" time="0.002" /><testcase classname="tests.test_approval_inbox_v1" name="test_unhealthy_host_state_fails_closed[audit_healthy-False-audit]" time="0.001" /><testcase classname="tests.test_approval_inbox_v1" name="test_unhealthy_host_state_fails_closed[session_active-False-inactive]" time="0.001" /><testcase classname="tests.test_approval_inbox_v1" name="test_unhealthy_host_state_fails_closed[kill_switch-True-kill]" time="0.001" /><testcase classname="tests.test_approval_inbox_v1" name="test_unknown_schema_fields_types_and_duplicate_authority_records_fail_closed" time="0.001" /><testcase classname="tests.test_approval_inbox_v1" name="test_source_principal_or_session_drift_fails_closed" time="0.001" /><testcase classname="tests.test_approval_inbox_v1" name="test_calm_batch_is_canonical_read_only_and_reorder_invariant" time="0.003" /><testcase classname="tests.test_approval_inbox_v1" name="test_batch_add_remove_and_substitute_change_manifest_digest" time="0.005" /><testcase classname="tests.test_approval_inbox_v1" name="test_high_always_explicit_and_ineligible_items_cannot_enter_batch[high-False-False]" time="0.003" /><testcase classname="tests.test_approval_inbox_v1" name="test_high_always_explicit_and_ineligible_items_cannot_enter_batch[critical-True-False]" time="0.002" /><testcase classname="tests.test_approval_inbox_v1" name="test_high_always_explicit_and_ineligible_items_cannot_enter_batch[medium-True-False]" time="0.002" /><testcase classname="tests.test_approval_inbox_v1" name="test_high_always_explicit_and_ineligible_items_cannot_enter_batch[low-False-False]" time="0.001" /><testcase classname="tests.test_approval_inbox_v1" name="test_host_cannot_mark_high_or_always_explicit_item_batch_eligible" time="0.001" /><testcase classname="tests.test_approval_inbox_v1" name="test_batch_requires_finite_exact_ids_and_forbids_wildcards_categories" time="0.002" /><testcase classname="tests.test_approval_inbox_v1" name="test_batch_selection_is_bound_to_item_digest_idempotency_and_snapshot" time="0.001" /><testcase classname="tests.test_approval_inbox_v1" name="test_batch_token_rejects_source_drift_and_disabled_mode_calls_no_source" time="0.002" /><testcase classname="tests.test_approval_inbox_v1" name="test_all_host_callbacks_run_outside_internal_lock" time="0.004" /><testcase classname="tests.test_approval_inbox_v1" name="test_concurrent_continuations_never_mix_drifted_source_pages" time="0.003" /><testcase classname="tests.test_approval_inbox_v1" name="test_collection_page_batch_snapshot_and_string_limits" time="0.008" /><testcase classname="tests.test_approval_inbox_v1" name="test_no_mutation_authority_or_grant_import_surface" time="0.001" /><testcase classname="tests.test_approval_inbox_v1" name="test_no_startup_dashboard_provider_or_runtime_wiring" time="0.005" /><testcase classname="tests.test_approval_inbox_v1" name="test_restart_is_empty_and_old_tokens_cannot_be_restored" time="0.001" /><testcase classname="tests.test_approval_inbox_v1" name="test_r11_accepted_anchor_and_frozen_roots_remain_exact" time="0.002" /><testcase classname="tests.test_approval_inbox_v2" name="test_strict_default_off_has_no_clock_or_source_callback" time="0.000" /><testcase classname="tests.test_approval_inbox_v2" name="test_explicit_host_composition_is_pinned_but_not_claimed_as_same_process_secrecy" time="0.001" /><testcase classname="tests.test_approval_inbox_v2" name="test_read_apis_accept_no_source_items_or_authority_fields" time="0.001" /><testcase classname="tests.test_approval_inbox_v2" name="test_exact_source_output_types_only_no_subclass_or_custom_mapping" time="0.001" /><testcase classname="tests.test_approval_inbox_v2" name="test_bounds_are_checked_before_any_item_traversal_or_copy_hook" time="0.001" /><testcase classname="tests.test_approval_inbox_v2" name="test_raw_callback_exception_is_not_chained_or_recoverable" time="0.001" /><testcase classname="tests.test_approval_inbox_v2" name="test_every_recoverable_display_field_rejects_secrets[workspace_display]" time="0.001" /><testcase classname="tests.test_approval_inbox_v2" name="test_every_recoverable_display_field_rejects_secrets[account_display]" time="0.001" /><testcase classname="tests.test_approval_inbox_v2" name="test_every_recoverable_display_field_rejects_secrets[mission_display]" time="0.001" /><testcase classname="tests.test_approval_inbox_v2" name="test_every_recoverable_display_field_rejects_secrets[reason]" time="0.001" /><testcase classname="tests.test_approval_inbox_v2" name="test_every_recoverable_display_field_rejects_secrets[action]" time="0.001" /><testcase classname="tests.test_approval_inbox_v2" name="test_every_recoverable_display_field_rejects_secrets[target_display]" time="0.001" /><testcase classname="tests.test_approval_inbox_v2" name="test_every_recoverable_display_field_rejects_secrets[payload_summary]" time="0.001" /><testcase classname="tests.test_approval_inbox_v2" name="test_every_recoverable_display_field_rejects_secrets[effect_summary]" time="0.001" /><testcase classname="tests.test_approval_inbox_v2" name="test_every_recoverable_display_field_rejects_secrets[idempotency_summary]" time="0.001" /><testcase classname="tests.test_approval_inbox_v2" name="test_every_recoverable_display_field_rejects_secrets[verification_plan]" time="0.001" /><testcase classname="tests.test_approval_inbox_v2" name="test_every_recoverable_display_field_rejects_secrets[rollback_plan]" time="0.001" /><testcase classname="tests.test_approval_inbox_v2" name="test_complete_review_fields_are_immutable_non_authority_and_digest_internal" time="0.001" /><testcase classname="tests.test_approval_inbox_v2" name="test_source_timestamps_are_metadata_not_token_validity" time="0.002" /><testcase classname="tests.test_approval_inbox_v2" name="test_projection_owned_deadline_expires_without_source_callback_and_never_resurrects" time="0.002" /><testcase classname="tests.test_approval_inbox_v2" name="test_monotonic_clock_rollback_latches_and_cannot_resurrect" time="0.002" /><testcase classname="tests.test_approval_inbox_v2" name="test_same_source_epoch_content_drift_and_epoch_rollback_fail_closed" time="0.003" /><testcase classname="tests.test_approval_inbox_v2" name="test_query_sort_page_size_and_allowed_ids_are_bound_into_view_and_token" time="0.001" /><testcase classname="tests.test_approval_inbox_v2" name="test_batch_cannot_select_hidden_workspace_or_filtered_item" time="0.003" /><testcase classname="tests.test_approval_inbox_v2" name="test_pagination_is_stable_exact_set_without_duplicate_or_omission" time="0.020" /><testcase classname="tests.test_approval_inbox_v2" name="test_source_drift_cannot_mix_pages" time="0.002" /><testcase classname="tests.test_approval_inbox_v2" name="test_calm_batch_canonical_reorder_add_remove_substitute_and_non_authority" time="0.006" /><testcase classname="tests.test_approval_inbox_v2" name="test_high_critical_always_explicit_or_ineligible_never_enters_batch[high-False-False]" time="0.001" /><testcase classname="tests.test_approval_inbox_v2" name="test_high_critical_always_explicit_or_ineligible_never_enters_batch[critical-True-False]" time="0.002" /><testcase classname="tests.test_approval_inbox_v2" name="test_high_critical_always_explicit_or_ineligible_never_enters_batch[medium-True-False]" time="0.002" /><testcase classname="tests.test_approval_inbox_v2" name="test_high_critical_always_explicit_or_ineligible_never_enters_batch[low-False-False]" time="0.002" /><testcase classname="tests.test_approval_inbox_v2" name="test_host_cannot_mislabel_high_or_always_explicit_as_batch_eligible" time="0.001" /><testcase classname="tests.test_approval_inbox_v2" name="test_batch_forbids_wildcards_categories_duplicates_and_unbounded_sequences" time="0.002" /><testcase classname="tests.test_approval_inbox_v2" name="test_outer_token_validation_occurs_before_hmac_and_normalizes_all_malformed_inputs" time="0.001" /><testcase classname="tests.test_approval_inbox_v2" name="test_encode_rejects_incomplete_or_noncanonical_payload_before_hmac" time="0.001" /><testcase classname="tests.test_approval_inbox_v2" name="test_valid_hmac_with_malformed_payload_normalizes_to_stale" time="0.001" /><testcase classname="tests.test_approval_inbox_v2" name="test_tampered_token_and_restart_old_token_fail_before_source_callback" time="0.001" /><testcase classname="tests.test_approval_inbox_v2" name="test_source_concurrency_is_capped_at_one_and_excess_fails_closed" time="0.002" /><testcase classname="tests.test_approval_inbox_v2" name="test_source_callbacks_never_run_under_projection_lock" time="0.004" /><testcase classname="tests.test_approval_inbox_v2" name="test_result_constructors_reject_forged_or_contradictory_inputs" time="0.002" /><testcase classname="tests.test_approval_inbox_v2" name="test_unknown_identity_safety_and_schema_state_fail_closed[schema_version-99]" time="0.001" /><testcase classname="tests.test_approval_inbox_v2" name="test_unknown_identity_safety_and_schema_state_fail_closed[source_epoch-0]" time="0.001" /><testcase classname="tests.test_approval_inbox_v2" name="test_unknown_identity_safety_and_schema_state_fail_closed[principal_id-attacker-session]" time="0.001" /><testcase classname="tests.test_approval_inbox_v2" name="test_unknown_identity_safety_and_schema_state_fail_closed[session_id-attacker-session]" time="0.001" /><testcase classname="tests.test_approval_inbox_v2" name="test_unknown_identity_safety_and_schema_state_fail_closed[audit_healthy-False]" time="0.001" /><testcase classname="tests.test_approval_inbox_v2" name="test_unknown_identity_safety_and_schema_state_fail_closed[session_active-False]" time="0.001" /><testcase classname="tests.test_approval_inbox_v2" name="test_unknown_identity_safety_and_schema_state_fail_closed[kill_switch-True]" time="0.001" /><testcase classname="tests.test_approval_inbox_v2" name="test_limits_and_bounded_snapshot_view_caches" time="0.004" /><testcase classname="tests.test_approval_inbox_v2" name="test_no_mutation_grant_import_persistence_or_live_wiring" time="0.005" /><testcase classname="tests.test_approval_inbox_v2" name="test_v1_and_r11_frozen_anchor_bytes_remain_exact" time="0.003" /><testcase classname="tests.test_approval_inbox_v2" name="test_r11_transitive_tamper_fixture_rejects_v10_before_recursive_execution" time="1.097" /><testcase classname="tests.test_approval_inbox_v3" name="test_strict_default_off_has_no_clock_or_source_callback" time="0.001" /><testcase classname="tests.test_approval_inbox_v3" name="test_explicit_host_composition_is_pinned_but_not_claimed_as_same_process_secrecy" time="0.001" /><testcase classname="tests.test_approval_inbox_v3" name="test_read_apis_accept_no_source_items_or_authority_fields" time="0.001" /><testcase classname="tests.test_approval_inbox_v3" name="test_exact_source_output_types_only_no_subclass_or_custom_mapping" time="0.001" /><testcase classname="tests.test_approval_inbox_v3" name="test_bounds_are_checked_before_any_item_traversal_or_copy_hook" time="0.001" /><testcase classname="tests.test_approval_inbox_v3" name="test_raw_callback_exception_is_not_chained_or_recoverable" time="0.000" /><testcase classname="tests.test_approval_inbox_v3" name="test_every_recoverable_display_field_rejects_secrets[workspace_display]" time="0.001" /><testcase classname="tests.test_approval_inbox_v3" name="test_every_recoverable_display_field_rejects_secrets[account_display]" time="0.001" /><testcase classname="tests.test_approval_inbox_v3" name="test_every_recoverable_display_field_rejects_secrets[mission_display]" time="0.001" /><testcase classname="tests.test_approval_inbox_v3" name="test_every_recoverable_display_field_rejects_secrets[reason]" time="0.001" /><testcase classname="tests.test_approval_inbox_v3" name="test_every_recoverable_display_field_rejects_secrets[action]" time="0.001" /><testcase classname="tests.test_approval_inbox_v3" name="test_every_recoverable_display_field_rejects_secrets[target_display]" time="0.001" /><testcase classname="tests.test_approval_inbox_v3" name="test_every_recoverable_display_field_rejects_secrets[payload_summary]" time="0.001" /><testcase classname="tests.test_approval_inbox_v3" name="test_every_recoverable_display_field_rejects_secrets[effect_summary]" time="0.001" /><testcase classname="tests.test_approval_inbox_v3" name="test_every_recoverable_display_field_rejects_secrets[idempotency_summary]" time="0.001" /><testcase classname="tests.test_approval_inbox_v3" name="test_every_recoverable_display_field_rejects_secrets[verification_plan]" time="0.001" /><testcase classname="tests.test_approval_inbox_v3" name="test_every_recoverable_display_field_rejects_secrets[rollback_plan]" time="0.001" /><testcase classname="tests.test_approval_inbox_v3" name="test_complete_review_fields_are_immutable_non_authority_and_digest_internal" time="0.001" /><testcase classname="tests.test_approval_inbox_v3" name="test_source_timestamps_are_metadata_not_token_validity" time="0.002" /><testcase classname="tests.test_approval_inbox_v3" name="test_projection_owned_deadline_expires_without_source_callback_and_never_resurrects" time="0.002" /><testcase classname="tests.test_approval_inbox_v3" name="test_monotonic_clock_rollback_latches_and_cannot_resurrect" time="0.002" /><testcase classname="tests.test_approval_inbox_v3" name="test_same_epoch_equivocation_latches_and_restore_never_resurrects" time="0.002" /><testcase classname="tests.test_approval_inbox_v3" name="test_epoch_rollback_latches_and_restore_never_resurrects" time="0.001" /><testcase classname="tests.test_approval_inbox_v3" name="test_integrity_latch_is_nonresurrecting_across_concurrent_callers" time="0.002" /><testcase classname="tests.test_approval_inbox_v3" name="test_query_sort_page_size_and_allowed_ids_are_bound_into_view_and_token" time="0.001" /><testcase classname="tests.test_approval_inbox_v3" name="test_batch_cannot_select_hidden_workspace_or_filtered_item" time="0.003" /><testcase classname="tests.test_approval_inbox_v3" name="test_pagination_is_stable_exact_set_without_duplicate_or_omission" time="0.015" /><testcase classname="tests.test_approval_inbox_v3" name="test_source_drift_cannot_mix_pages" time="0.002" /><testcase classname="tests.test_approval_inbox_v3" name="test_calm_batch_canonical_reorder_add_remove_substitute_and_non_authority" time="0.005" /><testcase classname="tests.test_approval_inbox_v3" name="test_high_critical_always_explicit_or_ineligible_never_enters_batch[high-False-False]" time="0.001" /><testcase classname="tests.test_approval_inbox_v3" name="test_high_critical_always_explicit_or_ineligible_never_enters_batch[critical-True-False]" time="0.002" /><testcase classname="tests.test_approval_inbox_v3" name="test_high_critical_always_explicit_or_ineligible_never_enters_batch[medium-True-False]" time="0.001" /><testcase classname="tests.test_approval_inbox_v3" name="test_high_critical_always_explicit_or_ineligible_never_enters_batch[low-False-False]" time="0.001" /><testcase classname="tests.test_approval_inbox_v3" name="test_host_cannot_mislabel_high_or_always_explicit_as_batch_eligible" time="0.001" /><testcase classname="tests.test_approval_inbox_v3" name="test_batch_forbids_wildcards_categories_duplicates_and_unbounded_sequences" time="0.002" /><testcase classname="tests.test_approval_inbox_v3" name="test_outer_token_validation_occurs_before_hmac_and_normalizes_all_malformed_inputs" time="0.001" /><testcase classname="tests.test_approval_inbox_v3" name="test_encode_rejects_incomplete_or_noncanonical_payload_before_hmac" time="0.001" /><testcase classname="tests.test_approval_inbox_v3" name="test_valid_hmac_with_malformed_payload_normalizes_to_stale" time="0.001" /><testcase classname="tests.test_approval_inbox_v3" name="test_tampered_token_and_restart_old_token_fail_before_source_callback" time="0.001" /><testcase classname="tests.test_approval_inbox_v3" name="test_source_concurrency_is_capped_at_one_and_excess_fails_closed" time="0.001" /><testcase classname="tests.test_approval_inbox_v3" name="test_source_callbacks_never_run_under_projection_lock" time="0.003" /><testcase classname="tests.test_approval_inbox_v3" name="test_result_constructors_reject_forged_or_contradictory_inputs" time="0.001" /><testcase classname="tests.test_approval_inbox_v3" name="test_unknown_identity_safety_and_schema_state_fail_closed[schema_version-99]" time="0.001" /><testcase classname="tests.test_approval_inbox_v3" name="test_unknown_identity_safety_and_schema_state_fail_closed[source_epoch-0]" time="0.001" /><testcase classname="tests.test_approval_inbox_v3" name="test_unknown_identity_safety_and_schema_state_fail_closed[principal_id-attacker-session]" time="0.001" /><testcase classname="tests.test_approval_inbox_v3" name="test_unknown_identity_safety_and_schema_state_fail_closed[session_id-attacker-session]" time="0.001" /><testcase classname="tests.test_approval_inbox_v3" name="test_unknown_identity_safety_and_schema_state_fail_closed[audit_healthy-False]" time="0.001" /><testcase classname="tests.test_approval_inbox_v3" name="test_unknown_identity_safety_and_schema_state_fail_closed[session_active-False]" time="0.001" /><testcase classname="tests.test_approval_inbox_v3" name="test_unknown_identity_safety_and_schema_state_fail_closed[kill_switch-True]" time="0.001" /><testcase classname="tests.test_approval_inbox_v3" name="test_limits_and_bounded_snapshot_view_caches" time="0.005" /><testcase classname="tests.test_approval_inbox_v3" name="test_no_mutation_grant_import_persistence_or_live_wiring" time="0.004" /><testcase classname="tests.test_approval_inbox_v3" name="test_v1_v2_and_r11_frozen_anchor_bytes_remain_exact" time="0.004" /><testcase classname="tests.test_approval_inbox_v3" name="test_r11_transitive_tamper_fixture_rejects_v10_before_recursive_execution" time="0.996" /><testcase classname="tests.test_approval_inbox_v3" name="test_regenerated_hashes_cannot_bypass_semantic_metadata[limits]" time="0.563" /><testcase classname="tests.test_approval_inbox_v3" name="test_regenerated_hashes_cannot_bypass_semantic_metadata[base_commit]" time="0.359" /><testcase classname="tests.test_approval_inbox_v3" name="test_regenerated_hashes_cannot_bypass_semantic_metadata[environment]" time="0.508" /><testcase classname="tests.test_approval_inbox_v3" name="test_regenerated_hashes_cannot_bypass_semantic_metadata[timestamp]" time="0.552" /><testcase classname="tests.test_approval_inbox_v4" name="test_strict_default_off_has_no_clock_or_source_callback" time="0.001" /><testcase classname="tests.test_approval_inbox_v4" name="test_explicit_host_composition_is_pinned_but_not_claimed_as_same_process_secrecy" time="0.002" /><testcase classname="tests.test_approval_inbox_v4" name="test_read_apis_accept_no_source_items_or_authority_fields" time="0.001" /><testcase classname="tests.test_approval_inbox_v4" name="test_exact_source_output_types_only_no_subclass_or_custom_mapping" time="0.001" /><testcase classname="tests.test_approval_inbox_v4" name="test_bounds_are_checked_before_any_item_traversal_or_copy_hook" time="0.001" /><testcase classname="tests.test_approval_inbox_v4" name="test_raw_callback_exception_is_not_chained_or_recoverable" time="0.001" /><testcase classname="tests.test_approval_inbox_v4" name="test_every_recoverable_display_field_rejects_secrets[workspace_display]" time="0.001" /><testcase classname="tests.test_approval_inbox_v4" name="test_every_recoverable_display_field_rejects_secrets[account_display]" time="0.001" /><testcase classname="tests.test_approval_inbox_v4" name="test_every_recoverable_display_field_rejects_secrets[mission_display]" time="0.001" /><testcase classname="tests.test_approval_inbox_v4" name="test_every_recoverable_display_field_rejects_secrets[reason]" time="0.001" /><testcase classname="tests.test_approval_inbox_v4" name="test_every_recoverable_display_field_rejects_secrets[action]" time="0.001" /><testcase classname="tests.test_approval_inbox_v4" name="test_every_recoverable_display_field_rejects_secrets[target_display]" time="0.001" /><testcase classname="tests.test_approval_inbox_v4" name="test_every_recoverable_display_field_rejects_secrets[payload_summary]" time="0.001" /><testcase classname="tests.test_approval_inbox_v4" name="test_every_recoverable_display_field_rejects_secrets[effect_summary]" time="0.001" /><testcase classname="tests.test_approval_inbox_v4" name="test_every_recoverable_display_field_rejects_secrets[idempotency_summary]" time="0.001" /><testcase classname="tests.test_approval_inbox_v4" name="test_every_recoverable_display_field_rejects_secrets[verification_plan]" time="0.001" /><testcase classname="tests.test_approval_inbox_v4" name="test_every_recoverable_display_field_rejects_secrets[rollback_plan]" time="0.001" /><testcase classname="tests.test_approval_inbox_v4" name="test_complete_review_fields_are_immutable_non_authority_and_digest_internal" time="0.001" /><testcase classname="tests.test_approval_inbox_v4" name="test_source_timestamps_are_metadata_not_token_validity" time="0.003" /><testcase classname="tests.test_approval_inbox_v4" name="test_refreshed_source_timestamp_metadata_same_epoch_does_not_latch" time="0.003" /><testcase classname="tests.test_approval_inbox_v4" name="test_projection_owned_deadline_expires_without_source_callback_and_never_resurrects" time="0.003" /><testcase classname="tests.test_approval_inbox_v4" name="test_monotonic_clock_rollback_latches_and_cannot_resurrect" time="0.003" /><testcase classname="tests.test_approval_inbox_v4" name="test_same_epoch_equivocation_latches_and_restore_never_resurrects" time="0.003" /><testcase classname="tests.test_approval_inbox_v4" name="test_epoch_rollback_latches_and_restore_never_resurrects" time="0.001" /><testcase classname="tests.test_approval_inbox_v4" name="test_integrity_latch_is_nonresurrecting_across_concurrent_callers" time="0.002" /><testcase classname="tests.test_approval_inbox_v4" name="test_query_sort_page_size_and_allowed_ids_are_bound_into_view_and_token" time="0.003" /><testcase classname="tests.test_approval_inbox_v4" name="test_batch_cannot_select_hidden_workspace_or_filtered_item" time="0.004" /><testcase classname="tests.test_approval_inbox_v4" name="test_pagination_is_stable_exact_set_without_duplicate_or_omission" time="0.022" /><testcase classname="tests.test_approval_inbox_v4" name="test_source_drift_cannot_mix_pages" time="0.002" /><testcase classname="tests.test_approval_inbox_v4" name="test_calm_batch_canonical_reorder_add_remove_substitute_and_non_authority" time="0.013" /><testcase classname="tests.test_approval_inbox_v4" name="test_page_size_one_requires_second_item_to_be_returned_before_batch" time="0.005" /><testcase classname="tests.test_approval_inbox_v4" name="test_review_token_substitution_cross_view_and_restart_replay_fail_closed" time="0.004" /><testcase classname="tests.test_approval_inbox_v4" name="test_batch_preview_contains_complete_human_review_fields" time="0.003" /><testcase classname="tests.test_approval_inbox_v4" name="test_high_critical_always_explicit_or_ineligible_never_enters_batch[high-False-False]" time="0.002" /><testcase classname="tests.test_approval_inbox_v4" name="test_high_critical_always_explicit_or_ineligible_never_enters_batch[critical-True-False]" time="0.003" /><testcase classname="tests.test_approval_inbox_v4" name="test_high_critical_always_explicit_or_ineligible_never_enters_batch[medium-True-False]" time="0.003" /><testcase classname="tests.test_approval_inbox_v4" name="test_high_critical_always_explicit_or_ineligible_never_enters_batch[low-False-False]" time="0.003" /><testcase classname="tests.test_approval_inbox_v4" name="test_host_cannot_mislabel_high_or_always_explicit_as_batch_eligible" time="0.001" /><testcase classname="tests.test_approval_inbox_v4" name="test_batch_forbids_wildcards_categories_duplicates_and_unbounded_sequences" time="0.002" /><testcase classname="tests.test_approval_inbox_v4" name="test_outer_token_validation_occurs_before_hmac_and_normalizes_all_malformed_inputs" time="0.001" /><testcase classname="tests.test_approval_inbox_v4" name="test_encode_rejects_incomplete_or_noncanonical_payload_before_hmac" time="0.001" /><testcase classname="tests.test_approval_inbox_v4" name="test_valid_hmac_with_malformed_payload_normalizes_to_stale" time="0.001" /><testcase classname="tests.test_approval_inbox_v4" name="test_tampered_token_and_restart_old_token_fail_before_source_callback" time="0.002" /><testcase classname="tests.test_approval_inbox_v4" name="test_source_concurrency_is_capped_at_one_and_excess_fails_closed" time="0.002" /><testcase classname="tests.test_approval_inbox_v4" name="test_source_callbacks_never_run_under_projection_lock" time="0.005" /><testcase classname="tests.test_approval_inbox_v4" name="test_result_constructors_reject_forged_or_contradictory_inputs" time="0.002" /><testcase classname="tests.test_approval_inbox_v4" name="test_unknown_identity_safety_and_schema_state_fail_closed[schema_version-99]" time="0.001" /><testcase classname="tests.test_approval_inbox_v4" name="test_unknown_identity_safety_and_schema_state_fail_closed[source_epoch-0]" time="0.001" /><testcase classname="tests.test_approval_inbox_v4" name="test_unknown_identity_safety_and_schema_state_fail_closed[principal_id-attacker-session]" time="0.001" /><testcase classname="tests.test_approval_inbox_v4" name="test_unknown_identity_safety_and_schema_state_fail_closed[session_id-attacker-session]" time="0.001" /><testcase classname="tests.test_approval_inbox_v4" name="test_unknown_identity_safety_and_schema_state_fail_closed[audit_healthy-False]" time="0.001" /><testcase classname="tests.test_approval_inbox_v4" name="test_unknown_identity_safety_and_schema_state_fail_closed[session_active-False]" time="0.001" /><testcase classname="tests.test_approval_inbox_v4" name="test_unknown_identity_safety_and_schema_state_fail_closed[kill_switch-True]" time="0.001" /><testcase classname="tests.test_approval_inbox_v4" name="test_limits_and_bounded_snapshot_view_caches" time="0.006" /><testcase classname="tests.test_approval_inbox_v4" name="test_no_mutation_grant_import_persistence_or_live_wiring" time="0.005" /><testcase classname="tests.test_approval_inbox_v4" name="test_v1_v2_v3_and_r11_frozen_anchor_bytes_remain_exact" time="0.007" /><testcase classname="tests.test_approval_inbox_v4" name="test_r11_transitive_tamper_fixture_rejects_v10_before_recursive_execution" time="0.879" /><testcase classname="tests.test_approval_inbox_v4" name="test_v2_transitive_tamper_fixture_rejects_core_v2" time="0.464" /><testcase classname="tests.test_approval_inbox_v4" name="test_future_approval_successor_import_indirection_is_rejected" time="0.028" /><testcase classname="tests.test_approval_inbox_v4" name="test_regenerated_hashes_cannot_bypass_semantic_metadata[limits]" time="0.253" /><testcase classname="tests.test_approval_inbox_v4" name="test_regenerated_hashes_cannot_bypass_semantic_metadata[base_commit]" time="0.342" /><testcase classname="tests.test_approval_inbox_v4" name="test_regenerated_hashes_cannot_bypass_semantic_metadata[environment]" time="0.443" /><testcase classname="tests.test_approval_inbox_v4" name="test_regenerated_hashes_cannot_bypass_semantic_metadata[timestamp]" time="0.455" /><testcase classname="tests.test_approval_inbox_v5" name="test_strict_default_off_has_no_clock_or_source_callback" time="0.000" /><testcase classname="tests.test_approval_inbox_v5" name="test_explicit_host_composition_is_pinned_but_not_claimed_as_same_process_secrecy" time="0.001" /><testcase classname="tests.test_approval_inbox_v5" name="test_read_apis_accept_no_source_items_or_authority_fields" time="0.001" /><testcase classname="tests.test_approval_inbox_v5" name="test_exact_source_output_types_only_no_subclass_or_custom_mapping" time="0.001" /><testcase classname="tests.test_approval_inbox_v5" name="test_bounds_are_checked_before_any_item_traversal_or_copy_hook" time="0.001" /><testcase classname="tests.test_approval_inbox_v5" name="test_raw_callback_exception_is_not_chained_or_recoverable" time="0.000" /><testcase classname="tests.test_approval_inbox_v5" name="test_every_recoverable_display_field_rejects_secrets[workspace_display]" time="0.001" /><testcase classname="tests.test_approval_inbox_v5" name="test_every_recoverable_display_field_rejects_secrets[account_display]" time="0.001" /><testcase classname="tests.test_approval_inbox_v5" name="test_every_recoverable_display_field_rejects_secrets[mission_display]" time="0.001" /><testcase classname="tests.test_approval_inbox_v5" name="test_every_recoverable_display_field_rejects_secrets[reason]" time="0.000" /><testcase classname="tests.test_approval_inbox_v5" name="test_every_recoverable_display_field_rejects_secrets[action]" time="0.001" /><testcase classname="tests.test_approval_inbox_v5" name="test_every_recoverable_display_field_rejects_secrets[target_display]" time="0.001" /><testcase classname="tests.test_approval_inbox_v5" name="test_every_recoverable_display_field_rejects_secrets[payload_summary]" time="0.001" /><testcase classname="tests.test_approval_inbox_v5" name="test_every_recoverable_display_field_rejects_secrets[effect_summary]" time="0.001" /><testcase classname="tests.test_approval_inbox_v5" name="test_every_recoverable_display_field_rejects_secrets[idempotency_summary]" time="0.001" /><testcase classname="tests.test_approval_inbox_v5" name="test_every_recoverable_display_field_rejects_secrets[verification_plan]" time="0.001" /><testcase classname="tests.test_approval_inbox_v5" name="test_every_recoverable_display_field_rejects_secrets[rollback_plan]" time="0.001" /><testcase classname="tests.test_approval_inbox_v5" name="test_complete_review_fields_are_immutable_non_authority_and_digest_internal" time="0.001" /><testcase classname="tests.test_approval_inbox_v5" name="test_source_timestamps_are_metadata_not_token_validity" time="0.002" /><testcase classname="tests.test_approval_inbox_v5" name="test_refreshed_source_timestamp_metadata_same_epoch_does_not_latch" time="0.002" /><testcase classname="tests.test_approval_inbox_v5" name="test_projection_owned_deadline_expires_without_source_callback_and_never_resurrects" time="0.002" /><testcase classname="tests.test_approval_inbox_v5" name="test_monotonic_clock_rollback_latches_and_cannot_resurrect" time="0.002" /><testcase classname="tests.test_approval_inbox_v5" name="test_same_epoch_equivocation_latches_and_restore_never_resurrects" time="0.002" /><testcase classname="tests.test_approval_inbox_v5" name="test_epoch_rollback_latches_and_restore_never_resurrects" time="0.001" /><testcase classname="tests.test_approval_inbox_v5" name="test_integrity_latch_is_nonresurrecting_across_concurrent_callers" time="0.002" /><testcase classname="tests.test_approval_inbox_v5" name="test_query_sort_page_size_and_allowed_ids_are_bound_into_view_and_token" time="0.001" /><testcase classname="tests.test_approval_inbox_v5" name="test_batch_cannot_select_hidden_workspace_or_filtered_item" time="0.002" /><testcase classname="tests.test_approval_inbox_v5" name="test_pagination_is_stable_exact_set_without_duplicate_or_omission" time="0.016" /><testcase classname="tests.test_approval_inbox_v5" name="test_source_drift_cannot_mix_pages" time="0.002" /><testcase classname="tests.test_approval_inbox_v5" name="test_calm_batch_canonical_reorder_add_remove_substitute_and_non_authority" time="0.006" /><testcase classname="tests.test_approval_inbox_v5" name="test_page_size_one_requires_second_item_to_be_returned_before_batch" time="0.003" /><testcase classname="tests.test_approval_inbox_v5" name="test_review_token_substitution_cross_view_and_restart_replay_fail_closed" time="0.003" /><testcase classname="tests.test_approval_inbox_v5" name="test_reopening_identical_view_preserves_previously_returned_review_proofs" time="0.003" /><testcase classname="tests.test_approval_inbox_v5" name="test_reopening_conflicting_registered_view_state_latches_fail_closed[conflicting-view]" time="0.001" /><testcase classname="tests.test_approval_inbox_v5" name="test_reopening_conflicting_registered_view_state_latches_fail_closed[missing-proofs]" time="0.001" /><testcase classname="tests.test_approval_inbox_v5" name="test_batch_preview_contains_complete_human_review_fields" time="0.001" /><testcase classname="tests.test_approval_inbox_v5" name="test_high_critical_always_explicit_or_ineligible_never_enters_batch[high-False-False]" time="0.001" /><testcase classname="tests.test_approval_inbox_v5" name="test_high_critical_always_explicit_or_ineligible_never_enters_batch[critical-True-False]" time="0.001" /><testcase classname="tests.test_approval_inbox_v5" name="test_high_critical_always_explicit_or_ineligible_never_enters_batch[medium-True-False]" time="0.001" /><testcase classname="tests.test_approval_inbox_v5" name="test_high_critical_always_explicit_or_ineligible_never_enters_batch[low-False-False]" time="0.002" /><testcase classname="tests.test_approval_inbox_v5" name="test_host_cannot_mislabel_high_or_always_explicit_as_batch_eligible" time="0.001" /><testcase classname="tests.test_approval_inbox_v5" name="test_batch_forbids_wildcards_categories_duplicates_and_unbounded_sequences" time="0.001" /><testcase classname="tests.test_approval_inbox_v5" name="test_outer_token_validation_occurs_before_hmac_and_normalizes_all_malformed_inputs" time="0.001" /><testcase classname="tests.test_approval_inbox_v5" name="test_encode_rejects_incomplete_or_noncanonical_payload_before_hmac" time="0.000" /><testcase classname="tests.test_approval_inbox_v5" name="test_valid_hmac_with_malformed_payload_normalizes_to_stale" time="0.000" /><testcase classname="tests.test_approval_inbox_v5" name="test_tampered_token_and_restart_old_token_fail_before_source_callback" time="0.001" /><testcase classname="tests.test_approval_inbox_v5" name="test_source_concurrency_is_capped_at_one_and_excess_fails_closed" time="0.001" /><testcase classname="tests.test_approval_inbox_v5" name="test_source_callbacks_never_run_under_projection_lock" time="0.004" /><testcase classname="tests.test_approval_inbox_v5" name="test_result_constructors_reject_forged_or_contradictory_inputs" time="0.001" /><testcase classname="tests.test_approval_inbox_v5" name="test_unknown_identity_safety_and_schema_state_fail_closed[schema_version-99]" time="0.001" /><testcase classname="tests.test_approval_inbox_v5" name="test_unknown_identity_safety_and_schema_state_fail_closed[source_epoch-0]" time="0.001" /><testcase classname="tests.test_approval_inbox_v5" name="test_unknown_identity_safety_and_schema_state_fail_closed[principal_id-attacker-session]" time="0.001" /><testcase classname="tests.test_approval_inbox_v5" name="test_unknown_identity_safety_and_schema_state_fail_closed[session_id-attacker-session]" time="0.001" /><testcase classname="tests.test_approval_inbox_v5" name="test_unknown_identity_safety_and_schema_state_fail_closed[audit_healthy-False]" time="0.001" /><testcase classname="tests.test_approval_inbox_v5" name="test_unknown_identity_safety_and_schema_state_fail_closed[session_active-False]" time="0.001" /><testcase classname="tests.test_approval_inbox_v5" name="test_unknown_identity_safety_and_schema_state_fail_closed[kill_switch-True]" time="0.001" /><testcase classname="tests.test_approval_inbox_v5" name="test_limits_and_bounded_snapshot_view_caches" time="0.005" /><testcase classname="tests.test_approval_inbox_v5" name="test_no_mutation_grant_import_persistence_or_live_wiring" time="0.004" /><testcase classname="tests.test_approval_inbox_v5" name="test_v1_v2_v3_v4_and_r11_frozen_anchor_bytes_remain_exact" time="0.005" /><testcase classname="tests.test_approval_inbox_v5" name="test_r11_transitive_tamper_fixture_rejects_v10_before_recursive_execution" time="0.766" /><testcase classname="tests.test_approval_inbox_v5" name="test_v2_transitive_tamper_fixture_rejects_core_v2" time="0.570" /><testcase classname="tests.test_approval_inbox_v5" name="test_v3_transitive_tamper_fixture_rejects_core_v3" time="0.798" /><testcase classname="tests.test_approval_inbox_v5" name="test_future_approval_successor_import_indirection_is_rejected" time="0.035" /><testcase classname="tests.test_approval_inbox_v5" name="test_literal_dynamic_approval_imports_are_rejected[importlib]" time="0.020" /><testcase classname="tests.test_approval_inbox_v5" name="test_literal_dynamic_approval_imports_are_rejected[dunder-import]" time="0.024" /><testcase classname="tests.test_approval_inbox_v5" name="test_literal_dynamic_approval_imports_are_rejected[runpy]" time="0.032" /><testcase classname="tests.test_approval_inbox_v5" name="test_regenerated_hashes_cannot_bypass_semantic_metadata[limits]" time="0.258" /><testcase classname="tests.test_approval_inbox_v5" name="test_regenerated_hashes_cannot_bypass_semantic_metadata[base_commit]" time="0.365" /><testcase classname="tests.test_approval_inbox_v5" name="test_regenerated_hashes_cannot_bypass_semantic_metadata[environment]" time="0.531" /><testcase classname="tests.test_approval_inbox_v5" name="test_regenerated_hashes_cannot_bypass_semantic_metadata[timestamp]" time="0.538" /><testcase classname="tests.test_approval_inbox_v6" name="test_strict_default_off_has_no_clock_or_source_callback" time="0.000" /><testcase classname="tests.test_approval_inbox_v6" name="test_explicit_host_composition_is_pinned_but_not_claimed_as_same_process_secrecy" time="0.001" /><testcase classname="tests.test_approval_inbox_v6" name="test_read_apis_accept_no_source_items_or_authority_fields" time="0.000" /><testcase classname="tests.test_approval_inbox_v6" name="test_exact_source_output_types_only_no_subclass_or_custom_mapping" time="0.001" /><testcase classname="tests.test_approval_inbox_v6" name="test_bounds_are_checked_before_any_item_traversal_or_copy_hook" time="0.000" /><testcase classname="tests.test_approval_inbox_v6" name="test_raw_callback_exception_is_not_chained_or_recoverable" time="0.000" /><testcase classname="tests.test_approval_inbox_v6" name="test_every_recoverable_display_field_rejects_secrets[workspace_display]" time="0.001" /><testcase classname="tests.test_approval_inbox_v6" name="test_every_recoverable_display_field_rejects_secrets[account_display]" time="0.001" /><testcase classname="tests.test_approval_inbox_v6" name="test_every_recoverable_display_field_rejects_secrets[mission_display]" time="0.001" /><testcase classname="tests.test_approval_inbox_v6" name="test_every_recoverable_display_field_rejects_secrets[reason]" time="0.001" /><testcase classname="tests.test_approval_inbox_v6" name="test_every_recoverable_display_field_rejects_secrets[action]" time="0.001" /><testcase classname="tests.test_approval_inbox_v6" name="test_every_recoverable_display_field_rejects_secrets[target_display]" time="0.001" /><testcase classname="tests.test_approval_inbox_v6" name="test_every_recoverable_display_field_rejects_secrets[payload_summary]" time="0.001" /><testcase classname="tests.test_approval_inbox_v6" name="test_every_recoverable_display_field_rejects_secrets[effect_summary]" time="0.001" /><testcase classname="tests.test_approval_inbox_v6" name="test_every_recoverable_display_field_rejects_secrets[idempotency_summary]" time="0.001" /><testcase classname="tests.test_approval_inbox_v6" name="test_every_recoverable_display_field_rejects_secrets[verification_plan]" time="0.001" /><testcase classname="tests.test_approval_inbox_v6" name="test_every_recoverable_display_field_rejects_secrets[rollback_plan]" time="0.001" /><testcase classname="tests.test_approval_inbox_v6" name="test_complete_review_fields_are_immutable_non_authority_and_digest_internal" time="0.001" /><testcase classname="tests.test_approval_inbox_v6" name="test_source_timestamps_are_metadata_not_token_validity" time="0.002" /><testcase classname="tests.test_approval_inbox_v6" name="test_refreshed_source_timestamp_metadata_same_epoch_does_not_latch" time="0.002" /><testcase classname="tests.test_approval_inbox_v6" name="test_projection_owned_deadline_expires_without_source_callback_and_never_resurrects" time="0.002" /><testcase classname="tests.test_approval_inbox_v6" name="test_monotonic_clock_rollback_latches_and_cannot_resurrect" time="0.002" /><testcase classname="tests.test_approval_inbox_v6" name="test_same_epoch_equivocation_latches_and_restore_never_resurrects" time="0.002" /><testcase classname="tests.test_approval_inbox_v6" name="test_epoch_rollback_latches_and_restore_never_resurrects" time="0.001" /><testcase classname="tests.test_approval_inbox_v6" name="test_integrity_latch_is_nonresurrecting_across_concurrent_callers" time="0.002" /><testcase classname="tests.test_approval_inbox_v6" name="test_query_sort_page_size_and_allowed_ids_are_bound_into_view_and_token" time="0.002" /><testcase classname="tests.test_approval_inbox_v6" name="test_batch_cannot_select_hidden_workspace_or_filtered_item" time="0.002" /><testcase classname="tests.test_approval_inbox_v6" name="test_pagination_is_stable_exact_set_without_duplicate_or_omission" time="0.016" /><testcase classname="tests.test_approval_inbox_v6" name="test_source_drift_cannot_mix_pages" time="0.002" /><testcase classname="tests.test_approval_inbox_v6" name="test_calm_batch_canonical_reorder_add_remove_substitute_and_non_authority" time="0.006" /><testcase classname="tests.test_approval_inbox_v6" name="test_page_size_one_requires_second_item_to_be_returned_before_batch" time="0.004" /><testcase classname="tests.test_approval_inbox_v6" name="test_review_token_substitution_cross_view_and_restart_replay_fail_closed" time="0.003" /><testcase classname="tests.test_approval_inbox_v6" name="test_reopening_identical_view_preserves_previously_returned_review_proofs" time="0.003" /><testcase classname="tests.test_approval_inbox_v6" name="test_reopening_conflicting_registered_view_state_latches_fail_closed[conflicting-view]" time="0.002" /><testcase classname="tests.test_approval_inbox_v6" name="test_reopening_conflicting_registered_view_state_latches_fail_closed[missing-proofs]" time="0.001" /><testcase classname="tests.test_approval_inbox_v6" name="test_batch_preview_contains_complete_human_review_fields" time="0.001" /><testcase classname="tests.test_approval_inbox_v6" name="test_high_critical_always_explicit_or_ineligible_never_enters_batch[high-False-False]" time="0.001" /><testcase classname="tests.test_approval_inbox_v6" name="test_high_critical_always_explicit_or_ineligible_never_enters_batch[critical-True-False]" time="0.001" /><testcase classname="tests.test_approval_inbox_v6" name="test_high_critical_always_explicit_or_ineligible_never_enters_batch[medium-True-False]" time="0.001" /><testcase classname="tests.test_approval_inbox_v6" name="test_high_critical_always_explicit_or_ineligible_never_enters_batch[low-False-False]" time="0.001" /><testcase classname="tests.test_approval_inbox_v6" name="test_host_cannot_mislabel_high_or_always_explicit_as_batch_eligible" time="0.001" /><testcase classname="tests.test_approval_inbox_v6" name="test_batch_forbids_wildcards_categories_duplicates_and_unbounded_sequences" time="0.001" /><testcase classname="tests.test_approval_inbox_v6" name="test_outer_token_validation_occurs_before_hmac_and_normalizes_all_malformed_inputs" time="0.001" /><testcase classname="tests.test_approval_inbox_v6" name="test_encode_rejects_incomplete_or_noncanonical_payload_before_hmac" time="0.001" /><testcase classname="tests.test_approval_inbox_v6" name="test_valid_hmac_with_malformed_payload_normalizes_to_stale" time="0.000" /><testcase classname="tests.test_approval_inbox_v6" name="test_tampered_token_and_restart_old_token_fail_before_source_callback" time="0.001" /><testcase classname="tests.test_approval_inbox_v6" name="test_source_concurrency_is_capped_at_one_and_excess_fails_closed" time="0.001" /><testcase classname="tests.test_approval_inbox_v6" name="test_source_callbacks_never_run_under_projection_lock" time="0.004" /><testcase classname="tests.test_approval_inbox_v6" name="test_result_constructors_reject_forged_or_contradictory_inputs" time="0.001" /><testcase classname="tests.test_approval_inbox_v6" name="test_unknown_identity_safety_and_schema_state_fail_closed[schema_version-99]" time="0.001" /><testcase classname="tests.test_approval_inbox_v6" name="test_unknown_identity_safety_and_schema_state_fail_closed[source_epoch-0]" time="0.001" /><testcase classname="tests.test_approval_inbox_v6" name="test_unknown_identity_safety_and_schema_state_fail_closed[principal_id-attacker-session]" time="0.000" /><testcase classname="tests.test_approval_inbox_v6" name="test_unknown_identity_safety_and_schema_state_fail_closed[session_id-attacker-session]" time="0.001" /><testcase classname="tests.test_approval_inbox_v6" name="test_unknown_identity_safety_and_schema_state_fail_closed[audit_healthy-False]" time="0.001" /><testcase classname="tests.test_approval_inbox_v6" name="test_unknown_identity_safety_and_schema_state_fail_closed[session_active-False]" time="0.001" /><testcase classname="tests.test_approval_inbox_v6" name="test_unknown_identity_safety_and_schema_state_fail_closed[kill_switch-True]" time="0.001" /><testcase classname="tests.test_approval_inbox_v6" name="test_limits_and_bounded_snapshot_view_caches" time="0.005" /><testcase classname="tests.test_approval_inbox_v6" name="test_no_mutation_grant_import_persistence_or_live_wiring" time="0.005" /><testcase classname="tests.test_approval_inbox_v6" name="test_v1_v2_v3_v4_v5_and_r11_frozen_anchor_bytes_remain_exact" time="0.008" /><testcase classname="tests.test_approval_inbox_v6" name="test_r11_transitive_tamper_fixture_rejects_v10_before_recursive_execution" time="2.507" /><testcase classname="tests.test_approval_inbox_v6" name="test_v2_transitive_tamper_fixture_rejects_core_v2" time="1.201" /><testcase classname="tests.test_approval_inbox_v6" name="test_v3_transitive_tamper_fixture_rejects_core_v3" time="1.079" /><testcase classname="tests.test_approval_inbox_v6" name="test_v5_transitive_tamper_fixture_rejects_core_v5" time="2.007" /><testcase classname="tests.test_approval_inbox_v6" name="test_future_approval_successor_import_indirection_is_rejected" time="0.055" /><testcase classname="tests.test_approval_inbox_v6" name="test_relative_importlib_wiring_is_resolved_and_rejected[single-dot-keyword-alias]" time="0.065" /><testcase classname="tests.test_approval_inbox_v6" name="test_relative_importlib_wiring_is_resolved_and_rejected[double-dot-positional-bound-alias]" time="0.063" /><testcase classname="tests.test_approval_inbox_v6" name="test_unresolvable_relative_dynamic_imports_fail_closed[nonliteral-name]" time="0.001" /><testcase classname="tests.test_approval_inbox_v6" name="test_unresolvable_relative_dynamic_imports_fail_closed[nonliteral-package]" time="0.001" /><testcase classname="tests.test_approval_inbox_v6" name="test_unresolvable_relative_dynamic_imports_fail_closed[missing-package]" time="0.002" /><testcase classname="tests.test_approval_inbox_v6" name="test_unresolvable_relative_dynamic_imports_fail_closed[invalid-level]" time="0.001" /><testcase classname="tests.test_approval_inbox_v6" name="test_unresolvable_relative_dynamic_imports_fail_closed[invalid-package-context]" time="0.001" /><testcase classname="tests.test_approval_inbox_v6" name="test_literal_dynamic_approval_imports_are_rejected[importlib]" time="0.040" /><testcase classname="tests.test_approval_inbox_v6" name="test_literal_dynamic_approval_imports_are_rejected[dunder-import]" time="0.037" /><testcase classname="tests.test_approval_inbox_v6" name="test_literal_dynamic_approval_imports_are_rejected[runpy]" time="2.491" /><testcase classname="tests.test_approval_inbox_v6" name="test_regenerated_hashes_cannot_bypass_semantic_metadata[limits]" time="1.938" /><testcase classname="tests.test_approval_inbox_v6" name="test_regenerated_hashes_cannot_bypass_semantic_metadata[base_commit]" time="0.438" /><testcase classname="tests.test_approval_inbox_v6" name="test_regenerated_hashes_cannot_bypass_semantic_metadata[environment]" time="0.580" /><testcase classname="tests.test_approval_inbox_v6" name="test_regenerated_hashes_cannot_bypass_semantic_metadata[timestamp]" time="0.543" /><testcase classname="tests.test_approval_inbox_v7" name="test_strict_default_off_has_no_clock_or_source_callback" time="0.001" /><testcase classname="tests.test_approval_inbox_v7" name="test_explicit_host_composition_is_pinned_but_not_claimed_as_same_process_secrecy" time="0.001" /><testcase classname="tests.test_approval_inbox_v7" name="test_read_apis_accept_no_source_items_or_authority_fields" time="0.001" /><testcase classname="tests.test_approval_inbox_v7" name="test_exact_source_output_types_only_no_subclass_or_custom_mapping" time="0.001" /><testcase classname="tests.test_approval_inbox_v7" name="test_bounds_are_checked_before_any_item_traversal_or_copy_hook" time="0.001" /><testcase classname="tests.test_approval_inbox_v7" name="test_raw_callback_exception_is_not_chained_or_recoverable" time="0.000" /><testcase classname="tests.test_approval_inbox_v7" name="test_every_recoverable_display_field_rejects_secrets[workspace_display]" time="0.001" /><testcase classname="tests.test_approval_inbox_v7" name="test_every_recoverable_display_field_rejects_secrets[account_display]" time="0.001" /><testcase classname="tests.test_approval_inbox_v7" name="test_every_recoverable_display_field_rejects_secrets[mission_display]" time="0.001" /><testcase classname="tests.test_approval_inbox_v7" name="test_every_recoverable_display_field_rejects_secrets[reason]" time="0.001" /><testcase classname="tests.test_approval_inbox_v7" name="test_every_recoverable_display_field_rejects_secrets[action]" time="0.001" /><testcase classname="tests.test_approval_inbox_v7" name="test_every_recoverable_display_field_rejects_secrets[target_display]" time="0.001" /><testcase classname="tests.test_approval_inbox_v7" name="test_every_recoverable_display_field_rejects_secrets[payload_summary]" time="0.001" /><testcase classname="tests.test_approval_inbox_v7" name="test_every_recoverable_display_field_rejects_secrets[effect_summary]" time="0.001" /><testcase classname="tests.test_approval_inbox_v7" name="test_every_recoverable_display_field_rejects_secrets[idempotency_summary]" time="0.001" /><testcase classname="tests.test_approval_inbox_v7" name="test_every_recoverable_display_field_rejects_secrets[verification_plan]" time="0.001" /><testcase classname="tests.test_approval_inbox_v7" name="test_every_recoverable_display_field_rejects_secrets[rollback_plan]" time="0.001" /><testcase classname="tests.test_approval_inbox_v7" name="test_complete_review_fields_are_immutable_non_authority_and_digest_internal" time="0.001" /><testcase classname="tests.test_approval_inbox_v7" name="test_source_timestamps_are_metadata_not_token_validity" time="0.002" /><testcase classname="tests.test_approval_inbox_v7" name="test_refreshed_source_timestamp_metadata_same_epoch_does_not_latch" time="0.002" /><testcase classname="tests.test_approval_inbox_v7" name="test_projection_owned_deadline_expires_without_source_callback_and_never_resurrects" time="0.002" /><testcase classname="tests.test_approval_inbox_v7" name="test_monotonic_clock_rollback_latches_and_cannot_resurrect" time="0.002" /><testcase classname="tests.test_approval_inbox_v7" name="test_same_epoch_equivocation_latches_and_restore_never_resurrects" time="0.002" /><testcase classname="tests.test_approval_inbox_v7" name="test_epoch_rollback_latches_and_restore_never_resurrects" time="0.001" /><testcase classname="tests.test_approval_inbox_v7" name="test_integrity_latch_is_nonresurrecting_across_concurrent_callers" time="0.002" /><testcase classname="tests.test_approval_inbox_v7" name="test_query_sort_page_size_and_allowed_ids_are_bound_into_view_and_token" time="0.001" /><testcase classname="tests.test_approval_inbox_v7" name="test_batch_cannot_select_hidden_workspace_or_filtered_item" time="0.003" /><testcase classname="tests.test_approval_inbox_v7" name="test_pagination_is_stable_exact_set_without_duplicate_or_omission" time="0.016" /><testcase classname="tests.test_approval_inbox_v7" name="test_source_drift_cannot_mix_pages" time="0.002" /><testcase classname="tests.test_approval_inbox_v7" name="test_calm_batch_canonical_reorder_add_remove_substitute_and_non_authority" time="0.007" /><testcase classname="tests.test_approval_inbox_v7" name="test_page_size_one_requires_second_item_to_be_returned_before_batch" time="0.003" /><testcase classname="tests.test_approval_inbox_v7" name="test_review_token_substitution_cross_view_and_restart_replay_fail_closed" time="0.003" /><testcase classname="tests.test_approval_inbox_v7" name="test_reopening_identical_view_preserves_previously_returned_review_proofs" time="0.002" /><testcase classname="tests.test_approval_inbox_v7" name="test_reopening_conflicting_registered_view_state_latches_fail_closed[conflicting-view]" time="0.001" /><testcase classname="tests.test_approval_inbox_v7" name="test_reopening_conflicting_registered_view_state_latches_fail_closed[missing-proofs]" time="0.001" /><testcase classname="tests.test_approval_inbox_v7" name="test_batch_preview_contains_complete_human_review_fields" time="0.001" /><testcase classname="tests.test_approval_inbox_v7" name="test_high_critical_always_explicit_or_ineligible_never_enters_batch[high-False-False]" time="0.002" /><testcase classname="tests.test_approval_inbox_v7" name="test_high_critical_always_explicit_or_ineligible_never_enters_batch[critical-True-False]" time="0.002" /><testcase classname="tests.test_approval_inbox_v7" name="test_high_critical_always_explicit_or_ineligible_never_enters_batch[medium-True-False]" time="0.002" /><testcase classname="tests.test_approval_inbox_v7" name="test_high_critical_always_explicit_or_ineligible_never_enters_batch[low-False-False]" time="0.001" /><testcase classname="tests.test_approval_inbox_v7" name="test_host_cannot_mislabel_high_or_always_explicit_as_batch_eligible" time="0.001" /><testcase classname="tests.test_approval_inbox_v7" name="test_batch_forbids_wildcards_categories_duplicates_and_unbounded_sequences" time="0.001" /><testcase classname="tests.test_approval_inbox_v7" name="test_outer_token_validation_occurs_before_hmac_and_normalizes_all_malformed_inputs" time="0.001" /><testcase classname="tests.test_approval_inbox_v7" name="test_encode_rejects_incomplete_or_noncanonical_payload_before_hmac" time="0.000" /><testcase classname="tests.test_approval_inbox_v7" name="test_valid_hmac_with_malformed_payload_normalizes_to_stale" time="0.000" /><testcase classname="tests.test_approval_inbox_v7" name="test_tampered_token_and_restart_old_token_fail_before_source_callback" time="0.001" /><testcase classname="tests.test_approval_inbox_v7" name="test_source_concurrency_is_capped_at_one_and_excess_fails_closed" time="0.001" /><testcase classname="tests.test_approval_inbox_v7" name="test_source_callbacks_never_run_under_projection_lock" time="0.004" /><testcase classname="tests.test_approval_inbox_v7" name="test_result_constructors_reject_forged_or_contradictory_inputs" time="0.001" /><testcase classname="tests.test_approval_inbox_v7" name="test_unknown_identity_safety_and_schema_state_fail_closed[schema_version-99]" time="0.001" /><testcase classname="tests.test_approval_inbox_v7" name="test_unknown_identity_safety_and_schema_state_fail_closed[source_epoch-0]" time="0.001" /><testcase classname="tests.test_approval_inbox_v7" name="test_unknown_identity_safety_and_schema_state_fail_closed[principal_id-attacker-session]" time="0.001" /><testcase classname="tests.test_approval_inbox_v7" name="test_unknown_identity_safety_and_schema_state_fail_closed[session_id-attacker-session]" time="0.001" /><testcase classname="tests.test_approval_inbox_v7" name="test_unknown_identity_safety_and_schema_state_fail_closed[audit_healthy-False]" time="0.001" /><testcase classname="tests.test_approval_inbox_v7" name="test_unknown_identity_safety_and_schema_state_fail_closed[session_active-False]" time="0.001" /><testcase classname="tests.test_approval_inbox_v7" name="test_unknown_identity_safety_and_schema_state_fail_closed[kill_switch-True]" time="0.001" /><testcase classname="tests.test_approval_inbox_v7" name="test_limits_and_bounded_snapshot_view_caches" time="0.007" /><testcase classname="tests.test_approval_inbox_v7" name="test_no_mutation_grant_import_persistence_or_live_wiring" time="0.004" /><testcase classname="tests.test_approval_inbox_v7" name="test_v1_v2_v3_v4_v5_v6_and_r11_frozen_anchor_bytes_remain_exact" time="0.012" /><testcase classname="tests.test_approval_inbox_v7" name="test_r11_transitive_tamper_fixture_rejects_v10_before_recursive_execution" time="1.016" /><testcase classname="tests.test_approval_inbox_v7" name="test_v2_transitive_tamper_fixture_rejects_core_v2" time="0.625" /><testcase classname="tests.test_approval_inbox_v7" name="test_v3_transitive_tamper_fixture_rejects_core_v3" time="0.588" /><testcase classname="tests.test_approval_inbox_v7" name="test_v5_transitive_tamper_fixture_rejects_core_v5" time="0.732" /><testcase classname="tests.test_approval_inbox_v7" name="test_v6_transitive_tamper_fixture_rejects_core_v6" time="0.932" /><testcase classname="tests.test_approval_inbox_v7" name="test_future_approval_successor_import_indirection_is_rejected" time="0.030" /><testcase classname="tests.test_approval_inbox_v7" name="test_future_v8_loader_forms_fail_closed[assignment-alias]" time="0.028" /><testcase classname="tests.test_approval_inbox_v7" name="test_future_v8_loader_forms_fail_closed[getattr-importlib]" time="0.033" /><testcase classname="tests.test_approval_inbox_v7" name="test_future_v8_loader_forms_fail_closed[builtins-dunder-import]" time="0.026" /><testcase classname="tests.test_approval_inbox_v7" name="test_future_v8_loader_forms_fail_closed[from-builtins-alias]" time="0.036" /><testcase classname="tests.test_approval_inbox_v7" name="test_future_v8_loader_forms_fail_closed[getattr-runpy]" time="0.033" /><testcase classname="tests.test_approval_inbox_v7" name="test_future_v8_loader_forms_fail_closed[alias-chain]" time="0.029" /><testcase classname="tests.test_approval_inbox_v7" name="test_future_v8_loader_forms_fail_closed[ambiguous-rebinding]" time="0.032" /><testcase classname="tests.test_approval_inbox_v7" name="test_future_v8_loader_forms_fail_closed[eval-literal]" time="0.033" /><testcase classname="tests.test_approval_inbox_v7" name="test_future_v8_loader_forms_fail_closed[eval-nonliteral]" time="0.020" /><testcase classname="tests.test_approval_inbox_v7" name="test_future_v8_loader_forms_fail_closed[exec-literal]" time="0.029" /><testcase classname="tests.test_approval_inbox_v7" name="test_future_v8_loader_forms_fail_closed[exec-nonliteral]" time="0.035" /><testcase classname="tests.test_approval_inbox_v7" name="test_future_v8_loader_forms_fail_closed[compile-literal]" time="0.033" /><testcase classname="tests.test_approval_inbox_v7" name="test_future_v8_loader_forms_fail_closed[compile-nonliteral]" time="0.033" /><testcase classname="tests.test_approval_inbox_v7" name="test_relative_importlib_wiring_is_resolved_and_rejected[single-dot-keyword-alias]" time="0.031" /><testcase classname="tests.test_approval_inbox_v7" name="test_relative_importlib_wiring_is_resolved_and_rejected[double-dot-positional-bound-alias]" time="0.038" /><testcase classname="tests.test_approval_inbox_v7" name="test_unresolvable_relative_dynamic_imports_fail_closed[nonliteral-name]" time="0.001" /><testcase classname="tests.test_approval_inbox_v7" name="test_unresolvable_relative_dynamic_imports_fail_closed[nonliteral-package]" time="0.001" /><testcase classname="tests.test_approval_inbox_v7" name="test_unresolvable_relative_dynamic_imports_fail_closed[missing-package]" time="0.000" /><testcase classname="tests.test_approval_inbox_v7" name="test_unresolvable_relative_dynamic_imports_fail_closed[invalid-level]" time="0.001" /><testcase classname="tests.test_approval_inbox_v7" name="test_unresolvable_relative_dynamic_imports_fail_closed[invalid-package-context]" time="0.001" /><testcase classname="tests.test_approval_inbox_v7" name="test_literal_dynamic_approval_imports_are_rejected[importlib]" time="0.018" /><testcase classname="tests.test_approval_inbox_v7" name="test_literal_dynamic_approval_imports_are_rejected[dunder-import]" time="0.017" /><testcase classname="tests.test_approval_inbox_v7" name="test_literal_dynamic_approval_imports_are_rejected[runpy]" time="0.035" /><testcase classname="tests.test_approval_inbox_v7" name="test_regenerated_hashes_cannot_bypass_semantic_metadata[limits]" time="0.243" /><testcase classname="tests.test_approval_inbox_v7" name="test_regenerated_hashes_cannot_bypass_semantic_metadata[base_commit]" time="0.270" /><testcase classname="tests.test_approval_inbox_v7" name="test_regenerated_hashes_cannot_bypass_semantic_metadata[environment]" time="0.478" /><testcase classname="tests.test_approval_inbox_v7" name="test_regenerated_hashes_cannot_bypass_semantic_metadata[timestamp]" time="0.426" /><testcase classname="tests.test_approval_inbox_v8" name="test_exact_enable_values[true]" time="0.001" /><testcase classname="tests.test_approval_inbox_v8" name="test_exact_enable_values[TRUE]" time="0.001" /><testcase classname="tests.test_approval_inbox_v8" name="test_exact_enable_values[1]" time="0.001" /><testcase classname="tests.test_approval_inbox_v8" name="test_exact_enable_values[ true ]" time="0.001" /><testcase classname="tests.test_approval_inbox_v8" name="test_default_off_never_calls_source[]" time="0.001" /><testcase classname="tests.test_approval_inbox_v8" name="test_default_off_never_calls_source[0]" time="0.000" /><testcase classname="tests.test_approval_inbox_v8" name="test_default_off_never_calls_source[yes]" time="0.001" /><testcase classname="tests.test_approval_inbox_v8" name="test_default_off_never_calls_source[on]" time="0.001" /><testcase classname="tests.test_approval_inbox_v8" name="test_default_off_never_calls_source[enabled]" time="0.000" /><testcase classname="tests.test_approval_inbox_v8" name="test_default_off_never_calls_source[false]" time="0.000" /><testcase classname="tests.test_approval_inbox_v8" name="test_flag_is_read_once_but_epoch_change_permanently_revokes" time="0.000" /><testcase classname="tests.test_approval_inbox_v8" name="test_page_contains_complete_safe_review_and_zero_authority" time="0.001" /><testcase classname="tests.test_approval_inbox_v8" name="test_pagination_is_stable_and_cursor_is_exact" time="0.001" /><testcase classname="tests.test_approval_inbox_v8" name="test_identical_reopen_reuses_snapshot_deadline_and_review_proofs" time="0.001" /><testcase classname="tests.test_approval_inbox_v8" name="test_snapshot_reuse_never_extends_ttl" time="0.002" /><testcase classname="tests.test_approval_inbox_v8" name="test_clock_rollback_integrity_latches" time="0.001" /><testcase classname="tests.test_approval_inbox_v8" name="test_source_epoch_rollback_and_equivocation_latch" time="0.002" /><testcase classname="tests.test_approval_inbox_v8" name="test_new_source_epoch_invalidates_all_old_cursors_and_review_proofs" time="0.001" /><testcase classname="tests.test_approval_inbox_v8" name="test_feature_epoch_change_during_capture_rejects_callback_output" time="0.001" /><testcase classname="tests.test_approval_inbox_v8" name="test_source_exception_is_collapsed_without_secret_cause" time="0.000" /><testcase classname="tests.test_approval_inbox_v8" name="test_single_flight_callback_is_bounded_and_outside_projection_lock" time="0.001" /><testcase classname="tests.test_approval_inbox_v8" name="test_calm_batch_is_order_independent_idempotent_and_non_authoritative" time="0.001" /><testcase classname="tests.test_approval_inbox_v8" name="test_handoff_contains_only_review_identifiers_and_revalidation_instruction" time="0.001" /><testcase classname="tests.test_approval_inbox_v8" name="test_ineligible_items_never_enter_calm_batch[changes0]" time="0.001" /><testcase classname="tests.test_approval_inbox_v8" name="test_ineligible_items_never_enter_calm_batch[changes1]" time="0.001" /><testcase classname="tests.test_approval_inbox_v8" name="test_ineligible_items_never_enter_calm_batch[changes2]" time="0.001" /><testcase classname="tests.test_approval_inbox_v8" name="test_ineligible_items_never_enter_calm_batch[changes3]" time="0.001" /><testcase classname="tests.test_approval_inbox_v8" name="test_hidden_unreturned_cross_view_and_tampered_proofs_fail" time="0.001" /><testcase classname="tests.test_approval_inbox_v8" name="test_duplicate_item_request_fingerprint_and_idempotency_identity_reject" time="0.002" /><testcase classname="tests.test_approval_inbox_v8" name="test_malformed_or_mismatched_host_fields_fail_closed[principal_id-other-owner]" time="0.000" /><testcase classname="tests.test_approval_inbox_v8" name="test_malformed_or_mismatched_host_fields_fail_closed[session_id-other-session]" time="0.000" /><testcase classname="tests.test_approval_inbox_v8" name="test_malformed_or_mismatched_host_fields_fail_closed[payload_summary-token=secret-value]" time="0.001" /><testcase classname="tests.test_approval_inbox_v8" name="test_malformed_or_mismatched_host_fields_fail_closed[risk-unknown]" time="0.001" /><testcase classname="tests.test_approval_inbox_v8" name="test_malformed_or_mismatched_host_fields_fail_closed[currency-usd]" time="0.000" /><testcase classname="tests.test_approval_inbox_v8" name="test_malformed_or_mismatched_host_fields_fail_closed[expires_at_ms-1]" time="0.000" /><testcase classname="tests.test_approval_inbox_v8" name="test_malformed_or_mismatched_host_fields_fail_closed[batch_eligible-1]" time="0.001" /><testcase classname="tests.test_approval_inbox_v8" name="test_public_surface_has_no_authority_or_mutation_methods" time="0.000" /></testsuite></testsuites>