<?xml version="1.0" encoding="utf-8"?><testsuites name="pytest tests"><testsuite name="pytest" errors="0" failures="0" skipped="0" tests="902" time="153.528" timestamp="2026-07-21T15:57:18.000399-04:00" hostname="Petruff"><testcase classname="" name="test_flag_is_strict_and_disabled_mode_never_calls_source" time="0.002" /><testcase classname="" name="test_trusted_source_and_items_cannot_be_caller_constructed" time="0.001" /><testcase classname="" name="test_model_style_authority_fields_and_raw_payload_are_rejected" time="0.001" /><testcase classname="" name="test_secret_like_material_is_rejected_from_every_recoverable_display_field[workspace_display]" time="0.001" /><testcase classname="" name="test_secret_like_material_is_rejected_from_every_recoverable_display_field[account_display]" time="0.001" /><testcase classname="" name="test_secret_like_material_is_rejected_from_every_recoverable_display_field[mission_display]" time="0.002" /><testcase classname="" name="test_secret_like_material_is_rejected_from_every_recoverable_display_field[reason]" time="0.001" /><testcase classname="" name="test_secret_like_material_is_rejected_from_every_recoverable_display_field[action]" time="0.001" /><testcase classname="" name="test_secret_like_material_is_rejected_from_every_recoverable_display_field[target_display]" time="0.001" /><testcase classname="" name="test_secret_like_material_is_rejected_from_every_recoverable_display_field[payload_summary]" time="0.001" /><testcase classname="" name="test_secret_like_material_is_rejected_from_every_recoverable_display_field[effect_summary]" time="0.001" /><testcase classname="" name="test_secret_like_material_is_rejected_from_every_recoverable_display_field[idempotency_summary]" time="0.001" /><testcase classname="" name="test_secret_like_material_is_rejected_from_every_recoverable_display_field[verification_plan]" time="0.001" /><testcase classname="" name="test_secret_like_material_is_rejected_from_every_recoverable_display_field[rollback_plan]" time="0.001" /><testcase classname="" name="test_secret_like_or_pathish_identifiers_are_rejected[item_id]" time="0.001" /><testcase classname="" name="test_secret_like_or_pathish_identifiers_are_rejected[workspace_id]" time="0.001" /><testcase classname="" name="test_secret_like_or_pathish_identifiers_are_rejected[mission_id]" time="0.001" /><testcase classname="" name="test_workspace_pattern_exactly_matches_authoritative_registry_shape" time="0.003" /><testcase classname="" name="test_page_exposes_every_required_safe_review_field_and_no_raw_fields" time="0.001" /><testcase classname="" name="test_snapshot_digest_is_deterministic_and_input_order_independent" time="0.002" /><testcase classname="" name="test_stable_sorting_and_exact_filters" time="0.003" /><testcase classname="" name="test_pagination_is_exact_set_without_duplicates_or_omissions" time="0.029" /><testcase classname="" name="test_tampered_cursor_and_stale_cursor_fail_before_source_callback" time="0.002" /><testcase classname="" name="test_source_drift_invalidates_cursor_without_mixing_pages" time="0.002" /><testcase classname="" name="test_same_epoch_content_or_time_drift_is_rejected" time="0.003" /><testcase classname="" name="test_expiry_and_epoch_rollback_fail_closed" time="0.003" /><testcase classname="" name="test_unhealthy_host_state_fails_closed[audit_healthy-False-audit]" time="0.001" /><testcase classname="" name="test_unhealthy_host_state_fails_closed[session_active-False-inactive]" time="0.001" /><testcase classname="" name="test_unhealthy_host_state_fails_closed[kill_switch-True-kill]" time="0.001" /><testcase classname="" name="test_unknown_schema_fields_types_and_duplicate_authority_records_fail_closed" time="0.002" /><testcase classname="" name="test_source_principal_or_session_drift_fails_closed" time="0.001" /><testcase classname="" name="test_calm_batch_is_canonical_read_only_and_reorder_invariant" time="0.004" /><testcase classname="" name="test_batch_add_remove_and_substitute_change_manifest_digest" time="0.006" /><testcase classname="" name="test_high_always_explicit_and_ineligible_items_cannot_enter_batch[high-False-False]" time="0.002" /><testcase classname="" name="test_high_always_explicit_and_ineligible_items_cannot_enter_batch[critical-True-False]" time="0.002" /><testcase classname="" name="test_high_always_explicit_and_ineligible_items_cannot_enter_batch[medium-True-False]" time="0.002" /><testcase classname="" name="test_high_always_explicit_and_ineligible_items_cannot_enter_batch[low-False-False]" time="0.002" /><testcase classname="" name="test_host_cannot_mark_high_or_always_explicit_item_batch_eligible" time="0.001" /><testcase classname="" name="test_batch_requires_finite_exact_ids_and_forbids_wildcards_categories" time="0.002" /><testcase classname="" name="test_batch_selection_is_bound_to_item_digest_idempotency_and_snapshot" time="0.002" /><testcase classname="" name="test_batch_token_rejects_source_drift_and_disabled_mode_calls_no_source" time="0.002" /><testcase classname="" name="test_all_host_callbacks_run_outside_internal_lock" time="0.005" /><testcase classname="" name="test_concurrent_continuations_never_mix_drifted_source_pages" time="0.004" /><testcase classname="" name="test_collection_page_batch_snapshot_and_string_limits" time="0.010" /><testcase classname="" name="test_no_mutation_authority_or_grant_import_surface" time="0.002" /><testcase classname="" name="test_no_startup_dashboard_provider_or_runtime_wiring" time="0.006" /><testcase classname="" name="test_restart_is_empty_and_old_tokens_cannot_be_restored" time="0.002" /><testcase classname="" name="test_r11_accepted_anchor_and_frozen_roots_remain_exact" time="0.002" /><testcase classname="" name="test_strict_default_off_has_no_clock_or_source_callback" time="0.001" /><testcase classname="" name="test_explicit_host_composition_is_pinned_but_not_claimed_as_same_process_secrecy" time="0.002" /><testcase classname="" name="test_read_apis_accept_no_source_items_or_authority_fields" time="0.001" /><testcase classname="" name="test_exact_source_output_types_only_no_subclass_or_custom_mapping" time="0.001" /><testcase classname="" name="test_bounds_are_checked_before_any_item_traversal_or_copy_hook" time="0.001" /><testcase classname="" name="test_raw_callback_exception_is_not_chained_or_recoverable" time="0.001" /><testcase classname="" name="test_every_recoverable_display_field_rejects_secrets[workspace_display]" time="0.001" /><testcase classname="" name="test_every_recoverable_display_field_rejects_secrets[account_display]" time="0.001" /><testcase classname="" name="test_every_recoverable_display_field_rejects_secrets[mission_display]" time="0.001" /><testcase classname="" name="test_every_recoverable_display_field_rejects_secrets[reason]" time="0.001" /><testcase classname="" name="test_every_recoverable_display_field_rejects_secrets[action]" time="0.001" /><testcase classname="" name="test_every_recoverable_display_field_rejects_secrets[target_display]" time="0.001" /><testcase classname="" name="test_every_recoverable_display_field_rejects_secrets[payload_summary]" time="0.001" /><testcase classname="" name="test_every_recoverable_display_field_rejects_secrets[effect_summary]" time="0.001" /><testcase classname="" name="test_every_recoverable_display_field_rejects_secrets[idempotency_summary]" time="0.001" /><testcase classname="" name="test_every_recoverable_display_field_rejects_secrets[verification_plan]" time="0.001" /><testcase classname="" name="test_every_recoverable_display_field_rejects_secrets[rollback_plan]" time="0.001" /><testcase classname="" name="test_complete_review_fields_are_immutable_non_authority_and_digest_internal" time="0.001" /><testcase classname="" name="test_source_timestamps_are_metadata_not_token_validity" time="0.002" /><testcase classname="" name="test_projection_owned_deadline_expires_without_source_callback_and_never_resurrects" time="0.003" /><testcase classname="" name="test_monotonic_clock_rollback_latches_and_cannot_resurrect" time="0.002" /><testcase classname="" name="test_same_source_epoch_content_drift_and_epoch_rollback_fail_closed" time="0.002" /><testcase classname="" name="test_query_sort_page_size_and_allowed_ids_are_bound_into_view_and_token" time="0.002" /><testcase classname="" name="test_batch_cannot_select_hidden_workspace_or_filtered_item" time="0.004" /><testcase classname="" name="test_pagination_is_stable_exact_set_without_duplicate_or_omission" time="0.023" /><testcase classname="" name="test_source_drift_cannot_mix_pages" time="0.002" /><testcase classname="" name="test_calm_batch_canonical_reorder_add_remove_substitute_and_non_authority" time="0.008" /><testcase classname="" name="test_high_critical_always_explicit_or_ineligible_never_enters_batch[high-False-False]" time="0.002" /><testcase classname="" name="test_high_critical_always_explicit_or_ineligible_never_enters_batch[critical-True-False]" time="0.002" /><testcase classname="" name="test_high_critical_always_explicit_or_ineligible_never_enters_batch[medium-True-False]" time="0.002" /><testcase classname="" name="test_high_critical_always_explicit_or_ineligible_never_enters_batch[low-False-False]" time="0.002" /><testcase classname="" name="test_host_cannot_mislabel_high_or_always_explicit_as_batch_eligible" time="0.001" /><testcase classname="" name="test_batch_forbids_wildcards_categories_duplicates_and_unbounded_sequences" time="0.002" /><testcase classname="" name="test_outer_token_validation_occurs_before_hmac_and_normalizes_all_malformed_inputs" time="0.001" /><testcase classname="" name="test_encode_rejects_incomplete_or_noncanonical_payload_before_hmac" time="0.001" /><testcase classname="" name="test_valid_hmac_with_malformed_payload_normalizes_to_stale" time="0.001" /><testcase classname="" name="test_tampered_token_and_restart_old_token_fail_before_source_callback" time="0.002" /><testcase classname="" name="test_source_concurrency_is_capped_at_one_and_excess_fails_closed" time="0.002" /><testcase classname="" name="test_source_callbacks_never_run_under_projection_lock" time="0.004" /><testcase classname="" name="test_result_constructors_reject_forged_or_contradictory_inputs" time="0.002" /><testcase classname="" name="test_unknown_identity_safety_and_schema_state_fail_closed[schema_version-99]" time="0.001" /><testcase classname="" name="test_unknown_identity_safety_and_schema_state_fail_closed[source_epoch-0]" time="0.001" /><testcase classname="" name="test_unknown_identity_safety_and_schema_state_fail_closed[principal_id-attacker-session]" time="0.001" /><testcase classname="" name="test_unknown_identity_safety_and_schema_state_fail_closed[session_id-attacker-session]" time="0.001" /><testcase classname="" name="test_unknown_identity_safety_and_schema_state_fail_closed[audit_healthy-False]" time="0.001" /><testcase classname="" name="test_unknown_identity_safety_and_schema_state_fail_closed[session_active-False]" time="0.001" /><testcase classname="" name="test_unknown_identity_safety_and_schema_state_fail_closed[kill_switch-True]" time="0.001" /><testcase classname="" name="test_limits_and_bounded_snapshot_view_caches" time="0.006" /><testcase classname="" name="test_no_mutation_grant_import_persistence_or_live_wiring" time="0.006" /><testcase classname="" name="test_v1_and_r11_frozen_anchor_bytes_remain_exact" time="0.005" /><testcase classname="" name="test_r11_transitive_tamper_fixture_rejects_v10_before_recursive_execution" time="6.554" /><testcase classname="" name="test_strict_default_off_has_no_clock_or_source_callback" time="0.001" /><testcase classname="" name="test_explicit_host_composition_is_pinned_but_not_claimed_as_same_process_secrecy" time="0.001" /><testcase classname="" name="test_read_apis_accept_no_source_items_or_authority_fields" time="0.001" /><testcase classname="" name="test_exact_source_output_types_only_no_subclass_or_custom_mapping" time="0.001" /><testcase classname="" name="test_bounds_are_checked_before_any_item_traversal_or_copy_hook" time="0.001" /><testcase classname="" name="test_raw_callback_exception_is_not_chained_or_recoverable" time="0.001" /><testcase classname="" name="test_every_recoverable_display_field_rejects_secrets[workspace_display]" time="0.001" /><testcase classname="" name="test_every_recoverable_display_field_rejects_secrets[account_display]" time="0.001" /><testcase classname="" name="test_every_recoverable_display_field_rejects_secrets[mission_display]" time="0.001" /><testcase classname="" name="test_every_recoverable_display_field_rejects_secrets[reason]" time="0.001" /><testcase classname="" name="test_every_recoverable_display_field_rejects_secrets[action]" time="0.001" /><testcase classname="" name="test_every_recoverable_display_field_rejects_secrets[target_display]" time="0.001" /><testcase classname="" name="test_every_recoverable_display_field_rejects_secrets[payload_summary]" time="0.001" /><testcase classname="" name="test_every_recoverable_display_field_rejects_secrets[effect_summary]" time="0.001" /><testcase classname="" name="test_every_recoverable_display_field_rejects_secrets[idempotency_summary]" time="0.001" /><testcase classname="" name="test_every_recoverable_display_field_rejects_secrets[verification_plan]" time="0.001" /><testcase classname="" name="test_every_recoverable_display_field_rejects_secrets[rollback_plan]" time="0.001" /><testcase classname="" name="test_complete_review_fields_are_immutable_non_authority_and_digest_internal" time="0.001" /><testcase classname="" name="test_source_timestamps_are_metadata_not_token_validity" time="0.002" /><testcase classname="" name="test_projection_owned_deadline_expires_without_source_callback_and_never_resurrects" time="0.003" /><testcase classname="" name="test_monotonic_clock_rollback_latches_and_cannot_resurrect" time="0.003" /><testcase classname="" name="test_same_epoch_equivocation_latches_and_restore_never_resurrects" time="0.003" /><testcase classname="" name="test_epoch_rollback_latches_and_restore_never_resurrects" time="0.002" /><testcase classname="" name="test_integrity_latch_is_nonresurrecting_across_concurrent_callers" time="0.003" /><testcase classname="" name="test_query_sort_page_size_and_allowed_ids_are_bound_into_view_and_token" time="0.002" /><testcase classname="" name="test_batch_cannot_select_hidden_workspace_or_filtered_item" time="0.002" /><testcase classname="" name="test_pagination_is_stable_exact_set_without_duplicate_or_omission" time="0.023" /><testcase classname="" name="test_source_drift_cannot_mix_pages" time="0.003" /><testcase classname="" name="test_calm_batch_canonical_reorder_add_remove_substitute_and_non_authority" time="0.008" /><testcase classname="" name="test_high_critical_always_explicit_or_ineligible_never_enters_batch[high-False-False]" time="0.002" /><testcase classname="" name="test_high_critical_always_explicit_or_ineligible_never_enters_batch[critical-True-False]" time="0.002" /><testcase classname="" name="test_high_critical_always_explicit_or_ineligible_never_enters_batch[medium-True-False]" time="0.002" /><testcase classname="" name="test_high_critical_always_explicit_or_ineligible_never_enters_batch[low-False-False]" time="0.002" /><testcase classname="" name="test_host_cannot_mislabel_high_or_always_explicit_as_batch_eligible" time="0.001" /><testcase classname="" name="test_batch_forbids_wildcards_categories_duplicates_and_unbounded_sequences" time="0.002" /><testcase classname="" name="test_outer_token_validation_occurs_before_hmac_and_normalizes_all_malformed_inputs" time="0.001" /><testcase classname="" name="test_encode_rejects_incomplete_or_noncanonical_payload_before_hmac" time="0.001" /><testcase classname="" name="test_valid_hmac_with_malformed_payload_normalizes_to_stale" time="0.001" /><testcase classname="" name="test_tampered_token_and_restart_old_token_fail_before_source_callback" time="0.002" /><testcase classname="" name="test_source_concurrency_is_capped_at_one_and_excess_fails_closed" time="0.002" /><testcase classname="" name="test_source_callbacks_never_run_under_projection_lock" time="0.005" /><testcase classname="" name="test_result_constructors_reject_forged_or_contradictory_inputs" time="0.002" /><testcase classname="" name="test_unknown_identity_safety_and_schema_state_fail_closed[schema_version-99]" time="0.001" /><testcase classname="" name="test_unknown_identity_safety_and_schema_state_fail_closed[source_epoch-0]" time="0.001" /><testcase classname="" name="test_unknown_identity_safety_and_schema_state_fail_closed[principal_id-attacker-session]" time="0.001" /><testcase classname="" name="test_unknown_identity_safety_and_schema_state_fail_closed[session_id-attacker-session]" time="0.001" /><testcase classname="" name="test_unknown_identity_safety_and_schema_state_fail_closed[audit_healthy-False]" time="0.001" /><testcase classname="" name="test_unknown_identity_safety_and_schema_state_fail_closed[session_active-False]" time="0.001" /><testcase classname="" name="test_unknown_identity_safety_and_schema_state_fail_closed[kill_switch-True]" time="0.001" /><testcase classname="" name="test_limits_and_bounded_snapshot_view_caches" time="0.006" /><testcase classname="" name="test_no_mutation_grant_import_persistence_or_live_wiring" time="0.006" /><testcase classname="" name="test_v1_v2_and_r11_frozen_anchor_bytes_remain_exact" time="0.006" /><testcase classname="" name="test_r11_transitive_tamper_fixture_rejects_v10_before_recursive_execution" time="6.437" /><testcase classname="" name="test_regenerated_hashes_cannot_bypass_semantic_metadata[limits]" time="0.276" /><testcase classname="" name="test_regenerated_hashes_cannot_bypass_semantic_metadata[base_commit]" time="0.226" /><testcase classname="" name="test_regenerated_hashes_cannot_bypass_semantic_metadata[environment]" time="0.396" /><testcase classname="" name="test_regenerated_hashes_cannot_bypass_semantic_metadata[timestamp]" time="0.376" /><testcase classname="" name="test_strict_default_off_has_no_clock_or_source_callback" time="0.001" /><testcase classname="" name="test_explicit_host_composition_is_pinned_but_not_claimed_as_same_process_secrecy" time="0.002" /><testcase classname="" name="test_read_apis_accept_no_source_items_or_authority_fields" time="0.001" /><testcase classname="" name="test_exact_source_output_types_only_no_subclass_or_custom_mapping" time="0.001" /><testcase classname="" name="test_bounds_are_checked_before_any_item_traversal_or_copy_hook" time="0.001" /><testcase classname="" name="test_raw_callback_exception_is_not_chained_or_recoverable" time="0.001" /><testcase classname="" name="test_every_recoverable_display_field_rejects_secrets[workspace_display]" time="0.001" /><testcase classname="" name="test_every_recoverable_display_field_rejects_secrets[account_display]" time="0.001" /><testcase classname="" name="test_every_recoverable_display_field_rejects_secrets[mission_display]" time="0.001" /><testcase classname="" name="test_every_recoverable_display_field_rejects_secrets[reason]" time="0.001" /><testcase classname="" name="test_every_recoverable_display_field_rejects_secrets[action]" time="0.001" /><testcase classname="" name="test_every_recoverable_display_field_rejects_secrets[target_display]" time="0.001" /><testcase classname="" name="test_every_recoverable_display_field_rejects_secrets[payload_summary]" time="0.001" /><testcase classname="" name="test_every_recoverable_display_field_rejects_secrets[effect_summary]" time="0.001" /><testcase classname="" name="test_every_recoverable_display_field_rejects_secrets[idempotency_summary]" time="0.001" /><testcase classname="" name="test_every_recoverable_display_field_rejects_secrets[verification_plan]" time="0.001" /><testcase classname="" name="test_every_recoverable_display_field_rejects_secrets[rollback_plan]" time="0.001" /><testcase classname="" name="test_complete_review_fields_are_immutable_non_authority_and_digest_internal" time="0.002" /><testcase classname="" name="test_source_timestamps_are_metadata_not_token_validity" time="0.003" /><testcase classname="" name="test_refreshed_source_timestamp_metadata_same_epoch_does_not_latch" time="0.003" /><testcase classname="" name="test_projection_owned_deadline_expires_without_source_callback_and_never_resurrects" time="0.003" /><testcase classname="" name="test_monotonic_clock_rollback_latches_and_cannot_resurrect" time="0.003" /><testcase classname="" name="test_same_epoch_equivocation_latches_and_restore_never_resurrects" time="0.004" /><testcase classname="" name="test_epoch_rollback_latches_and_restore_never_resurrects" time="0.002" /><testcase classname="" name="test_integrity_latch_is_nonresurrecting_across_concurrent_callers" time="0.003" /><testcase classname="" name="test_query_sort_page_size_and_allowed_ids_are_bound_into_view_and_token" time="0.003" /><testcase classname="" name="test_batch_cannot_select_hidden_workspace_or_filtered_item" time="0.004" /><testcase classname="" name="test_pagination_is_stable_exact_set_without_duplicate_or_omission" time="0.027" /><testcase classname="" name="test_source_drift_cannot_mix_pages" time="0.003" /><testcase classname="" name="test_calm_batch_canonical_reorder_add_remove_substitute_and_non_authority" time="0.012" /><testcase classname="" name="test_page_size_one_requires_second_item_to_be_returned_before_batch" time="0.006" /><testcase classname="" name="test_review_token_substitution_cross_view_and_restart_replay_fail_closed" time="0.005" /><testcase classname="" name="test_batch_preview_contains_complete_human_review_fields" time="0.002" /><testcase classname="" name="test_high_critical_always_explicit_or_ineligible_never_enters_batch[high-False-False]" time="0.003" /><testcase classname="" name="test_high_critical_always_explicit_or_ineligible_never_enters_batch[critical-True-False]" time="0.002" /><testcase classname="" name="test_high_critical_always_explicit_or_ineligible_never_enters_batch[medium-True-False]" time="0.002" /><testcase classname="" name="test_high_critical_always_explicit_or_ineligible_never_enters_batch[low-False-False]" time="0.002" /><testcase classname="" name="test_host_cannot_mislabel_high_or_always_explicit_as_batch_eligible" time="0.001" /><testcase classname="" name="test_batch_forbids_wildcards_categories_duplicates_and_unbounded_sequences" time="0.001" /><testcase classname="" name="test_outer_token_validation_occurs_before_hmac_and_normalizes_all_malformed_inputs" time="0.001" /><testcase classname="" name="test_encode_rejects_incomplete_or_noncanonical_payload_before_hmac" time="0.001" /><testcase classname="" name="test_valid_hmac_with_malformed_payload_normalizes_to_stale" time="0.001" /><testcase classname="" name="test_tampered_token_and_restart_old_token_fail_before_source_callback" time="0.002" /><testcase classname="" name="test_source_concurrency_is_capped_at_one_and_excess_fails_closed" time="0.002" /><testcase classname="" name="test_source_callbacks_never_run_under_projection_lock" time="0.006" /><testcase classname="" name="test_result_constructors_reject_forged_or_contradictory_inputs" time="0.002" /><testcase classname="" name="test_unknown_identity_safety_and_schema_state_fail_closed[schema_version-99]" time="0.001" /><testcase classname="" name="test_unknown_identity_safety_and_schema_state_fail_closed[source_epoch-0]" time="0.001" /><testcase classname="" name="test_unknown_identity_safety_and_schema_state_fail_closed[principal_id-attacker-session]" time="0.001" /><testcase classname="" name="test_unknown_identity_safety_and_schema_state_fail_closed[session_id-attacker-session]" time="0.001" /><testcase classname="" name="test_unknown_identity_safety_and_schema_state_fail_closed[audit_healthy-False]" time="0.001" /><testcase classname="" name="test_unknown_identity_safety_and_schema_state_fail_closed[session_active-False]" time="0.001" /><testcase classname="" name="test_unknown_identity_safety_and_schema_state_fail_closed[kill_switch-True]" time="0.001" /><testcase classname="" name="test_limits_and_bounded_snapshot_view_caches" time="0.008" /><testcase classname="" name="test_no_mutation_grant_import_persistence_or_live_wiring" time="0.005" /><testcase classname="" name="test_v1_v2_v3_and_r11_frozen_anchor_bytes_remain_exact" time="0.007" /><testcase classname="" name="test_r11_transitive_tamper_fixture_rejects_v10_before_recursive_execution" time="6.756" /><testcase classname="" name="test_v2_transitive_tamper_fixture_rejects_core_v2" time="0.891" /><testcase classname="" name="test_future_approval_successor_import_indirection_is_rejected" time="0.034" /><testcase classname="" name="test_regenerated_hashes_cannot_bypass_semantic_metadata[limits]" time="0.200" /><testcase classname="" name="test_regenerated_hashes_cannot_bypass_semantic_metadata[base_commit]" time="0.205" /><testcase classname="" name="test_regenerated_hashes_cannot_bypass_semantic_metadata[environment]" time="0.365" /><testcase classname="" name="test_regenerated_hashes_cannot_bypass_semantic_metadata[timestamp]" time="0.355" /><testcase classname="" name="test_strict_default_off_has_no_clock_or_source_callback" time="0.001" /><testcase classname="" name="test_explicit_host_composition_is_pinned_but_not_claimed_as_same_process_secrecy" time="0.002" /><testcase classname="" name="test_read_apis_accept_no_source_items_or_authority_fields" time="0.001" /><testcase classname="" name="test_exact_source_output_types_only_no_subclass_or_custom_mapping" time="0.001" /><testcase classname="" name="test_bounds_are_checked_before_any_item_traversal_or_copy_hook" time="0.001" /><testcase classname="" name="test_raw_callback_exception_is_not_chained_or_recoverable" time="0.001" /><testcase classname="" name="test_every_recoverable_display_field_rejects_secrets[workspace_display]" time="0.001" /><testcase classname="" name="test_every_recoverable_display_field_rejects_secrets[account_display]" time="0.001" /><testcase classname="" name="test_every_recoverable_display_field_rejects_secrets[mission_display]" time="0.001" /><testcase classname="" name="test_every_recoverable_display_field_rejects_secrets[reason]" time="0.001" /><testcase classname="" name="test_every_recoverable_display_field_rejects_secrets[action]" time="0.001" /><testcase classname="" name="test_every_recoverable_display_field_rejects_secrets[target_display]" time="0.001" /><testcase classname="" name="test_every_recoverable_display_field_rejects_secrets[payload_summary]" time="0.001" /><testcase classname="" name="test_every_recoverable_display_field_rejects_secrets[effect_summary]" time="0.001" /><testcase classname="" name="test_every_recoverable_display_field_rejects_secrets[idempotency_summary]" time="0.001" /><testcase classname="" name="test_every_recoverable_display_field_rejects_secrets[verification_plan]" time="0.001" /><testcase classname="" name="test_every_recoverable_display_field_rejects_secrets[rollback_plan]" time="0.001" /><testcase classname="" name="test_complete_review_fields_are_immutable_non_authority_and_digest_internal" time="0.002" /><testcase classname="" name="test_source_timestamps_are_metadata_not_token_validity" time="0.003" /><testcase classname="" name="test_refreshed_source_timestamp_metadata_same_epoch_does_not_latch" time="0.003" /><testcase classname="" name="test_projection_owned_deadline_expires_without_source_callback_and_never_resurrects" time="0.003" /><testcase classname="" name="test_monotonic_clock_rollback_latches_and_cannot_resurrect" time="0.003" /><testcase classname="" name="test_same_epoch_equivocation_latches_and_restore_never_resurrects" time="0.002" /><testcase classname="" name="test_epoch_rollback_latches_and_restore_never_resurrects" time="0.002" /><testcase classname="" name="test_integrity_latch_is_nonresurrecting_across_concurrent_callers" time="0.003" /><testcase classname="" name="test_query_sort_page_size_and_allowed_ids_are_bound_into_view_and_token" time="0.002" /><testcase classname="" name="test_batch_cannot_select_hidden_workspace_or_filtered_item" time="0.004" /><testcase classname="" name="test_pagination_is_stable_exact_set_without_duplicate_or_omission" time="0.029" /><testcase classname="" name="test_source_drift_cannot_mix_pages" time="0.003" /><testcase classname="" name="test_calm_batch_canonical_reorder_add_remove_substitute_and_non_authority" time="0.011" /><testcase classname="" name="test_page_size_one_requires_second_item_to_be_returned_before_batch" time="0.005" /><testcase classname="" name="test_review_token_substitution_cross_view_and_restart_replay_fail_closed" time="0.004" /><testcase classname="" name="test_reopening_identical_view_preserves_previously_returned_review_proofs" time="0.004" /><testcase classname="" name="test_reopening_conflicting_registered_view_state_latches_fail_closed[conflicting-view]" time="0.003" /><testcase classname="" name="test_reopening_conflicting_registered_view_state_latches_fail_closed[missing-proofs]" time="0.002" /><testcase classname="" name="test_batch_preview_contains_complete_human_review_fields" time="0.002" /><testcase classname="" name="test_high_critical_always_explicit_or_ineligible_never_enters_batch[high-False-False]" time="0.002" /><testcase classname="" name="test_high_critical_always_explicit_or_ineligible_never_enters_batch[critical-True-False]" time="0.002" /><testcase classname="" name="test_high_critical_always_explicit_or_ineligible_never_enters_batch[medium-True-False]" time="0.002" /><testcase classname="" name="test_high_critical_always_explicit_or_ineligible_never_enters_batch[low-False-False]" time="0.002" /><testcase classname="" name="test_host_cannot_mislabel_high_or_always_explicit_as_batch_eligible" time="0.001" /><testcase classname="" name="test_batch_forbids_wildcards_categories_duplicates_and_unbounded_sequences" time="0.002" /><testcase classname="" name="test_outer_token_validation_occurs_before_hmac_and_normalizes_all_malformed_inputs" time="0.001" /><testcase classname="" name="test_encode_rejects_incomplete_or_noncanonical_payload_before_hmac" time="0.001" /><testcase classname="" name="test_valid_hmac_with_malformed_payload_normalizes_to_stale" time="0.001" /><testcase classname="" name="test_tampered_token_and_restart_old_token_fail_before_source_callback" time="0.002" /><testcase classname="" name="test_source_concurrency_is_capped_at_one_and_excess_fails_closed" time="0.002" /><testcase classname="" name="test_source_callbacks_never_run_under_projection_lock" time="0.005" /><testcase classname="" name="test_result_constructors_reject_forged_or_contradictory_inputs" time="0.002" /><testcase classname="" name="test_unknown_identity_safety_and_schema_state_fail_closed[schema_version-99]" time="0.001" /><testcase classname="" name="test_unknown_identity_safety_and_schema_state_fail_closed[source_epoch-0]" time="0.001" /><testcase classname="" name="test_unknown_identity_safety_and_schema_state_fail_closed[principal_id-attacker-session]" time="0.001" /><testcase classname="" name="test_unknown_identity_safety_and_schema_state_fail_closed[session_id-attacker-session]" time="0.001" /><testcase classname="" name="test_unknown_identity_safety_and_schema_state_fail_closed[audit_healthy-False]" time="0.001" /><testcase classname="" name="test_unknown_identity_safety_and_schema_state_fail_closed[session_active-False]" time="0.001" /><testcase classname="" name="test_unknown_identity_safety_and_schema_state_fail_closed[kill_switch-True]" time="0.001" /><testcase classname="" name="test_limits_and_bounded_snapshot_view_caches" time="0.008" /><testcase classname="" name="test_no_mutation_grant_import_persistence_or_live_wiring" time="0.005" /><testcase classname="" name="test_v1_v2_v3_v4_and_r11_frozen_anchor_bytes_remain_exact" time="0.009" /><testcase classname="" name="test_r11_transitive_tamper_fixture_rejects_v10_before_recursive_execution" time="6.501" /><testcase classname="" name="test_v2_transitive_tamper_fixture_rejects_core_v2" time="0.814" /><testcase classname="" name="test_v3_transitive_tamper_fixture_rejects_core_v3" time="0.881" /><testcase classname="" name="test_future_approval_successor_import_indirection_is_rejected" time="0.038" /><testcase classname="" name="test_literal_dynamic_approval_imports_are_rejected[importlib]" time="0.035" /><testcase classname="" name="test_literal_dynamic_approval_imports_are_rejected[dunder-import]" time="0.022" /><testcase classname="" name="test_literal_dynamic_approval_imports_are_rejected[runpy]" time="0.024" /><testcase classname="" name="test_regenerated_hashes_cannot_bypass_semantic_metadata[limits]" time="0.194" /><testcase classname="" name="test_regenerated_hashes_cannot_bypass_semantic_metadata[base_commit]" time="0.213" /><testcase classname="" name="test_regenerated_hashes_cannot_bypass_semantic_metadata[environment]" time="0.340" /><testcase classname="" name="test_regenerated_hashes_cannot_bypass_semantic_metadata[timestamp]" time="0.356" /><testcase classname="" name="test_strict_default_off_has_no_clock_or_source_callback" time="0.001" /><testcase classname="" name="test_explicit_host_composition_is_pinned_but_not_claimed_as_same_process_secrecy" time="0.002" /><testcase classname="" name="test_read_apis_accept_no_source_items_or_authority_fields" time="0.001" /><testcase classname="" name="test_exact_source_output_types_only_no_subclass_or_custom_mapping" time="0.001" /><testcase classname="" name="test_bounds_are_checked_before_any_item_traversal_or_copy_hook" time="0.001" /><testcase classname="" name="test_raw_callback_exception_is_not_chained_or_recoverable" time="0.001" /><testcase classname="" name="test_every_recoverable_display_field_rejects_secrets[workspace_display]" time="0.001" /><testcase classname="" name="test_every_recoverable_display_field_rejects_secrets[account_display]" time="0.001" /><testcase classname="" name="test_every_recoverable_display_field_rejects_secrets[mission_display]" time="0.001" /><testcase classname="" name="test_every_recoverable_display_field_rejects_secrets[reason]" time="0.001" /><testcase classname="" name="test_every_recoverable_display_field_rejects_secrets[action]" time="0.001" /><testcase classname="" name="test_every_recoverable_display_field_rejects_secrets[target_display]" time="0.001" /><testcase classname="" name="test_every_recoverable_display_field_rejects_secrets[payload_summary]" time="0.001" /><testcase classname="" name="test_every_recoverable_display_field_rejects_secrets[effect_summary]" time="0.001" /><testcase classname="" name="test_every_recoverable_display_field_rejects_secrets[idempotency_summary]" time="0.001" /><testcase classname="" name="test_every_recoverable_display_field_rejects_secrets[verification_plan]" time="0.001" /><testcase classname="" name="test_every_recoverable_display_field_rejects_secrets[rollback_plan]" time="0.001" /><testcase classname="" name="test_complete_review_fields_are_immutable_non_authority_and_digest_internal" time="0.001" /><testcase classname="" name="test_source_timestamps_are_metadata_not_token_validity" time="0.003" /><testcase classname="" name="test_refreshed_source_timestamp_metadata_same_epoch_does_not_latch" time="0.003" /><testcase classname="" name="test_projection_owned_deadline_expires_without_source_callback_and_never_resurrects" time="0.003" /><testcase classname="" name="test_monotonic_clock_rollback_latches_and_cannot_resurrect" time="0.003" /><testcase classname="" name="test_same_epoch_equivocation_latches_and_restore_never_resurrects" time="0.003" /><testcase classname="" name="test_epoch_rollback_latches_and_restore_never_resurrects" time="0.002" /><testcase classname="" name="test_integrity_latch_is_nonresurrecting_across_concurrent_callers" time="0.003" /><testcase classname="" name="test_query_sort_page_size_and_allowed_ids_are_bound_into_view_and_token" time="0.002" /><testcase classname="" name="test_batch_cannot_select_hidden_workspace_or_filtered_item" time="0.004" /><testcase classname="" name="test_pagination_is_stable_exact_set_without_duplicate_or_omission" time="0.023" /><testcase classname="" name="test_source_drift_cannot_mix_pages" time="0.003" /><testcase classname="" name="test_calm_batch_canonical_reorder_add_remove_substitute_and_non_authority" time="0.011" /><testcase classname="" name="test_page_size_one_requires_second_item_to_be_returned_before_batch" time="0.004" /><testcase classname="" name="test_review_token_substitution_cross_view_and_restart_replay_fail_closed" time="0.004" /><testcase classname="" name="test_reopening_identical_view_preserves_previously_returned_review_proofs" time="0.005" /><testcase classname="" name="test_reopening_conflicting_registered_view_state_latches_fail_closed[conflicting-view]" time="0.002" /><testcase classname="" name="test_reopening_conflicting_registered_view_state_latches_fail_closed[missing-proofs]" time="0.001" /><testcase classname="" name="test_batch_preview_contains_complete_human_review_fields" time="0.003" /><testcase classname="" name="test_high_critical_always_explicit_or_ineligible_never_enters_batch[high-False-False]" time="0.003" /><testcase classname="" name="test_high_critical_always_explicit_or_ineligible_never_enters_batch[critical-True-False]" time="0.003" /><testcase classname="" name="test_high_critical_always_explicit_or_ineligible_never_enters_batch[medium-True-False]" time="0.002" /><testcase classname="" name="test_high_critical_always_explicit_or_ineligible_never_enters_batch[low-False-False]" time="0.002" /><testcase classname="" name="test_host_cannot_mislabel_high_or_always_explicit_as_batch_eligible" time="0.001" /><testcase classname="" name="test_batch_forbids_wildcards_categories_duplicates_and_unbounded_sequences" time="0.002" /><testcase classname="" name="test_outer_token_validation_occurs_before_hmac_and_normalizes_all_malformed_inputs" time="0.001" /><testcase classname="" name="test_encode_rejects_incomplete_or_noncanonical_payload_before_hmac" time="0.001" /><testcase classname="" name="test_valid_hmac_with_malformed_payload_normalizes_to_stale" time="0.001" /><testcase classname="" name="test_tampered_token_and_restart_old_token_fail_before_source_callback" time="0.001" /><testcase classname="" name="test_source_concurrency_is_capped_at_one_and_excess_fails_closed" time="0.002" /><testcase classname="" name="test_source_callbacks_never_run_under_projection_lock" time="0.005" /><testcase classname="" name="test_result_constructors_reject_forged_or_contradictory_inputs" time="0.002" /><testcase classname="" name="test_unknown_identity_safety_and_schema_state_fail_closed[schema_version-99]" time="0.001" /><testcase classname="" name="test_unknown_identity_safety_and_schema_state_fail_closed[source_epoch-0]" time="0.001" /><testcase classname="" name="test_unknown_identity_safety_and_schema_state_fail_closed[principal_id-attacker-session]" time="0.001" /><testcase classname="" name="test_unknown_identity_safety_and_schema_state_fail_closed[session_id-attacker-session]" time="0.001" /><testcase classname="" name="test_unknown_identity_safety_and_schema_state_fail_closed[audit_healthy-False]" time="0.001" /><testcase classname="" name="test_unknown_identity_safety_and_schema_state_fail_closed[session_active-False]" time="0.001" /><testcase classname="" name="test_unknown_identity_safety_and_schema_state_fail_closed[kill_switch-True]" time="0.001" /><testcase classname="" name="test_limits_and_bounded_snapshot_view_caches" time="0.008" /><testcase classname="" name="test_no_mutation_grant_import_persistence_or_live_wiring" time="0.006" /><testcase classname="" name="test_v1_v2_v3_v4_v5_and_r11_frozen_anchor_bytes_remain_exact" time="0.012" /><testcase classname="" name="test_r11_transitive_tamper_fixture_rejects_v10_before_recursive_execution" time="6.523" /><testcase classname="" name="test_v2_transitive_tamper_fixture_rejects_core_v2" time="0.930" /><testcase classname="" name="test_v3_transitive_tamper_fixture_rejects_core_v3" time="0.894" /><testcase classname="" name="test_v5_transitive_tamper_fixture_rejects_core_v5" time="1.060" /><testcase classname="" name="test_future_approval_successor_import_indirection_is_rejected" time="0.041" /><testcase classname="" name="test_relative_importlib_wiring_is_resolved_and_rejected[single-dot-keyword-alias]" time="0.049" /><testcase classname="" name="test_relative_importlib_wiring_is_resolved_and_rejected[double-dot-positional-bound-alias]" time="0.050" /><testcase classname="" name="test_unresolvable_relative_dynamic_imports_fail_closed[nonliteral-name]" time="0.001" /><testcase classname="" name="test_unresolvable_relative_dynamic_imports_fail_closed[nonliteral-package]" time="0.001" /><testcase classname="" name="test_unresolvable_relative_dynamic_imports_fail_closed[missing-package]" time="0.001" /><testcase classname="" name="test_unresolvable_relative_dynamic_imports_fail_closed[invalid-level]" time="0.001" /><testcase classname="" name="test_unresolvable_relative_dynamic_imports_fail_closed[invalid-package-context]" time="0.001" /><testcase classname="" name="test_literal_dynamic_approval_imports_are_rejected[importlib]" time="0.025" /><testcase classname="" name="test_literal_dynamic_approval_imports_are_rejected[dunder-import]" time="0.025" /><testcase classname="" name="test_literal_dynamic_approval_imports_are_rejected[runpy]" time="0.027" /><testcase classname="" name="test_regenerated_hashes_cannot_bypass_semantic_metadata[limits]" time="0.284" /><testcase classname="" name="test_regenerated_hashes_cannot_bypass_semantic_metadata[base_commit]" time="0.214" /><testcase classname="" name="test_regenerated_hashes_cannot_bypass_semantic_metadata[environment]" time="0.347" /><testcase classname="" name="test_regenerated_hashes_cannot_bypass_semantic_metadata[timestamp]" time="0.321" /><testcase classname="" name="test_strict_default_off_has_no_clock_or_source_callback" time="0.001" /><testcase classname="" name="test_explicit_host_composition_is_pinned_but_not_claimed_as_same_process_secrecy" time="0.002" /><testcase classname="" name="test_read_apis_accept_no_source_items_or_authority_fields" time="0.001" /><testcase classname="" name="test_exact_source_output_types_only_no_subclass_or_custom_mapping" time="0.001" /><testcase classname="" name="test_bounds_are_checked_before_any_item_traversal_or_copy_hook" time="0.001" /><testcase classname="" name="test_raw_callback_exception_is_not_chained_or_recoverable" time="0.001" /><testcase classname="" name="test_every_recoverable_display_field_rejects_secrets[workspace_display]" time="0.001" /><testcase classname="" name="test_every_recoverable_display_field_rejects_secrets[account_display]" time="0.001" /><testcase classname="" name="test_every_recoverable_display_field_rejects_secrets[mission_display]" time="0.001" /><testcase classname="" name="test_every_recoverable_display_field_rejects_secrets[reason]" time="0.001" /><testcase classname="" name="test_every_recoverable_display_field_rejects_secrets[action]" time="0.001" /><testcase classname="" name="test_every_recoverable_display_field_rejects_secrets[target_display]" time="0.001" /><testcase classname="" name="test_every_recoverable_display_field_rejects_secrets[payload_summary]" time="0.001" /><testcase classname="" name="test_every_recoverable_display_field_rejects_secrets[effect_summary]" time="0.001" /><testcase classname="" name="test_every_recoverable_display_field_rejects_secrets[idempotency_summary]" time="0.001" /><testcase classname="" name="test_every_recoverable_display_field_rejects_secrets[verification_plan]" time="0.001" /><testcase classname="" name="test_every_recoverable_display_field_rejects_secrets[rollback_plan]" time="0.001" /><testcase classname="" name="test_complete_review_fields_are_immutable_non_authority_and_digest_internal" time="0.002" /><testcase classname="" name="test_source_timestamps_are_metadata_not_token_validity" time="0.003" /><testcase classname="" name="test_refreshed_source_timestamp_metadata_same_epoch_does_not_latch" time="0.003" /><testcase classname="" name="test_projection_owned_deadline_expires_without_source_callback_and_never_resurrects" time="0.003" /><testcase classname="" name="test_monotonic_clock_rollback_latches_and_cannot_resurrect" time="0.003" /><testcase classname="" name="test_same_epoch_equivocation_latches_and_restore_never_resurrects" time="0.004" /><testcase classname="" name="test_epoch_rollback_latches_and_restore_never_resurrects" time="0.002" /><testcase classname="" name="test_integrity_latch_is_nonresurrecting_across_concurrent_callers" time="0.003" /><testcase classname="" name="test_query_sort_page_size_and_allowed_ids_are_bound_into_view_and_token" time="0.002" /><testcase classname="" name="test_batch_cannot_select_hidden_workspace_or_filtered_item" time="0.004" /><testcase classname="" name="test_pagination_is_stable_exact_set_without_duplicate_or_omission" time="0.027" /><testcase classname="" name="test_source_drift_cannot_mix_pages" time="0.003" /><testcase classname="" name="test_calm_batch_canonical_reorder_add_remove_substitute_and_non_authority" time="0.013" /><testcase classname="" name="test_page_size_one_requires_second_item_to_be_returned_before_batch" time="0.004" /><testcase classname="" name="test_review_token_substitution_cross_view_and_restart_replay_fail_closed" time="0.005" /><testcase classname="" name="test_reopening_identical_view_preserves_previously_returned_review_proofs" time="0.004" /><testcase classname="" name="test_reopening_conflicting_registered_view_state_latches_fail_closed[conflicting-view]" time="0.002" /><testcase classname="" name="test_reopening_conflicting_registered_view_state_latches_fail_closed[missing-proofs]" time="0.002" /><testcase classname="" name="test_batch_preview_contains_complete_human_review_fields" time="0.002" /><testcase classname="" name="test_high_critical_always_explicit_or_ineligible_never_enters_batch[high-False-False]" time="0.002" /><testcase classname="" name="test_high_critical_always_explicit_or_ineligible_never_enters_batch[critical-True-False]" time="0.003" /><testcase classname="" name="test_high_critical_always_explicit_or_ineligible_never_enters_batch[medium-True-False]" time="0.003" /><testcase classname="" name="test_high_critical_always_explicit_or_ineligible_never_enters_batch[low-False-False]" time="0.001" /><testcase classname="" name="test_host_cannot_mislabel_high_or_always_explicit_as_batch_eligible" time="0.001" /><testcase classname="" name="test_batch_forbids_wildcards_categories_duplicates_and_unbounded_sequences" time="0.002" /><testcase classname="" name="test_outer_token_validation_occurs_before_hmac_and_normalizes_all_malformed_inputs" time="0.001" /><testcase classname="" name="test_encode_rejects_incomplete_or_noncanonical_payload_before_hmac" time="0.001" /><testcase classname="" name="test_valid_hmac_with_malformed_payload_normalizes_to_stale" time="0.001" /><testcase classname="" name="test_tampered_token_and_restart_old_token_fail_before_source_callback" time="0.002" /><testcase classname="" name="test_source_concurrency_is_capped_at_one_and_excess_fails_closed" time="0.002" /><testcase classname="" name="test_source_callbacks_never_run_under_projection_lock" time="0.005" /><testcase classname="" name="test_result_constructors_reject_forged_or_contradictory_inputs" time="0.001" /><testcase classname="" name="test_unknown_identity_safety_and_schema_state_fail_closed[schema_version-99]" time="0.001" /><testcase classname="" name="test_unknown_identity_safety_and_schema_state_fail_closed[source_epoch-0]" time="0.001" /><testcase classname="" name="test_unknown_identity_safety_and_schema_state_fail_closed[principal_id-attacker-session]" time="0.001" /><testcase classname="" name="test_unknown_identity_safety_and_schema_state_fail_closed[session_id-attacker-session]" time="0.001" /><testcase classname="" name="test_unknown_identity_safety_and_schema_state_fail_closed[audit_healthy-False]" time="0.001" /><testcase classname="" name="test_unknown_identity_safety_and_schema_state_fail_closed[session_active-False]" time="0.001" /><testcase classname="" name="test_unknown_identity_safety_and_schema_state_fail_closed[kill_switch-True]" time="0.001" /><testcase classname="" name="test_limits_and_bounded_snapshot_view_caches" time="0.008" /><testcase classname="" name="test_no_mutation_grant_import_persistence_or_live_wiring" time="0.007" /><testcase classname="" name="test_v1_v2_v3_v4_v5_v6_and_r11_frozen_anchor_bytes_remain_exact" time="0.017" /><testcase classname="" name="test_r11_transitive_tamper_fixture_rejects_v10_before_recursive_execution" time="6.808" /><testcase classname="" name="test_v2_transitive_tamper_fixture_rejects_core_v2" time="0.841" /><testcase classname="" name="test_v3_transitive_tamper_fixture_rejects_core_v3" time="0.895" /><testcase classname="" name="test_v5_transitive_tamper_fixture_rejects_core_v5" time="1.052" /><testcase classname="" name="test_v6_transitive_tamper_fixture_rejects_core_v6" time="1.061" /><testcase classname="" name="test_future_approval_successor_import_indirection_is_rejected" time="0.039" /><testcase classname="" name="test_future_v8_loader_forms_fail_closed[assignment-alias]" time="0.044" /><testcase classname="" name="test_future_v8_loader_forms_fail_closed[getattr-importlib]" time="0.028" /><testcase classname="" name="test_future_v8_loader_forms_fail_closed[builtins-dunder-import]" time="0.034" /><testcase classname="" name="test_future_v8_loader_forms_fail_closed[from-builtins-alias]" time="0.041" /><testcase classname="" name="test_future_v8_loader_forms_fail_closed[getattr-runpy]" time="0.042" /><testcase classname="" name="test_future_v8_loader_forms_fail_closed[alias-chain]" time="0.040" /><testcase classname="" name="test_future_v8_loader_forms_fail_closed[ambiguous-rebinding]" time="0.042" /><testcase classname="" name="test_future_v8_loader_forms_fail_closed[eval-literal]" time="0.041" /><testcase classname="" name="test_future_v8_loader_forms_fail_closed[eval-nonliteral]" time="0.048" /><testcase classname="" name="test_future_v8_loader_forms_fail_closed[exec-literal]" time="0.042" /><testcase classname="" name="test_future_v8_loader_forms_fail_closed[exec-nonliteral]" time="0.034" /><testcase classname="" name="test_future_v8_loader_forms_fail_closed[compile-literal]" time="0.033" /><testcase classname="" name="test_future_v8_loader_forms_fail_closed[compile-nonliteral]" time="0.042" /><testcase classname="" name="test_relative_importlib_wiring_is_resolved_and_rejected[single-dot-keyword-alias]" time="0.042" /><testcase classname="" name="test_relative_importlib_wiring_is_resolved_and_rejected[double-dot-positional-bound-alias]" time="0.040" /><testcase classname="" name="test_unresolvable_relative_dynamic_imports_fail_closed[nonliteral-name]" time="0.001" /><testcase classname="" name="test_unresolvable_relative_dynamic_imports_fail_closed[nonliteral-package]" time="0.001" /><testcase classname="" name="test_unresolvable_relative_dynamic_imports_fail_closed[missing-package]" time="0.001" /><testcase classname="" name="test_unresolvable_relative_dynamic_imports_fail_closed[invalid-level]" time="0.001" /><testcase classname="" name="test_unresolvable_relative_dynamic_imports_fail_closed[invalid-package-context]" time="0.001" /><testcase classname="" name="test_literal_dynamic_approval_imports_are_rejected[importlib]" time="0.027" /><testcase classname="" name="test_literal_dynamic_approval_imports_are_rejected[dunder-import]" time="0.024" /><testcase classname="" name="test_literal_dynamic_approval_imports_are_rejected[runpy]" time="0.043" /><testcase classname="" name="test_regenerated_hashes_cannot_bypass_semantic_metadata[limits]" time="0.215" /><testcase classname="" name="test_regenerated_hashes_cannot_bypass_semantic_metadata[base_commit]" time="0.227" /><testcase classname="" name="test_regenerated_hashes_cannot_bypass_semantic_metadata[environment]" time="0.364" /><testcase classname="" name="test_regenerated_hashes_cannot_bypass_semantic_metadata[timestamp]" time="0.360" /><testcase classname="" name="test_exact_enable_values[true]" time="0.002" /><testcase classname="" name="test_exact_enable_values[TRUE]" time="0.002" /><testcase classname="" name="test_exact_enable_values[1]" time="0.002" /><testcase classname="" name="test_exact_enable_values[ true ]" time="0.002" /><testcase classname="" name="test_default_off_never_calls_source[]" time="0.001" /><testcase classname="" name="test_default_off_never_calls_source[0]" time="0.001" /><testcase classname="" name="test_default_off_never_calls_source[yes]" time="0.001" /><testcase classname="" name="test_default_off_never_calls_source[on]" time="0.001" /><testcase classname="" name="test_default_off_never_calls_source[enabled]" time="0.001" /><testcase classname="" name="test_default_off_never_calls_source[false]" time="0.001" /><testcase classname="" name="test_flag_is_read_once_but_epoch_change_permanently_revokes" time="0.001" /><testcase classname="" name="test_page_contains_complete_safe_review_and_zero_authority" time="0.002" /><testcase classname="" name="test_pagination_is_stable_and_cursor_is_exact" time="0.002" /><testcase classname="" name="test_identical_reopen_reuses_snapshot_deadline_and_review_proofs" time="0.002" /><testcase classname="" name="test_snapshot_reuse_never_extends_ttl" time="0.002" /><testcase classname="" name="test_clock_rollback_integrity_latches" time="0.001" /><testcase classname="" name="test_source_epoch_rollback_and_equivocation_latch" time="0.002" /><testcase classname="" name="test_new_source_epoch_invalidates_all_old_cursors_and_review_proofs" time="0.002" /><testcase classname="" name="test_feature_epoch_change_during_capture_rejects_callback_output" time="0.001" /><testcase classname="" name="test_source_exception_is_collapsed_without_secret_cause" time="0.001" /><testcase classname="" name="test_single_flight_callback_is_bounded_and_outside_projection_lock" time="0.002" /><testcase classname="" name="test_calm_batch_is_order_independent_idempotent_and_non_authoritative" time="0.002" /><testcase classname="" name="test_handoff_contains_only_review_identifiers_and_revalidation_instruction" time="0.002" /><testcase classname="" name="test_ineligible_items_never_enter_calm_batch[changes0]" time="0.002" /><testcase classname="" name="test_ineligible_items_never_enter_calm_batch[changes1]" time="0.002" /><testcase classname="" name="test_ineligible_items_never_enter_calm_batch[changes2]" time="0.002" /><testcase classname="" name="test_ineligible_items_never_enter_calm_batch[changes3]" time="0.002" /><testcase classname="" name="test_hidden_unreturned_cross_view_and_tampered_proofs_fail" time="0.002" /><testcase classname="" name="test_duplicate_item_request_fingerprint_and_idempotency_identity_reject" time="0.004" /><testcase classname="" name="test_malformed_or_mismatched_host_fields_fail_closed[principal_id-other-owner]" time="0.001" /><testcase classname="" name="test_malformed_or_mismatched_host_fields_fail_closed[session_id-other-session]" time="0.001" /><testcase classname="" name="test_malformed_or_mismatched_host_fields_fail_closed[payload_summary-token=secret-value]" time="0.001" /><testcase classname="" name="test_malformed_or_mismatched_host_fields_fail_closed[risk-unknown]" time="0.001" /><testcase classname="" name="test_malformed_or_mismatched_host_fields_fail_closed[currency-usd]" time="0.001" /><testcase classname="" name="test_malformed_or_mismatched_host_fields_fail_closed[expires_at_ms-1]" time="0.001" /><testcase classname="" name="test_malformed_or_mismatched_host_fields_fail_closed[batch_eligible-1]" time="0.001" /><testcase classname="" name="test_public_surface_has_no_authority_or_mutation_methods" time="0.001" /><testcase classname="" name="test_exact_enable_values[true]" time="0.002" /><testcase classname="" name="test_exact_enable_values[TRUE]" time="0.002" /><testcase classname="" name="test_exact_enable_values[1]" time="0.002" /><testcase classname="" name="test_exact_enable_values[ true ]" time="0.002" /><testcase classname="" name="test_default_off_never_calls_source[]" time="0.001" /><testcase classname="" name="test_default_off_never_calls_source[0]" time="0.001" /><testcase classname="" name="test_default_off_never_calls_source[yes]" time="0.001" /><testcase classname="" name="test_default_off_never_calls_source[on]" time="0.001" /><testcase classname="" name="test_default_off_never_calls_source[enabled]" time="0.001" /><testcase classname="" name="test_default_off_never_calls_source[false]" time="0.001" /><testcase classname="" name="test_flag_is_read_once_but_epoch_change_permanently_revokes" time="0.001" /><testcase classname="" name="test_gate_honors_completed_revocation_after_stale_epoch_callback" time="0.001" /><testcase classname="" name="test_projection_state_cannot_publish_ready_after_completed_revocation" time="0.001" /><testcase classname="" name="test_page_contains_complete_safe_review_and_zero_authority" time="0.002" /><testcase classname="" name="test_pagination_is_stable_and_cursor_is_exact" time="0.002" /><testcase classname="" name="test_identical_reopen_reuses_snapshot_deadline_and_review_proofs" time="0.002" /><testcase classname="" name="test_snapshot_reuse_never_extends_ttl" time="0.002" /><testcase classname="" name="test_clock_rollback_integrity_latches" time="0.002" /><testcase classname="" name="test_source_epoch_rollback_and_equivocation_latch" time="0.003" /><testcase classname="" name="test_new_source_epoch_invalidates_all_old_cursors_and_review_proofs" time="0.002" /><testcase classname="" name="test_feature_epoch_change_during_capture_rejects_callback_output" time="0.001" /><testcase classname="" name="test_open_page_final_publication_rejects_completed_revocation" time="0.002" /><testcase classname="" name="test_cached_continuation_final_publication_rejects_revocation" time="0.002" /><testcase classname="" name="test_batch_outputs_final_publication_rejects_revocation[preview_calm_batch]" time="0.002" /><testcase classname="" name="test_batch_outputs_final_publication_rejects_revocation[handoff_calm_batch]" time="0.003" /><testcase classname="" name="test_newer_source_commit_suppresses_older_page_and_cache_repopulation" time="0.002" /><testcase classname="" name="test_authoritative_core_junction_with_identical_bytes_is_rejected[scripts.verify_phase5_approval_inbox_v9]" time="0.043" /><testcase classname="" name="test_authoritative_core_junction_with_identical_bytes_is_rejected[scripts.verify_phase5_approval_inbox_v9_worker]" time="0.037" /><testcase classname="" name="test_source_exception_is_collapsed_without_secret_cause" time="0.001" /><testcase classname="" name="test_single_flight_callback_is_bounded_and_outside_projection_lock" time="0.002" /><testcase classname="" name="test_calm_batch_is_order_independent_idempotent_and_non_authoritative" time="0.002" /><testcase classname="" name="test_handoff_contains_only_review_identifiers_and_revalidation_instruction" time="0.002" /><testcase classname="" name="test_ineligible_items_never_enter_calm_batch[changes0]" time="0.002" /><testcase classname="" name="test_ineligible_items_never_enter_calm_batch[changes1]" time="0.002" /><testcase classname="" name="test_ineligible_items_never_enter_calm_batch[changes2]" time="0.002" /><testcase classname="" name="test_ineligible_items_never_enter_calm_batch[changes3]" time="0.002" /><testcase classname="" name="test_hidden_unreturned_cross_view_and_tampered_proofs_fail" time="0.002" /><testcase classname="" name="test_duplicate_item_request_fingerprint_and_idempotency_identity_reject" time="0.003" /><testcase classname="" name="test_malformed_or_mismatched_host_fields_fail_closed[principal_id-other-owner]" time="0.001" /><testcase classname="" name="test_malformed_or_mismatched_host_fields_fail_closed[session_id-other-session]" time="0.001" /><testcase classname="" name="test_malformed_or_mismatched_host_fields_fail_closed[payload_summary-token=secret-value]" time="0.001" /><testcase classname="" name="test_malformed_or_mismatched_host_fields_fail_closed[risk-unknown]" time="0.001" /><testcase classname="" name="test_malformed_or_mismatched_host_fields_fail_closed[currency-usd]" time="0.001" /><testcase classname="" name="test_malformed_or_mismatched_host_fields_fail_closed[expires_at_ms-1]" time="0.001" /><testcase classname="" name="test_malformed_or_mismatched_host_fields_fail_closed[batch_eligible-1]" time="0.001" /><testcase classname="" name="test_public_surface_has_no_authority_or_mutation_methods" time="0.001" /><testcase classname="" name="test_exact_enable_values[true]" time="0.002" /><testcase classname="" name="test_exact_enable_values[TRUE]" time="0.002" /><testcase classname="" name="test_exact_enable_values[1]" time="0.002" /><testcase classname="" name="test_exact_enable_values[ true ]" time="0.002" /><testcase classname="" name="test_default_off_never_calls_source[]" time="0.001" /><testcase classname="" name="test_default_off_never_calls_source[0]" time="0.001" /><testcase classname="" name="test_default_off_never_calls_source[yes]" time="0.001" /><testcase classname="" name="test_default_off_never_calls_source[on]" time="0.001" /><testcase classname="" name="test_default_off_never_calls_source[enabled]" time="0.001" /><testcase classname="" name="test_default_off_never_calls_source[false]" time="0.001" /><testcase classname="" name="test_flag_is_read_once_but_epoch_change_permanently_revokes" time="0.001" /><testcase classname="" name="test_gate_honors_completed_revocation_after_stale_epoch_callback" time="0.001" /><testcase classname="" name="test_projection_state_cannot_publish_ready_after_completed_revocation" time="0.002" /><testcase classname="" name="test_page_contains_complete_safe_review_and_zero_authority" time="0.002" /><testcase classname="" name="test_pagination_is_stable_and_cursor_is_exact" time="0.002" /><testcase classname="" name="test_identical_reopen_reuses_snapshot_deadline_and_review_proofs" time="0.002" /><testcase classname="" name="test_snapshot_reuse_never_extends_ttl" time="0.002" /><testcase classname="" name="test_clock_rollback_integrity_latches" time="0.002" /><testcase classname="" name="test_source_epoch_rollback_and_equivocation_latch" time="0.004" /><testcase classname="" name="test_ten_thousand_monotonic_epochs_retain_constant_integrity_state" time="2.966" /><testcase classname="" name="test_current_epoch_equivocation_latches_after_high_water_replacement" time="0.002" /><testcase classname="" name="test_older_epoch_rollback_latches_without_retaining_older_digest" time="0.001" /><testcase classname="" name="test_new_source_epoch_invalidates_all_old_cursors_and_review_proofs" time="0.002" /><testcase classname="" name="test_feature_epoch_change_during_capture_rejects_callback_output" time="0.001" /><testcase classname="" name="test_open_page_final_publication_rejects_completed_revocation" time="0.002" /><testcase classname="" name="test_cached_continuation_final_publication_rejects_revocation" time="0.002" /><testcase classname="" name="test_batch_outputs_final_publication_rejects_revocation[preview_calm_batch]" time="0.003" /><testcase classname="" name="test_batch_outputs_final_publication_rejects_revocation[handoff_calm_batch]" time="0.003" /><testcase classname="" name="test_newer_source_commit_suppresses_older_page_and_cache_repopulation" time="0.002" /><testcase classname="" name="test_authoritative_core_junction_with_identical_bytes_is_rejected[scripts.verify_phase5_approval_inbox_v10]" time="0.041" /><testcase classname="" name="test_authoritative_core_junction_with_identical_bytes_is_rejected[scripts.verify_phase5_approval_inbox_v10_worker]" time="0.036" /><testcase classname="" name="test_source_exception_is_collapsed_without_secret_cause" time="0.000" /><testcase classname="" name="test_single_flight_callback_is_bounded_and_outside_projection_lock" time="0.002" /><testcase classname="" name="test_calm_batch_is_order_independent_idempotent_and_non_authoritative" time="0.002" /><testcase classname="" name="test_handoff_contains_only_review_identifiers_and_revalidation_instruction" time="0.002" /><testcase classname="" name="test_ineligible_items_never_enter_calm_batch[changes0]" time="0.001" /><testcase classname="" name="test_ineligible_items_never_enter_calm_batch[changes1]" time="0.001" /><testcase classname="" name="test_ineligible_items_never_enter_calm_batch[changes2]" time="0.001" /><testcase classname="" name="test_ineligible_items_never_enter_calm_batch[changes3]" time="0.001" /><testcase classname="" name="test_hidden_unreturned_cross_view_and_tampered_proofs_fail" time="0.003" /><testcase classname="" name="test_duplicate_item_request_fingerprint_and_idempotency_identity_reject" time="0.004" /><testcase classname="" name="test_malformed_or_mismatched_host_fields_fail_closed[principal_id-other-owner]" time="0.001" /><testcase classname="" name="test_malformed_or_mismatched_host_fields_fail_closed[session_id-other-session]" time="0.001" /><testcase classname="" name="test_malformed_or_mismatched_host_fields_fail_closed[payload_summary-token=secret-value]" time="0.001" /><testcase classname="" name="test_malformed_or_mismatched_host_fields_fail_closed[risk-unknown]" time="0.001" /><testcase classname="" name="test_malformed_or_mismatched_host_fields_fail_closed[currency-usd]" time="0.001" /><testcase classname="" name="test_malformed_or_mismatched_host_fields_fail_closed[expires_at_ms-1]" time="0.001" /><testcase classname="" name="test_malformed_or_mismatched_host_fields_fail_closed[batch_eligible-1]" time="0.001" /><testcase classname="" name="test_public_surface_has_no_authority_or_mutation_methods" time="0.000" /><testcase classname="" name="test_exact_enable_values[true]" time="0.002" /><testcase classname="" name="test_exact_enable_values[TRUE]" time="0.002" /><testcase classname="" name="test_exact_enable_values[1]" time="0.001" /><testcase classname="" name="test_exact_enable_values[ true ]" time="0.002" /><testcase classname="" name="test_default_off_never_calls_source[]" time="0.001" /><testcase classname="" name="test_default_off_never_calls_source[0]" time="0.001" /><testcase classname="" name="test_default_off_never_calls_source[yes]" time="0.001" /><testcase classname="" name="test_default_off_never_calls_source[on]" time="0.001" /><testcase classname="" name="test_default_off_never_calls_source[enabled]" time="0.001" /><testcase classname="" name="test_default_off_never_calls_source[false]" time="0.001" /><testcase classname="" name="test_flag_is_read_once_but_epoch_change_permanently_revokes" time="0.001" /><testcase classname="" name="test_gate_honors_completed_revocation_after_stale_epoch_callback" time="0.001" /><testcase classname="" name="test_projection_state_cannot_publish_ready_after_completed_revocation" time="0.001" /><testcase classname="" name="test_page_contains_complete_safe_review_and_zero_authority" time="0.002" /><testcase classname="" name="test_pagination_is_stable_and_cursor_is_exact" time="0.002" /><testcase classname="" name="test_identical_reopen_reuses_snapshot_deadline_and_review_proofs" time="0.001" /><testcase classname="" name="test_snapshot_reuse_never_extends_ttl" time="0.001" /><testcase classname="" name="test_clock_rollback_integrity_latches" time="0.001" /><testcase classname="" name="test_source_epoch_rollback_and_equivocation_latch" time="0.003" /><testcase classname="" name="test_ten_thousand_monotonic_epochs_retain_constant_integrity_state" time="3.105" /><testcase classname="" name="test_current_epoch_equivocation_latches_after_high_water_replacement" time="0.002" /><testcase classname="" name="test_older_epoch_rollback_latches_without_retaining_older_digest" time="0.001" /><testcase classname="" name="test_new_source_epoch_invalidates_all_old_cursors_and_review_proofs" time="0.001" /><testcase classname="" name="test_feature_epoch_change_during_capture_rejects_callback_output" time="0.001" /><testcase classname="" name="test_open_page_final_publication_rejects_completed_revocation" time="0.001" /><testcase classname="" name="test_cached_continuation_final_publication_rejects_revocation" time="0.002" /><testcase classname="" name="test_batch_outputs_final_publication_rejects_revocation[preview_calm_batch]" time="0.003" /><testcase classname="" name="test_batch_outputs_final_publication_rejects_revocation[handoff_calm_batch]" time="0.003" /><testcase classname="" name="test_newer_source_commit_suppresses_older_page_and_cache_repopulation" time="0.002" /><testcase classname="" name="test_authoritative_core_junction_with_identical_bytes_is_rejected[scripts.verify_phase5_approval_inbox_v11]" time="0.039" /><testcase classname="" name="test_authoritative_core_junction_with_identical_bytes_is_rejected[scripts.verify_phase5_approval_inbox_v11_worker]" time="0.042" /><testcase classname="" name="test_source_exception_is_collapsed_without_secret_cause" time="0.000" /><testcase classname="" name="test_single_flight_callback_is_bounded_and_outside_projection_lock" time="0.001" /><testcase classname="" name="test_calm_batch_is_order_independent_idempotent_and_non_authoritative" time="0.002" /><testcase classname="" name="test_handoff_contains_only_review_identifiers_and_revalidation_instruction" time="0.001" /><testcase classname="" name="test_ineligible_items_never_enter_calm_batch[changes0]" time="0.002" /><testcase classname="" name="test_ineligible_items_never_enter_calm_batch[changes1]" time="0.002" /><testcase classname="" name="test_ineligible_items_never_enter_calm_batch[changes2]" time="0.001" /><testcase classname="" name="test_ineligible_items_never_enter_calm_batch[changes3]" time="0.002" /><testcase classname="" name="test_hidden_unreturned_cross_view_and_tampered_proofs_fail" time="0.002" /><testcase classname="" name="test_duplicate_item_request_fingerprint_and_idempotency_identity_reject" time="0.004" /><testcase classname="" name="test_malformed_or_mismatched_host_fields_fail_closed[principal_id-other-owner]" time="0.001" /><testcase classname="" name="test_malformed_or_mismatched_host_fields_fail_closed[session_id-other-session]" time="0.001" /><testcase classname="" name="test_malformed_or_mismatched_host_fields_fail_closed[payload_summary-token=secret-value]" time="0.001" /><testcase classname="" name="test_malformed_or_mismatched_host_fields_fail_closed[risk-unknown]" time="0.001" /><testcase classname="" name="test_malformed_or_mismatched_host_fields_fail_closed[currency-usd]" time="0.001" /><testcase classname="" name="test_malformed_or_mismatched_host_fields_fail_closed[expires_at_ms-1]" time="0.001" /><testcase classname="" name="test_malformed_or_mismatched_host_fields_fail_closed[batch_eligible-1]" time="0.001" /><testcase classname="" name="test_public_surface_has_no_authority_or_mutation_methods" time="0.000" /><testcase classname="" name="test_historical_projection_binds_exactly_two_direct_v9_snapshots" time="6.171" /><testcase classname="" name="test_unrelated_historical_drift_still_fails_closed" time="6.460" /><testcase classname="" name="test_plugin_rejects_outside_traversal_and_noncanonical_aliases[../outside]" time="0.001" /><testcase classname="" name="test_plugin_rejects_outside_traversal_and_noncanonical_aliases[docs/onyx/../CAPABILITY_MATRIX.md]" time="0.001" /><testcase classname="" name="test_plugin_rejects_outside_traversal_and_noncanonical_aliases[docs\\onyx\\CAPABILITY_MATRIX.md]" time="0.001" /><testcase classname="" name="test_plugin_rejects_outside_traversal_and_noncanonical_aliases[/absolute]" time="0.001" /><testcase classname="" name="test_plugin_rejects_outside_traversal_and_noncanonical_aliases[]" time="0.001" /><testcase classname="" name="test_plugin_rejects_exact_case_alias_before_read" time="0.006" /><testcase classname="" name="test_identical_external_snapshot_file_symlink_rejects_before_read" time="0.021" /><testcase classname="" name="test_authority_directory_junction_and_aliased_root_reject" time="0.042" /><testcase classname="" name="test_output_target_link_and_preexisting_target_reject_before_write" time="0.014" /><testcase classname="" name="test_output_ancestor_junction_and_unowned_root_reject" time="0.040" /><testcase classname="" name="test_exact_enable_values[true]" time="0.001" /><testcase classname="" name="test_exact_enable_values[TRUE]" time="0.001" /><testcase classname="" name="test_exact_enable_values[1]" time="0.001" /><testcase classname="" name="test_exact_enable_values[ true ]" time="0.001" /><testcase classname="" name="test_default_off_never_calls_source[]" time="0.001" /><testcase classname="" name="test_default_off_never_calls_source[0]" time="0.001" /><testcase classname="" name="test_default_off_never_calls_source[yes]" time="0.001" /><testcase classname="" name="test_default_off_never_calls_source[on]" time="0.001" /><testcase classname="" name="test_default_off_never_calls_source[enabled]" time="0.001" /><testcase classname="" name="test_default_off_never_calls_source[false]" time="0.001" /><testcase classname="" name="test_flag_is_read_once_but_epoch_change_permanently_revokes" time="0.000" /><testcase classname="" name="test_gate_honors_completed_revocation_after_stale_epoch_callback" time="0.001" /><testcase classname="" name="test_projection_state_cannot_publish_ready_after_completed_revocation" time="0.001" /><testcase classname="" name="test_page_contains_complete_safe_review_and_zero_authority" time="0.001" /><testcase classname="" name="test_pagination_is_stable_and_cursor_is_exact" time="0.002" /><testcase classname="" name="test_identical_reopen_reuses_snapshot_deadline_and_review_proofs" time="0.002" /><testcase classname="" name="test_snapshot_reuse_never_extends_ttl" time="0.002" /><testcase classname="" name="test_clock_rollback_integrity_latches" time="0.001" /><testcase classname="" name="test_source_epoch_rollback_and_equivocation_latch" time="0.004" /><testcase classname="" name="test_ten_thousand_monotonic_epochs_retain_constant_integrity_state" time="3.009" /><testcase classname="" name="test_current_epoch_equivocation_latches_after_high_water_replacement" time="0.001" /><testcase classname="" name="test_older_epoch_rollback_latches_without_retaining_older_digest" time="0.002" /><testcase classname="" name="test_new_source_epoch_invalidates_all_old_cursors_and_review_proofs" time="0.002" /><testcase classname="" name="test_feature_epoch_change_during_capture_rejects_callback_output" time="0.001" /><testcase classname="" name="test_open_page_final_publication_rejects_completed_revocation" time="0.002" /><testcase classname="" name="test_cached_continuation_final_publication_rejects_revocation" time="0.002" /><testcase classname="" name="test_batch_outputs_final_publication_rejects_revocation[preview_calm_batch]" time="0.003" /><testcase classname="" name="test_batch_outputs_final_publication_rejects_revocation[handoff_calm_batch]" time="0.004" /><testcase classname="" name="test_newer_source_commit_suppresses_older_page_and_cache_repopulation" time="0.002" /><testcase classname="" name="test_authoritative_core_junction_with_identical_bytes_is_rejected[scripts.verify_phase5_approval_inbox_v12]" time="0.047" /><testcase classname="" name="test_authoritative_core_junction_with_identical_bytes_is_rejected[scripts.verify_phase5_approval_inbox_v12_worker]" time="0.039" /><testcase classname="" name="test_source_exception_is_collapsed_without_secret_cause" time="0.001" /><testcase classname="" name="test_single_flight_callback_is_bounded_and_outside_projection_lock" time="0.002" /><testcase classname="" name="test_calm_batch_is_order_independent_idempotent_and_non_authoritative" time="0.003" /><testcase classname="" name="test_handoff_contains_only_review_identifiers_and_revalidation_instruction" time="0.002" /><testcase classname="" name="test_ineligible_items_never_enter_calm_batch[changes0]" time="0.002" /><testcase classname="" name="test_ineligible_items_never_enter_calm_batch[changes1]" time="0.002" /><testcase classname="" name="test_ineligible_items_never_enter_calm_batch[changes2]" time="0.001" /><testcase classname="" name="test_ineligible_items_never_enter_calm_batch[changes3]" time="0.001" /><testcase classname="" name="test_hidden_unreturned_cross_view_and_tampered_proofs_fail" time="0.002" /><testcase classname="" name="test_duplicate_item_request_fingerprint_and_idempotency_identity_reject" time="0.004" /><testcase classname="" name="test_malformed_or_mismatched_host_fields_fail_closed[principal_id-other-owner]" time="0.001" /><testcase classname="" name="test_malformed_or_mismatched_host_fields_fail_closed[session_id-other-session]" time="0.001" /><testcase classname="" name="test_malformed_or_mismatched_host_fields_fail_closed[payload_summary-token=secret-value]" time="0.001" /><testcase classname="" name="test_malformed_or_mismatched_host_fields_fail_closed[risk-unknown]" time="0.001" /><testcase classname="" name="test_malformed_or_mismatched_host_fields_fail_closed[currency-usd]" time="0.001" /><testcase classname="" name="test_malformed_or_mismatched_host_fields_fail_closed[expires_at_ms-1]" time="0.001" /><testcase classname="" name="test_malformed_or_mismatched_host_fields_fail_closed[batch_eligible-1]" time="0.001" /><testcase classname="" name="test_public_surface_has_no_authority_or_mutation_methods" time="0.001" /><testcase classname="" name="test_historical_projection_binds_exactly_two_direct_v9_snapshots" time="6.526" /><testcase classname="" name="test_unrelated_historical_drift_still_fails_closed" time="6.702" /><testcase classname="" name="test_plugin_rejects_outside_traversal_and_noncanonical_aliases[../outside]" time="0.001" /><testcase classname="" name="test_plugin_rejects_outside_traversal_and_noncanonical_aliases[docs/onyx/../CAPABILITY_MATRIX.md]" time="0.001" /><testcase classname="" name="test_plugin_rejects_outside_traversal_and_noncanonical_aliases[docs\\onyx\\CAPABILITY_MATRIX.md]" time="0.001" /><testcase classname="" name="test_plugin_rejects_outside_traversal_and_noncanonical_aliases[/absolute]" time="0.001" /><testcase classname="" name="test_plugin_rejects_outside_traversal_and_noncanonical_aliases[]" time="0.001" /><testcase classname="" name="test_plugin_rejects_exact_case_alias_before_read" time="0.008" /><testcase classname="" name="test_identical_external_snapshot_file_symlink_rejects_before_read" time="0.023" /><testcase classname="" name="test_authority_directory_junction_and_aliased_root_reject" time="0.045" /><testcase classname="" name="test_output_target_link_and_preexisting_target_reject_before_write" time="0.012" /><testcase classname="" name="test_output_ancestor_junction_and_unowned_root_reject" time="0.040" /><testcase classname="" name="test_repository_git_directory_is_exact_local_provenance_and_reparse_rejects" time="0.045" /><testcase classname="" name="test_combined_process_dotted_sources_reject_identical_alternate_identity[scripts.phase5_approval_inbox_v12_historical_projection-scripts/phase5_approval_inbox_v12_historical_projection.py]" time="0.023" /><testcase classname="" name="test_combined_process_dotted_sources_reject_identical_alternate_identity[scripts.verify_phase5_approval_inbox_v4-scripts/verify_phase5_approval_inbox_v4.py]" time="0.024" /><testcase classname="" name="test_child_historical_import_rejects_identical_alternate_source" time="0.026" /><testcase classname="" name="test_exact_enable_values[true]" time="0.002" /><testcase classname="" name="test_exact_enable_values[TRUE]" time="0.002" /><testcase classname="" name="test_exact_enable_values[1]" time="0.002" /><testcase classname="" name="test_exact_enable_values[ true ]" time="0.002" /><testcase classname="" name="test_default_off_never_calls_source[]" time="0.001" /><testcase classname="" name="test_default_off_never_calls_source[0]" time="0.001" /><testcase classname="" name="test_default_off_never_calls_source[yes]" time="0.001" /><testcase classname="" name="test_default_off_never_calls_source[on]" time="0.001" /><testcase classname="" name="test_default_off_never_calls_source[enabled]" time="0.001" /><testcase classname="" name="test_default_off_never_calls_source[false]" time="0.001" /><testcase classname="" name="test_flag_is_read_once_but_epoch_change_permanently_revokes" time="0.001" /><testcase classname="" name="test_gate_honors_completed_revocation_after_stale_epoch_callback" time="0.001" /><testcase classname="" name="test_projection_state_cannot_publish_ready_after_completed_revocation" time="0.001" /><testcase classname="" name="test_page_contains_complete_safe_review_and_zero_authority" time="0.002" /><testcase classname="" name="test_pagination_is_stable_and_cursor_is_exact" time="0.002" /><testcase classname="" name="test_identical_reopen_reuses_snapshot_deadline_and_review_proofs" time="0.003" /><testcase classname="" name="test_snapshot_reuse_never_extends_ttl" time="0.003" /><testcase classname="" name="test_clock_rollback_integrity_latches" time="0.002" /><testcase classname="" name="test_source_epoch_rollback_and_equivocation_latch" time="0.004" /><testcase classname="" name="test_ten_thousand_monotonic_epochs_retain_constant_integrity_state" time="3.179" /><testcase classname="" name="test_current_epoch_equivocation_latches_after_high_water_replacement" time="0.002" /><testcase classname="" name="test_older_epoch_rollback_latches_without_retaining_older_digest" time="0.002" /><testcase classname="" name="test_new_source_epoch_invalidates_all_old_cursors_and_review_proofs" time="0.002" /><testcase classname="" name="test_feature_epoch_change_during_capture_rejects_callback_output" time="0.001" /><testcase classname="" name="test_open_page_final_publication_rejects_completed_revocation" time="0.002" /><testcase classname="" name="test_cached_continuation_final_publication_rejects_revocation" time="0.003" /><testcase classname="" name="test_batch_outputs_final_publication_rejects_revocation[preview_calm_batch]" time="0.003" /><testcase classname="" name="test_batch_outputs_final_publication_rejects_revocation[handoff_calm_batch]" time="0.002" /><testcase classname="" name="test_newer_source_commit_suppresses_older_page_and_cache_repopulation" time="0.002" /><testcase classname="" name="test_authoritative_core_junction_with_identical_bytes_is_rejected[scripts.verify_phase5_approval_inbox_v13]" time="0.050" /><testcase classname="" name="test_authoritative_core_junction_with_identical_bytes_is_rejected[scripts.verify_phase5_approval_inbox_v13_worker]" time="0.048" /><testcase classname="" name="test_source_exception_is_collapsed_without_secret_cause" time="0.001" /><testcase classname="" name="test_single_flight_callback_is_bounded_and_outside_projection_lock" time="0.002" /><testcase classname="" name="test_calm_batch_is_order_independent_idempotent_and_non_authoritative" time="0.002" /><testcase classname="" name="test_handoff_contains_only_review_identifiers_and_revalidation_instruction" time="0.002" /><testcase classname="" name="test_ineligible_items_never_enter_calm_batch[changes0]" time="0.002" /><testcase classname="" name="test_ineligible_items_never_enter_calm_batch[changes1]" time="0.002" /><testcase classname="" name="test_ineligible_items_never_enter_calm_batch[changes2]" time="0.002" /><testcase classname="" name="test_ineligible_items_never_enter_calm_batch[changes3]" time="0.002" /><testcase classname="" name="test_hidden_unreturned_cross_view_and_tampered_proofs_fail" time="0.002" /><testcase classname="" name="test_duplicate_item_request_fingerprint_and_idempotency_identity_reject" time="0.005" /><testcase classname="" name="test_malformed_or_mismatched_host_fields_fail_closed[principal_id-other-owner]" time="0.001" /><testcase classname="" name="test_malformed_or_mismatched_host_fields_fail_closed[session_id-other-session]" time="0.001" /><testcase classname="" name="test_malformed_or_mismatched_host_fields_fail_closed[payload_summary-token=secret-value]" time="0.001" /><testcase classname="" name="test_malformed_or_mismatched_host_fields_fail_closed[risk-unknown]" time="0.001" /><testcase classname="" name="test_malformed_or_mismatched_host_fields_fail_closed[currency-usd]" time="0.001" /><testcase classname="" name="test_malformed_or_mismatched_host_fields_fail_closed[expires_at_ms-1]" time="0.001" /><testcase classname="" name="test_malformed_or_mismatched_host_fields_fail_closed[batch_eligible-1]" time="0.001" /><testcase classname="" name="test_public_surface_has_no_authority_or_mutation_methods" time="0.001" /><testcase classname="" name="test_historical_projection_binds_exactly_two_direct_v9_snapshots" time="6.730" /><testcase classname="" name="test_unrelated_historical_drift_still_fails_closed" time="6.686" /><testcase classname="" name="test_plugin_rejects_outside_traversal_and_noncanonical_aliases[../outside]" time="0.001" /><testcase classname="" name="test_plugin_rejects_outside_traversal_and_noncanonical_aliases[docs/onyx/../CAPABILITY_MATRIX.md]" time="0.001" /><testcase classname="" name="test_plugin_rejects_outside_traversal_and_noncanonical_aliases[docs\\onyx\\CAPABILITY_MATRIX.md]" time="0.001" /><testcase classname="" name="test_plugin_rejects_outside_traversal_and_noncanonical_aliases[/absolute]" time="0.001" /><testcase classname="" name="test_plugin_rejects_outside_traversal_and_noncanonical_aliases[]" time="0.001" /><testcase classname="" name="test_plugin_rejects_exact_case_alias_before_read" time="0.008" /><testcase classname="" name="test_identical_external_snapshot_file_symlink_rejects_before_read" time="0.018" /><testcase classname="" name="test_authority_directory_junction_and_aliased_root_reject" time="0.048" /><testcase classname="" name="test_output_target_link_and_preexisting_target_reject_before_write" time="0.013" /><testcase classname="" name="test_output_ancestor_junction_and_unowned_root_reject" time="0.042" /><testcase classname="" name="test_materialized_git_is_private_minimal_and_has_no_live_inputs" time="7.053" /><testcase classname="" name="test_historical_loader_ignores_forged_sys_modules[false.py]" time="0.037" /><testcase classname="" name="test_historical_loader_ignores_forged_sys_modules[C:\\MAAX_Assistant\\Mark-XLVIII\\scripts\\verify_phase5_approval_inbox_v4.py]" time="0.039" /><testcase classname="" name="test_historical_loader_ignores_import_hooks_and_spec_loader_substitution" time="0.042" /><testcase classname="" name="test_private_module_cache_collision_is_removed_and_rejected" time="0.016" /><testcase classname="" name="test_isolated_child_prohibits_implicit_pytest_inputs[scripts/__init__.py]" time="0.005" /><testcase classname="" name="test_isolated_child_prohibits_implicit_pytest_inputs[conftest.py]" time="0.004" /><testcase classname="" name="test_isolated_child_prohibits_implicit_pytest_inputs[tests/conftest.py]" time="0.007" /><testcase classname="" name="test_isolated_child_prohibits_implicit_pytest_inputs[pytest.ini]" time="0.005" /><testcase classname="" name="test_isolated_child_prohibits_implicit_pytest_inputs[tox.ini]" time="0.007" /><testcase classname="" name="test_isolated_child_prohibits_implicit_pytest_inputs[setup.cfg]" time="0.005" /><testcase classname="" name="test_isolated_child_prohibits_implicit_pytest_inputs[pyproject.toml]" time="0.006" /><testcase classname="" name="test_isolated_child_rejects_unsafe_environment[PYTEST_ADDOPTS]" time="0.004" /><testcase classname="" name="test_isolated_child_rejects_unsafe_environment[PYTEST_PLUGINS]" time="0.004" /><testcase classname="" name="test_isolated_child_rejects_unsafe_environment[PYTHONPATH]" time="0.005" /><testcase classname="" name="test_isolated_child_rejects_unsafe_environment[PYTHONSTARTUP]" time="0.005" /><testcase classname="" name="test_exact_child_plugin_ignores_conventional_preloaded_module" time="0.042" /><testcase classname="" name="test_exact_child_plugin_rejects_and_removes_private_cache_collision" time="0.016" /><testcase classname="" name="test_global_deadline_terminates_descendant_tree" time="1.878" /><testcase classname="" name="test_exact_enable_values[true]" time="0.002" /><testcase classname="" name="test_exact_enable_values[TRUE]" time="0.002" /><testcase classname="" name="test_exact_enable_values[1]" time="0.002" /><testcase classname="" name="test_exact_enable_values[ true ]" time="0.002" /><testcase classname="" name="test_default_off_never_calls_source[]" time="0.001" /><testcase classname="" name="test_default_off_never_calls_source[0]" time="0.001" /><testcase classname="" name="test_default_off_never_calls_source[yes]" time="0.001" /><testcase classname="" name="test_default_off_never_calls_source[on]" time="0.001" /><testcase classname="" name="test_default_off_never_calls_source[enabled]" time="0.001" /><testcase classname="" name="test_default_off_never_calls_source[false]" time="0.001" /><testcase classname="" name="test_flag_is_read_once_but_epoch_change_permanently_revokes" time="0.001" /><testcase classname="" name="test_gate_honors_completed_revocation_after_stale_epoch_callback" time="0.001" /><testcase classname="" name="test_projection_state_cannot_publish_ready_after_completed_revocation" time="0.001" /><testcase classname="" name="test_page_contains_complete_safe_review_and_zero_authority" time="0.002" /><testcase classname="" name="test_pagination_is_stable_and_cursor_is_exact" time="0.002" /><testcase classname="" name="test_identical_reopen_reuses_snapshot_deadline_and_review_proofs" time="0.002" /><testcase classname="" name="test_snapshot_reuse_never_extends_ttl" time="0.002" /><testcase classname="" name="test_clock_rollback_integrity_latches" time="0.002" /><testcase classname="" name="test_source_epoch_rollback_and_equivocation_latch" time="0.003" /><testcase classname="" name="test_ten_thousand_monotonic_epochs_retain_constant_integrity_state" time="3.241" /><testcase classname="" name="test_current_epoch_equivocation_latches_after_high_water_replacement" time="0.002" /><testcase classname="" name="test_older_epoch_rollback_latches_without_retaining_older_digest" time="0.002" /><testcase classname="" name="test_new_source_epoch_invalidates_all_old_cursors_and_review_proofs" time="0.002" /><testcase classname="" name="test_feature_epoch_change_during_capture_rejects_callback_output" time="0.001" /><testcase classname="" name="test_open_page_final_publication_rejects_completed_revocation" time="0.002" /><testcase classname="" name="test_cached_continuation_final_publication_rejects_revocation" time="0.002" /><testcase classname="" name="test_batch_outputs_final_publication_rejects_revocation[preview_calm_batch]" time="0.003" /><testcase classname="" name="test_batch_outputs_final_publication_rejects_revocation[handoff_calm_batch]" time="0.003" /><testcase classname="" name="test_newer_source_commit_suppresses_older_page_and_cache_repopulation" time="0.002" /><testcase classname="" name="test_authoritative_core_junction_with_identical_bytes_is_rejected[scripts.verify_phase5_approval_inbox_v14]" time="0.043" /><testcase classname="" name="test_authoritative_core_junction_with_identical_bytes_is_rejected[scripts.verify_phase5_approval_inbox_v14_worker]" time="0.041" /><testcase classname="" name="test_source_exception_is_collapsed_without_secret_cause" time="0.001" /><testcase classname="" name="test_single_flight_callback_is_bounded_and_outside_projection_lock" time="0.002" /><testcase classname="" name="test_calm_batch_is_order_independent_idempotent_and_non_authoritative" time="0.003" /><testcase classname="" name="test_handoff_contains_only_review_identifiers_and_revalidation_instruction" time="0.002" /><testcase classname="" name="test_ineligible_items_never_enter_calm_batch[changes0]" time="0.002" /><testcase classname="" name="test_ineligible_items_never_enter_calm_batch[changes1]" time="0.002" /><testcase classname="" name="test_ineligible_items_never_enter_calm_batch[changes2]" time="0.002" /><testcase classname="" name="test_ineligible_items_never_enter_calm_batch[changes3]" time="0.002" /><testcase classname="" name="test_hidden_unreturned_cross_view_and_tampered_proofs_fail" time="0.002" /><testcase classname="" name="test_duplicate_item_request_fingerprint_and_idempotency_identity_reject" time="0.004" /><testcase classname="" name="test_malformed_or_mismatched_host_fields_fail_closed[principal_id-other-owner]" time="0.001" /><testcase classname="" name="test_malformed_or_mismatched_host_fields_fail_closed[session_id-other-session]" time="0.001" /><testcase classname="" name="test_malformed_or_mismatched_host_fields_fail_closed[payload_summary-token=secret-value]" time="0.001" /><testcase classname="" name="test_malformed_or_mismatched_host_fields_fail_closed[risk-unknown]" time="0.001" /><testcase classname="" name="test_malformed_or_mismatched_host_fields_fail_closed[currency-usd]" time="0.001" /><testcase classname="" name="test_malformed_or_mismatched_host_fields_fail_closed[expires_at_ms-1]" time="0.001" /><testcase classname="" name="test_malformed_or_mismatched_host_fields_fail_closed[batch_eligible-1]" time="0.001" /><testcase classname="" name="test_public_surface_has_no_authority_or_mutation_methods" time="0.001" /><testcase classname="" name="test_historical_projection_binds_exactly_two_direct_v9_snapshots" time="6.412" /><testcase classname="" name="test_unrelated_historical_drift_still_fails_closed" time="6.455" /><testcase classname="" name="test_plugin_rejects_outside_traversal_and_noncanonical_aliases[../outside]" time="0.001" /><testcase classname="" name="test_plugin_rejects_outside_traversal_and_noncanonical_aliases[docs/onyx/../CAPABILITY_MATRIX.md]" time="0.001" /><testcase classname="" name="test_plugin_rejects_outside_traversal_and_noncanonical_aliases[docs\\onyx\\CAPABILITY_MATRIX.md]" time="0.001" /><testcase classname="" name="test_plugin_rejects_outside_traversal_and_noncanonical_aliases[/absolute]" time="0.000" /><testcase classname="" name="test_plugin_rejects_outside_traversal_and_noncanonical_aliases[]" time="0.000" /><testcase classname="" name="test_plugin_rejects_exact_case_alias_before_read" time="0.006" /><testcase classname="" name="test_identical_external_snapshot_file_symlink_rejects_before_read" time="0.019" /><testcase classname="" name="test_authority_directory_junction_and_aliased_root_reject" time="0.040" /><testcase classname="" name="test_output_target_link_and_preexisting_target_reject_before_write" time="0.011" /><testcase classname="" name="test_output_ancestor_junction_and_unowned_root_reject" time="0.040" /><testcase classname="" name="test_materialized_git_is_private_minimal_and_has_no_live_inputs" time="6.440" /><testcase classname="" name="test_historical_loader_ignores_forged_sys_modules[false.py]" time="0.034" /><testcase classname="" name="test_historical_loader_ignores_forged_sys_modules[C:\\MAAX_Assistant\\Mark-XLVIII\\scripts\\verify_phase5_approval_inbox_v4.py]" time="0.038" /><testcase classname="" name="test_historical_loader_ignores_import_hooks_and_spec_loader_substitution" time="0.038" /><testcase classname="" name="test_private_module_cache_collision_is_removed_and_rejected" time="0.015" /><testcase classname="" name="test_isolated_child_prohibits_implicit_pytest_inputs[scripts/__init__.py]" time="0.008" /><testcase classname="" name="test_isolated_child_prohibits_implicit_pytest_inputs[conftest.py]" time="0.007" /><testcase classname="" name="test_isolated_child_prohibits_implicit_pytest_inputs[tests/conftest.py]" time="0.009" /><testcase classname="" name="test_isolated_child_prohibits_implicit_pytest_inputs[pytest.ini]" time="0.008" /><testcase classname="" name="test_isolated_child_prohibits_implicit_pytest_inputs[tox.ini]" time="0.009" /><testcase classname="" name="test_isolated_child_prohibits_implicit_pytest_inputs[setup.cfg]" time="0.010" /><testcase classname="" name="test_isolated_child_prohibits_implicit_pytest_inputs[pyproject.toml]" time="0.009" /><testcase classname="" name="test_isolated_child_prohibits_implicit_pytest_inputs[pytest.py]" time="0.010" /><testcase classname="" name="test_isolated_child_prohibits_implicit_pytest_inputs[_pytest]" time="0.009" /><testcase classname="" name="test_isolated_child_prohibits_implicit_pytest_inputs[pluggy.py]" time="0.010" /><testcase classname="" name="test_isolated_child_prohibits_implicit_pytest_inputs[pluggy]" time="0.011" /><testcase classname="" name="test_isolated_child_prohibits_implicit_pytest_inputs[iniconfig.py]" time="0.010" /><testcase classname="" name="test_isolated_child_prohibits_implicit_pytest_inputs[iniconfig]" time="0.012" /><testcase classname="" name="test_isolated_child_prohibits_implicit_pytest_inputs[packaging.py]" time="0.009" /><testcase classname="" name="test_isolated_child_prohibits_implicit_pytest_inputs[pygments.py]" time="0.012" /><testcase classname="" name="test_isolated_child_prohibits_implicit_pytest_inputs[pygments]" time="0.013" /><testcase classname="" name="test_isolated_child_prohibits_implicit_pytest_inputs[colorama.py]" time="0.011" /><testcase classname="" name="test_isolated_child_prohibits_implicit_pytest_inputs[colorama]" time="0.015" /><testcase classname="" name="test_isolated_child_rejects_unsafe_environment[PYTEST_ADDOPTS]" time="0.010" /><testcase classname="" name="test_isolated_child_rejects_unsafe_environment[PYTEST_PLUGINS]" time="0.010" /><testcase classname="" name="test_isolated_child_rejects_unsafe_environment[PYTHONPATH]" time="0.011" /><testcase classname="" name="test_isolated_child_rejects_unsafe_environment[PYTHONSTARTUP]" time="0.011" /><testcase classname="" name="test_exact_child_plugin_ignores_conventional_preloaded_module" time="0.031" /><testcase classname="" name="test_exact_child_plugin_rejects_and_removes_private_cache_collision" time="0.015" /><testcase classname="" name="test_global_deadline_terminates_descendant_tree" time="1.793" /><testcase classname="" name="test_child_rejects_root_symlink_before_file_lookup" time="0.005" /><testcase classname="" name="test_child_rejects_root_junction_before_file_lookup" time="0.040" /><testcase classname="" name="test_child_rejects_pytest_shadow_inside_root" time="0.007" /><testcase classname="" name="test_private_pytest_runtime_is_bound_and_rejects_substitution" time="0.139" /><testcase classname="" name="test_git_environment_overrides_are_removed[GIT_DIR]" time="0.001" /><testcase classname="" name="test_git_environment_overrides_are_removed[GIT_WORK_TREE]" time="0.001" /><testcase classname="" name="test_git_environment_overrides_are_removed[GIT_OBJECT_DIRECTORY]" time="0.001" /><testcase classname="" name="test_git_environment_overrides_are_removed[GIT_ALTERNATE_OBJECT_DIRECTORIES]" time="0.001" /><testcase classname="" name="test_git_environment_overrides_are_removed[GIT_CONFIG_GLOBAL]" time="0.001" /><testcase classname="" name="test_git_environment_overrides_are_removed[GIT_CONFIG_SYSTEM]" time="0.001" /><testcase classname="" name="test_git_environment_overrides_are_removed[GIT_CONFIG_COUNT]" time="0.001" /><testcase classname="" name="test_git_environment_overrides_are_removed[HOME]" time="0.001" /><testcase classname="" name="test_git_environment_overrides_are_removed[XDG_CONFIG_HOME]" time="0.001" /><testcase classname="" name="test_historical_git_queries_use_internal_private_tree_only" time="6.536" /></testsuite></testsuites>