<?xml version="1.0" encoding="utf-8"?><testsuites name="pytest tests"><testsuite name="pytest" errors="0" failures="0" skipped="0" tests="105" time="31.502" timestamp="2026-07-21T15:56:44.973824-04:00" hostname="Petruff"><testcase classname="" name="test_exact_enable_values[true]" time="0.002" /><testcase classname="" name="test_exact_enable_values[TRUE]" time="0.001" /><testcase classname="" name="test_exact_enable_values[1]" time="0.001" /><testcase classname="" name="test_exact_enable_values[ true ]" time="0.001" /><testcase classname="" name="test_default_off_never_calls_source[]" time="0.001" /><testcase classname="" name="test_default_off_never_calls_source[0]" time="0.001" /><testcase classname="" name="test_default_off_never_calls_source[yes]" time="0.001" /><testcase classname="" name="test_default_off_never_calls_source[on]" time="0.000" /><testcase classname="" name="test_default_off_never_calls_source[enabled]" time="0.000" /><testcase classname="" name="test_default_off_never_calls_source[false]" time="0.000" /><testcase classname="" name="test_flag_is_read_once_but_epoch_change_permanently_revokes" time="0.000" /><testcase classname="" name="test_gate_honors_completed_revocation_after_stale_epoch_callback" time="0.001" /><testcase classname="" name="test_projection_state_cannot_publish_ready_after_completed_revocation" time="0.001" /><testcase classname="" name="test_page_contains_complete_safe_review_and_zero_authority" time="0.001" /><testcase classname="" name="test_pagination_is_stable_and_cursor_is_exact" time="0.001" /><testcase classname="" name="test_identical_reopen_reuses_snapshot_deadline_and_review_proofs" time="0.001" /><testcase classname="" name="test_snapshot_reuse_never_extends_ttl" time="0.002" /><testcase classname="" name="test_clock_rollback_integrity_latches" time="0.002" /><testcase classname="" name="test_source_epoch_rollback_and_equivocation_latch" time="0.003" /><testcase classname="" name="test_ten_thousand_monotonic_epochs_retain_constant_integrity_state" time="2.589" /><testcase classname="" name="test_current_epoch_equivocation_latches_after_high_water_replacement" time="0.002" /><testcase classname="" name="test_older_epoch_rollback_latches_without_retaining_older_digest" time="0.002" /><testcase classname="" name="test_new_source_epoch_invalidates_all_old_cursors_and_review_proofs" time="0.002" /><testcase classname="" name="test_feature_epoch_change_during_capture_rejects_callback_output" time="0.001" /><testcase classname="" name="test_open_page_final_publication_rejects_completed_revocation" time="0.002" /><testcase classname="" name="test_cached_continuation_final_publication_rejects_revocation" time="0.002" /><testcase classname="" name="test_batch_outputs_final_publication_rejects_revocation[preview_calm_batch]" time="0.003" /><testcase classname="" name="test_batch_outputs_final_publication_rejects_revocation[handoff_calm_batch]" time="0.002" /><testcase classname="" name="test_newer_source_commit_suppresses_older_page_and_cache_repopulation" time="0.002" /><testcase classname="" name="test_authoritative_core_junction_with_identical_bytes_is_rejected[scripts.verify_phase5_approval_inbox_v14]" time="0.045" /><testcase classname="" name="test_authoritative_core_junction_with_identical_bytes_is_rejected[scripts.verify_phase5_approval_inbox_v14_worker]" time="0.039" /><testcase classname="" name="test_source_exception_is_collapsed_without_secret_cause" time="0.001" /><testcase classname="" name="test_single_flight_callback_is_bounded_and_outside_projection_lock" time="0.002" /><testcase classname="" name="test_calm_batch_is_order_independent_idempotent_and_non_authoritative" time="0.002" /><testcase classname="" name="test_handoff_contains_only_review_identifiers_and_revalidation_instruction" time="0.002" /><testcase classname="" name="test_ineligible_items_never_enter_calm_batch[changes0]" time="0.002" /><testcase classname="" name="test_ineligible_items_never_enter_calm_batch[changes1]" time="0.002" /><testcase classname="" name="test_ineligible_items_never_enter_calm_batch[changes2]" time="0.002" /><testcase classname="" name="test_ineligible_items_never_enter_calm_batch[changes3]" time="0.002" /><testcase classname="" name="test_hidden_unreturned_cross_view_and_tampered_proofs_fail" time="0.002" /><testcase classname="" name="test_duplicate_item_request_fingerprint_and_idempotency_identity_reject" time="0.004" /><testcase classname="" name="test_malformed_or_mismatched_host_fields_fail_closed[principal_id-other-owner]" time="0.001" /><testcase classname="" name="test_malformed_or_mismatched_host_fields_fail_closed[session_id-other-session]" time="0.001" /><testcase classname="" name="test_malformed_or_mismatched_host_fields_fail_closed[payload_summary-token=secret-value]" time="0.001" /><testcase classname="" name="test_malformed_or_mismatched_host_fields_fail_closed[risk-unknown]" time="0.001" /><testcase classname="" name="test_malformed_or_mismatched_host_fields_fail_closed[currency-usd]" time="0.001" /><testcase classname="" name="test_malformed_or_mismatched_host_fields_fail_closed[expires_at_ms-1]" time="0.001" /><testcase classname="" name="test_malformed_or_mismatched_host_fields_fail_closed[batch_eligible-1]" time="0.001" /><testcase classname="" name="test_public_surface_has_no_authority_or_mutation_methods" time="0.001" /><testcase classname="" name="test_historical_projection_binds_exactly_two_direct_v9_snapshots" time="6.516" /><testcase classname="" name="test_unrelated_historical_drift_still_fails_closed" time="6.350" /><testcase classname="" name="test_plugin_rejects_outside_traversal_and_noncanonical_aliases[../outside]" time="0.001" /><testcase classname="" name="test_plugin_rejects_outside_traversal_and_noncanonical_aliases[docs/onyx/../CAPABILITY_MATRIX.md]" time="0.001" /><testcase classname="" name="test_plugin_rejects_outside_traversal_and_noncanonical_aliases[docs\\onyx\\CAPABILITY_MATRIX.md]" time="0.001" /><testcase classname="" name="test_plugin_rejects_outside_traversal_and_noncanonical_aliases[/absolute]" time="0.000" /><testcase classname="" name="test_plugin_rejects_outside_traversal_and_noncanonical_aliases[]" time="0.001" /><testcase classname="" name="test_plugin_rejects_exact_case_alias_before_read" time="0.008" /><testcase classname="" name="test_identical_external_snapshot_file_symlink_rejects_before_read" time="0.016" /><testcase classname="" name="test_authority_directory_junction_and_aliased_root_reject" time="0.040" /><testcase classname="" name="test_output_target_link_and_preexisting_target_reject_before_write" time="0.023" /><testcase classname="" name="test_output_ancestor_junction_and_unowned_root_reject" time="0.042" /><testcase classname="" name="test_materialized_git_is_private_minimal_and_has_no_live_inputs" time="6.543" /><testcase classname="" name="test_historical_loader_ignores_forged_sys_modules[false.py]" time="0.038" /><testcase classname="" name="test_historical_loader_ignores_forged_sys_modules[C:\\MAAX_Assistant\\Mark-XLVIII\\scripts\\verify_phase5_approval_inbox_v4.py]" time="0.035" /><testcase classname="" name="test_historical_loader_ignores_import_hooks_and_spec_loader_substitution" time="0.036" /><testcase classname="" name="test_private_module_cache_collision_is_removed_and_rejected" time="0.014" /><testcase classname="" name="test_isolated_child_prohibits_implicit_pytest_inputs[scripts/__init__.py]" time="0.005" /><testcase classname="" name="test_isolated_child_prohibits_implicit_pytest_inputs[conftest.py]" time="0.008" /><testcase classname="" name="test_isolated_child_prohibits_implicit_pytest_inputs[tests/conftest.py]" time="0.006" /><testcase classname="" name="test_isolated_child_prohibits_implicit_pytest_inputs[pytest.ini]" time="0.006" /><testcase classname="" name="test_isolated_child_prohibits_implicit_pytest_inputs[tox.ini]" time="0.008" /><testcase classname="" name="test_isolated_child_prohibits_implicit_pytest_inputs[setup.cfg]" time="0.007" /><testcase classname="" name="test_isolated_child_prohibits_implicit_pytest_inputs[pyproject.toml]" time="0.012" /><testcase classname="" name="test_isolated_child_prohibits_implicit_pytest_inputs[pytest.py]" time="0.012" /><testcase classname="" name="test_isolated_child_prohibits_implicit_pytest_inputs[_pytest]" time="0.009" /><testcase classname="" name="test_isolated_child_prohibits_implicit_pytest_inputs[pluggy.py]" time="0.008" /><testcase classname="" name="test_isolated_child_prohibits_implicit_pytest_inputs[pluggy]" time="0.012" /><testcase classname="" name="test_isolated_child_prohibits_implicit_pytest_inputs[iniconfig.py]" time="0.010" /><testcase classname="" name="test_isolated_child_prohibits_implicit_pytest_inputs[iniconfig]" time="0.012" /><testcase classname="" name="test_isolated_child_prohibits_implicit_pytest_inputs[packaging.py]" time="0.011" /><testcase classname="" name="test_isolated_child_prohibits_implicit_pytest_inputs[pygments.py]" time="0.016" /><testcase classname="" name="test_isolated_child_prohibits_implicit_pytest_inputs[pygments]" time="0.014" /><testcase classname="" name="test_isolated_child_prohibits_implicit_pytest_inputs[colorama.py]" time="0.014" /><testcase classname="" name="test_isolated_child_prohibits_implicit_pytest_inputs[colorama]" time="0.015" /><testcase classname="" name="test_isolated_child_rejects_unsafe_environment[PYTEST_ADDOPTS]" time="0.012" /><testcase classname="" name="test_isolated_child_rejects_unsafe_environment[PYTEST_PLUGINS]" time="0.010" /><testcase classname="" name="test_isolated_child_rejects_unsafe_environment[PYTHONPATH]" time="0.011" /><testcase classname="" name="test_isolated_child_rejects_unsafe_environment[PYTHONSTARTUP]" time="0.011" /><testcase classname="" name="test_exact_child_plugin_ignores_conventional_preloaded_module" time="0.029" /><testcase classname="" name="test_exact_child_plugin_rejects_and_removes_private_cache_collision" time="0.015" /><testcase classname="" name="test_global_deadline_terminates_descendant_tree" time="1.816" /><testcase classname="" name="test_child_rejects_root_symlink_before_file_lookup" time="0.005" /><testcase classname="" name="test_child_rejects_root_junction_before_file_lookup" time="0.036" /><testcase classname="" name="test_child_rejects_pytest_shadow_inside_root" time="0.008" /><testcase classname="" name="test_private_pytest_runtime_is_bound_and_rejects_substitution" time="0.105" /><testcase classname="" name="test_git_environment_overrides_are_removed[GIT_DIR]" time="0.001" /><testcase classname="" name="test_git_environment_overrides_are_removed[GIT_WORK_TREE]" time="0.001" /><testcase classname="" name="test_git_environment_overrides_are_removed[GIT_OBJECT_DIRECTORY]" time="0.001" /><testcase classname="" name="test_git_environment_overrides_are_removed[GIT_ALTERNATE_OBJECT_DIRECTORIES]" time="0.000" /><testcase classname="" name="test_git_environment_overrides_are_removed[GIT_CONFIG_GLOBAL]" time="0.001" /><testcase classname="" name="test_git_environment_overrides_are_removed[GIT_CONFIG_SYSTEM]" time="0.001" /><testcase classname="" name="test_git_environment_overrides_are_removed[GIT_CONFIG_COUNT]" time="0.001" /><testcase classname="" name="test_git_environment_overrides_are_removed[HOME]" time="0.001" /><testcase classname="" name="test_git_environment_overrides_are_removed[XDG_CONFIG_HOME]" time="0.001" /><testcase classname="" name="test_historical_git_queries_use_internal_private_tree_only" time="6.296" /></testsuite></testsuites>