<?xml version="1.0" encoding="utf-8"?><testsuites name="pytest tests"><testsuite name="pytest" errors="0" failures="0" skipped="0" tests="53" time="64.195" timestamp="2026-07-19T22:45:36.969993-04:00" hostname="Petruff"><testcase classname="tests.test_phase4_exit_candidate_r2" name="test_startup_scanner_rejects_every_reported_bypass[from core import control_plane_v5 as extension\n]" time="0.007" /><testcase classname="tests.test_phase4_exit_candidate_r2" name="test_startup_scanner_rejects_every_reported_bypass[loader = __import__\nloader('core.control_plane_v5')\n]" time="0.015" /><testcase classname="tests.test_phase4_exit_candidate_r2" name="test_startup_scanner_rejects_every_reported_bypass[import builtins as b\nloader = b.__import__\nloader('core.control_plane_v5')\n]" time="0.014" /><testcase classname="tests.test_phase4_exit_candidate_r2" name="test_startup_scanner_rejects_every_reported_bypass[from builtins import __import__ as loader\nloader('core.control_plane_v5')\n]" time="0.006" /><testcase classname="tests.test_phase4_exit_candidate_r2" name="test_startup_scanner_rejects_every_reported_bypass[import importlib as il\nloader = il.import_module\nloader('core.control_plane_v5')\n]" time="0.007" /><testcase classname="tests.test_phase4_exit_candidate_r2" name="test_startup_scanner_rejects_every_reported_bypass[from importlib import import_module as loader\nloader('core.control_plane_v5')\n]" time="0.007" /><testcase classname="tests.test_phase4_exit_candidate_r2" name="test_startup_scanner_rejects_every_reported_bypass[import runpy as rp\nrp.run_module('core.control_plane_v5')\n]" time="0.006" /><testcase classname="tests.test_phase4_exit_candidate_r2" name="test_startup_scanner_rejects_every_reported_bypass[from runpy import run_module as run\nrun('core.control_plane_v5')\n]" time="0.007" /><testcase classname="tests.test_phase4_exit_candidate_r2" name="test_startup_scanner_rejects_every_reported_bypass[runner = exec\nrunner('import core.control_plane_v5')\n]" time="0.006" /><testcase classname="tests.test_phase4_exit_candidate_r2" name="test_startup_scanner_rejects_every_reported_bypass[import builtins as b\nrunner = b.eval\nrunner('1 + 1')\n]" time="0.006" /><testcase classname="tests.test_phase4_exit_candidate_r2" name="test_startup_scanner_rejects_every_reported_bypass[from pathlib import Path as P\nP('core/control_plane_v5.py').read_text()\n]" time="0.006" /><testcase classname="tests.test_phase4_exit_candidate_r2" name="test_startup_scanner_rejects_every_reported_bypass[import pathlib as p\np.Path('core') / 'control_plane_v5.py'\nopen(p.Path('core') / 'control_plane_v5.py')\n]" time="0.006" /><testcase classname="tests.test_phase4_exit_candidate_r2" name="test_startup_scanner_external_path_is_fail_closed_without_relative_crash" time="0.007" /><testcase classname="tests.test_phase4_exit_candidate_r2" name="test_current_startup_sources_pass_explicit_no_dynamic_execution_policy" time="0.159" /><testcase classname="tests.test_phase4_exit_candidate_r2" name="test_r2_manifest_reconstructs_exact_set_and_current_bytes" time="0.007" /><testcase classname="tests.test_phase4_exit_candidate_r2" name="test_r2_manifest_negative_exact_set_and_hash[missing]" time="0.007" /><testcase classname="tests.test_phase4_exit_candidate_r2" name="test_r2_manifest_negative_exact_set_and_hash[extra]" time="0.016" /><testcase classname="tests.test_phase4_exit_candidate_r2" name="test_r2_manifest_negative_exact_set_and_hash[mismatch]" time="0.011" /><testcase classname="tests.test_phase4_exit_candidate_r2" name="test_r2_manifest_rejects_noncanonical_format[bom]" time="0.019" /><testcase classname="tests.test_phase4_exit_candidate_r2" name="test_r2_manifest_rejects_noncanonical_format[crlf]" time="0.014" /><testcase classname="tests.test_phase4_exit_candidate_r2" name="test_r2_manifest_rejects_noncanonical_format[order]" time="0.013" /><testcase classname="tests.test_phase4_exit_candidate_r2" name="test_r2_manifest_rejects_noncanonical_format[malformed]" time="0.013" /><testcase classname="tests.test_phase4_exit_candidate_r2" name="test_all_eight_flag_readers_enable_disable_and_restore_environment" time="0.001" /><testcase classname="tests.test_phase4_exit_candidate_r2" name="test_v1_enable_disable_reenable_preserves_exact_isolated_sidecar_bytes" time="0.919" /><testcase classname="tests.test_phase4_exit_candidate_r2" name="test_r2_manifest_is_explicitly_non_self_hashing" time="0.000" /><testcase classname="tests.test_phase4_exit_candidate_r2" name="test_source_gate_passes_without_activation_or_external_anchor" time="6.821" /><testcase classname="tests.test_control_plane.ControlPlaneM1aTests" name="test_corrupt_database_fails_without_replacement" time="0.227" /><testcase classname="tests.test_control_plane.ControlPlaneM1aTests" name="test_existing_mission_memory_and_config_are_never_opened" time="0.475" /><testcase classname="tests.test_workspace_registry.WorkspaceRegistryM1bTests" name="test_flags_off_and_workspace_identity_fail_closed" time="0.476" /><testcase classname="tests.test_mission_context_v4" name="test_corruption_and_unknown_version_fail_closed_without_mission_write" time="12.326" /><testcase classname="tests.test_mission_context_v4" name="test_missing_inactive_unknown_mission_and_explicit_legacy_only" time="11.877" /><testcase classname="tests.test_mission_context_v4" name="test_reopen_restart_and_exact_replay_have_one_revision_event" time="17.168" /><testcase classname="tests.test_mission_context_v4" name="test_reconcile_flag_off_has_no_missionstore_side_effect" time="10.938" /><testcase classname="tests.test_control_plane_v5" name="test_initialize_reopen_and_missing_vault_fail_closed" time="0.081" /><testcase classname="tests.test_control_plane_v5" name="test_action_unknown_requires_explicit_reconciliation" time="0.360" /><testcase classname="tests.test_control_plane_v5" name="test_workspace_mission_isolation_and_bounded_events" time="0.051" /><testcase classname="tests.test_control_plane_v5_adversarial" name="test_unknown_extra_or_missing_schema_object_fails_without_repair[&lt;lambda&gt;0]" time="0.032" /><testcase classname="tests.test_control_plane_v5_adversarial" name="test_unknown_extra_or_missing_schema_object_fails_without_repair[&lt;lambda&gt;1]" time="0.034" /><testcase classname="tests.test_control_plane_v5_adversarial" name="test_unknown_extra_or_missing_schema_object_fails_without_repair[&lt;lambda&gt;2]" time="0.031" /><testcase classname="tests.test_control_plane_v5_adversarial" name="test_reader_close_failure_preserves_cancellation_identity_and_releases_lock" time="0.035" /><testcase classname="tests.test_mission_evidence_v5" name="test_unknown_outcome_never_blindly_reexecutes" time="0.181" /><testcase classname="tests.test_mission_evidence_v5" name="test_default_off_has_no_audit_tool_or_artifact_side_effect" time="0.003" /><testcase classname="tests.test_mission_evidence_v5_artifacts" name="test_pipeline_cleanup_failure_preserves_primary_cancellation_identity[receipt_lookup]" time="0.147" /><testcase classname="tests.test_mission_evidence_v5_artifacts" name="test_pipeline_cleanup_failure_preserves_primary_cancellation_identity[receipt_persist]" time="0.175" /><testcase classname="tests.test_mission_evidence_v5_artifacts" name="test_restart_after_pipeline_crash_never_second_dispatch[tool]" time="0.270" /><testcase classname="tests.test_mission_evidence_v5_artifacts" name="test_restart_after_pipeline_crash_never_second_dispatch[artifact]" time="0.261" /><testcase classname="tests.test_mission_evidence_v5_artifacts" name="test_restart_after_pipeline_crash_never_second_dispatch[receipt]" time="0.415" /></testsuite></testsuites>