<?xml version="1.0" encoding="utf-8"?><testsuites name="pytest tests"><testsuite name="pytest" errors="0" failures="0" skipped="0" tests="47" time="0.307" timestamp="2026-07-20T16:00:38.864812-04:00" hostname="Petruff"><testcase classname="tests.test_capability_nexus_v2" name="test_v1_candidate_bytes_are_exact_and_remain_rejected_history" time="0.001" /><testcase classname="tests.test_capability_nexus_v2" name="test_registry_requires_profile_and_binds_discovery_exactly" time="0.001" /><testcase classname="tests.test_capability_nexus_v2" name="test_snapshot_is_profile_bound_and_digest_changes_by_profile" time="0.001" /><testcase classname="tests.test_capability_nexus_v2" name="test_projection_constructor_rejects_cross_profile_and_authority" time="0.001" /><testcase classname="tests.test_capability_nexus_v2" name="test_registry_rejects_gate_subclasses_fakes_and_duck_types[gate0]" time="0.000" /><testcase classname="tests.test_capability_nexus_v2" name="test_registry_rejects_gate_subclasses_fakes_and_duck_types[gate1]" time="0.000" /><testcase classname="tests.test_capability_nexus_v2" name="test_registry_rejects_gate_subclasses_fakes_and_duck_types[gate2]" time="0.000" /><testcase classname="tests.test_capability_nexus_v2" name="test_exact_gate_is_frozen_default_off_and_lock_order_is_declared" time="0.000" /><testcase classname="tests.test_capability_nexus_v2" name="test_metadata_rejects_secret_names_and_normalization_bypasses[api_key]" time="0.001" /><testcase classname="tests.test_capability_nexus_v2" name="test_metadata_rejects_secret_names_and_normalization_bypasses[Api-Key]" time="0.001" /><testcase classname="tests.test_capability_nexus_v2" name="test_metadata_rejects_secret_names_and_normalization_bypasses[TOKEN]" time="0.001" /><testcase classname="tests.test_capability_nexus_v2" name="test_metadata_rejects_secret_names_and_normalization_bypasses[pass.word]" time="0.001" /><testcase classname="tests.test_capability_nexus_v2" name="test_metadata_rejects_secret_names_and_normalization_bypasses[Secret]" time="0.001" /><testcase classname="tests.test_capability_nexus_v2" name="test_metadata_rejects_secret_names_and_normalization_bypasses[authorization]" time="0.001" /><testcase classname="tests.test_capability_nexus_v2" name="test_metadata_rejects_secret_names_and_normalization_bypasses[cookie]" time="0.001" /><testcase classname="tests.test_capability_nexus_v2" name="test_metadata_rejects_secret_names_and_normalization_bypasses[private-key]" time="0.001" /><testcase classname="tests.test_capability_nexus_v2" name="test_metadata_rejects_secret_names_and_normalization_bypasses[%61pi_key]" time="0.001" /><testcase classname="tests.test_capability_nexus_v2" name="test_metadata_rejects_plain_percent_and_base64_secret_values[token=abcd1234]" time="0.001" /><testcase classname="tests.test_capability_nexus_v2" name="test_metadata_rejects_plain_percent_and_base64_secret_values[TOKEN%3Dabcd1234]" time="0.001" /><testcase classname="tests.test_capability_nexus_v2" name="test_metadata_rejects_plain_percent_and_base64_secret_values[password:abcd1234]" time="0.001" /><testcase classname="tests.test_capability_nexus_v2" name="test_metadata_rejects_plain_percent_and_base64_secret_values[-----BEGIN PRIVATE KEY-----]" time="0.001" /><testcase classname="tests.test_capability_nexus_v2" name="test_metadata_rejects_plain_percent_and_base64_secret_values[eyJabcdefgh.abcdefgh.abcdefgh]" time="0.001" /><testcase classname="tests.test_capability_nexus_v2" name="test_metadata_rejects_plain_percent_and_base64_secret_values[YXBpX2tleT1hYmNkMTIzNA==]" time="0.001" /><testcase classname="tests.test_capability_nexus_v2" name="test_metadata_accepts_only_declared_safe_keys_and_opaque_alias_not_value" time="0.001" /><testcase classname="tests.test_capability_nexus_v2" name="test_nested_schema_secret_canaries_are_rejected" time="0.000" /><testcase classname="tests.test_capability_nexus_v2" name="test_adapter_defaults_disabled_and_has_no_dispatch_or_mutation" time="0.001" /><testcase classname="tests.test_capability_nexus_v2" name="test_hook_runs_without_adapter_lock_and_can_reenter_health" time="0.001" /><testcase classname="tests.test_capability_nexus_v2" name="test_same_correlation_reentry_observes_pending_without_second_hook" time="0.001" /><testcase classname="tests.test_capability_nexus_v2" name="test_concurrent_duplicate_is_pending_then_completed_and_hook_once" time="0.001" /><testcase classname="tests.test_capability_nexus_v2" name="test_same_correlation_payload_drift_denies_without_hook_or_quota" time="0.001" /><testcase classname="tests.test_capability_nexus_v2" name="test_hook_exception_becomes_uncertain_and_never_replays_or_leaks_exception" time="0.001" /><testcase classname="tests.test_capability_nexus_v2" name="test_cancelled_before_hook_rolls_back_quota_and_rate_and_never_calls_hook" time="0.001" /><testcase classname="tests.test_capability_nexus_v2" name="test_timeout_after_hook_is_uncertain_and_not_replayed" time="0.001" /><testcase classname="tests.test_capability_nexus_v2" name="test_kill_and_revoke_during_hook_latch_uncertain[kill-kill]" time="0.001" /><testcase classname="tests.test_capability_nexus_v2" name="test_kill_and_revoke_during_hook_latch_uncertain[revoke-revoked]" time="0.001" /><testcase classname="tests.test_capability_nexus_v2" name="test_pending_expiry_becomes_uncertain_and_late_hook_cannot_commit" time="0.001" /><testcase classname="tests.test_capability_nexus_v2" name="test_uncertain_expiry_keeps_no_replay_tombstone_and_frees_uncertain_capacity" time="0.001" /><testcase classname="tests.test_capability_nexus_v2" name="test_pending_and_uncertain_capacity_configuration_is_bounded" time="0.001" /><testcase classname="tests.test_capability_nexus_v2" name="test_ledger_capacity_is_bounded_and_does_not_evict_for_replay" time="0.001" /><testcase classname="tests.test_capability_nexus_v2" name="test_profile_bound_cursor_cannot_cross_adapter_profile" time="0.001" /><testcase classname="tests.test_capability_nexus_v2" name="test_cursor_snapshot_and_signature_tamper_fail_closed" time="0.001" /><testcase classname="tests.test_capability_nexus_v2" name="test_rate_limit_and_quota_are_reserved_once_and_truthful" time="0.001" /><testcase classname="tests.test_capability_nexus_v2" name="test_unavailable_auth_scope_disabled_degraded_and_unknown_reconcile" time="0.001" /><testcase classname="tests.test_capability_nexus_v2" name="test_legacy_builder_preserves_current_26_declarations_and_policies_without_import" time="0.038" /><testcase classname="tests.test_capability_nexus_v2" name="test_legacy_missing_policy_and_duplicate_declaration_fail_closed" time="0.028" /><testcase classname="tests.test_capability_nexus_v2" name="test_registry_concurrency_duplicate_kill_revoke_and_snapshot_are_safe" time="0.006" /><testcase classname="tests.test_capability_nexus_v2" name="test_no_live_runtime_source_references_v2" time="0.019" /></testsuite></testsuites>