<?xml version="1.0" encoding="utf-8"?><testsuites name="pytest tests"><testsuite name="pytest" errors="0" failures="0" skipped="0" tests="59" time="0.411" timestamp="2026-07-20T15:24:11.996956-04:00" hostname="Petruff"><testcase classname="tests.test_capability_nexus_v1" name="test_versions_are_explicit_and_v1" time="0.000" /><testcase classname="tests.test_capability_nexus_v1" name="test_descriptor_is_immutable_and_detaches_aliases" time="0.001" /><testcase classname="tests.test_capability_nexus_v1" name="test_descriptor_rejects_malformed_bounds[capability_id-Bad ID]" time="0.001" /><testcase classname="tests.test_capability_nexus_v1" name="test_descriptor_rejects_malformed_bounds[capability_version-]" time="0.000" /><testcase classname="tests.test_capability_nexus_v1" name="test_descriptor_rejects_malformed_bounds[workspace_id-../../escape]" time="0.001" /><testcase classname="tests.test_capability_nexus_v1" name="test_descriptor_rejects_malformed_bounds[account_id-bad account]" time="0.001" /><testcase classname="tests.test_capability_nexus_v1" name="test_descriptor_rejects_malformed_bounds[profile_id-bad\nprofile]" time="0.000" /><testcase classname="tests.test_capability_nexus_v1" name="test_descriptor_rejects_malformed_bounds[schema_version-v2]" time="0.001" /><testcase classname="tests.test_capability_nexus_v1" name="test_descriptor_rejects_malformed_bounds[credential_alias-raw-secret-value]" time="0.001" /><testcase classname="tests.test_capability_nexus_v1" name="test_descriptor_rejects_malformed_bounds[status_reason-not canonical]" time="0.001" /><testcase classname="tests.test_capability_nexus_v1" name="test_descriptor_rejects_secret_shapes[api_key=abcdef0123456789]" time="0.000" /><testcase classname="tests.test_capability_nexus_v1" name="test_descriptor_rejects_secret_shapes[Bearer=abcdef0123456789]" time="0.000" /><testcase classname="tests.test_capability_nexus_v1" name="test_descriptor_rejects_secret_shapes[-----BEGIN PRIVATE KEY-----]" time="0.001" /><testcase classname="tests.test_capability_nexus_v1" name="test_descriptor_rejects_secret_shapes[eyJabcdefghijk.abcdefghijk.abcdefghijk]" time="0.000" /><testcase classname="tests.test_capability_nexus_v1" name="test_parameter_schema_rejects_secret_bearing_fields_and_noncanonical_json" time="0.000" /><testcase classname="tests.test_capability_nexus_v1" name="test_operation_kinds_are_explicit_and_duplicate_operations_fail" time="0.001" /><testcase classname="tests.test_capability_nexus_v1" name="test_browser_transport_must_be_a_distinct_explicit_fallback" time="0.001" /><testcase classname="tests.test_capability_nexus_v1" name="test_v1_gate_cannot_be_enabled_or_leave_shadow[gate0]" time="0.000" /><testcase classname="tests.test_capability_nexus_v1" name="test_v1_gate_cannot_be_enabled_or_leave_shadow[gate1]" time="0.000" /><testcase classname="tests.test_capability_nexus_v1" name="test_v1_gate_cannot_be_enabled_or_leave_shadow[gate2]" time="0.000" /><testcase classname="tests.test_capability_nexus_v1" name="test_v1_gate_cannot_be_enabled_or_leave_shadow[gate3]" time="0.000" /><testcase classname="tests.test_capability_nexus_v1" name="test_v1_gate_cannot_be_enabled_or_leave_shadow[gate4]" time="0.001" /><testcase classname="tests.test_capability_nexus_v1" name="test_registry_registers_projection_only_and_never_grants_authority" time="0.001" /><testcase classname="tests.test_capability_nexus_v1" name="test_registry_unknown_binding_version_and_drift_fail_closed[changes0]" time="0.001" /><testcase classname="tests.test_capability_nexus_v1" name="test_registry_unknown_binding_version_and_drift_fail_closed[changes1]" time="0.001" /><testcase classname="tests.test_capability_nexus_v1" name="test_registry_unknown_binding_version_and_drift_fail_closed[changes2]" time="0.001" /><testcase classname="tests.test_capability_nexus_v1" name="test_registry_unknown_binding_version_and_drift_fail_closed[changes3]" time="0.001" /><testcase classname="tests.test_capability_nexus_v1" name="test_registry_unknown_binding_version_and_drift_fail_closed[changes4]" time="0.001" /><testcase classname="tests.test_capability_nexus_v1" name="test_registry_duplicate_registration_fails_even_when_identical" time="0.000" /><testcase classname="tests.test_capability_nexus_v1" name="test_registry_snapshot_is_deterministic_sorted_and_workspace_isolated" time="0.001" /><testcase classname="tests.test_capability_nexus_v1" name="test_registry_revoke_and_kill_are_truthful_projection_states" time="0.001" /><testcase classname="tests.test_capability_nexus_v1" name="test_registry_registration_is_thread_safe_and_no_entries_are_lost" time="0.006" /><testcase classname="tests.test_capability_nexus_v1" name="test_legacy_builder_parity_against_current_main_and_host_policy_data" time="0.026" /><testcase classname="tests.test_capability_nexus_v1" name="test_legacy_builder_missing_policy_fails_closed[open_app]" time="0.017" /><testcase classname="tests.test_capability_nexus_v1" name="test_legacy_builder_missing_policy_fails_closed[mission_run]" time="0.017" /><testcase classname="tests.test_capability_nexus_v1" name="test_legacy_builder_extra_policy_duplicate_or_unknown_kind_fails_closed" time="0.027" /><testcase classname="tests.test_capability_nexus_v1" name="test_legacy_builder_is_pure_and_does_not_import_main" time="0.026" /><testcase classname="tests.test_capability_nexus_v1" name="test_local_descriptor_truthfully_declares_normalized_read_contract" time="0.001" /><testcase classname="tests.test_capability_nexus_v1" name="test_local_adapter_constructor_defaults_disabled" time="0.001" /><testcase classname="tests.test_capability_nexus_v1" name="test_health_reports_auth_scope_disabled_and_degraded_truth[adapter_changes0-blocked_by_access-authentication_unavailable]" time="0.001" /><testcase classname="tests.test_capability_nexus_v1" name="test_health_reports_auth_scope_disabled_and_degraded_truth[adapter_changes1-blocked_by_scope-required_scope_missing]" time="0.001" /><testcase classname="tests.test_capability_nexus_v1" name="test_health_reports_auth_scope_disabled_and_degraded_truth[adapter_changes2-disabled-operator_disabled]" time="0.001" /><testcase classname="tests.test_capability_nexus_v1" name="test_health_reports_auth_scope_disabled_and_degraded_truth[adapter_changes3-degraded-partial_fixture]" time="0.001" /><testcase classname="tests.test_capability_nexus_v1" name="test_read_wrong_workspace_account_profile_or_target_denies[request_changes0]" time="0.001" /><testcase classname="tests.test_capability_nexus_v1" name="test_read_wrong_workspace_account_profile_or_target_denies[request_changes1]" time="0.001" /><testcase classname="tests.test_capability_nexus_v1" name="test_read_wrong_workspace_account_profile_or_target_denies[request_changes2]" time="0.001" /><testcase classname="tests.test_capability_nexus_v1" name="test_read_wrong_workspace_account_profile_or_target_denies[request_changes3]" time="0.001" /><testcase classname="tests.test_capability_nexus_v1" name="test_read_paginates_with_integrity_bound_cursor_and_metadata_only" time="0.001" /><testcase classname="tests.test_capability_nexus_v1" name="test_cursor_tamper_wrong_key_snapshot_and_bounds_fail_closed" time="0.001" /><testcase classname="tests.test_capability_nexus_v1" name="test_duplicate_correlation_is_idempotent_and_payload_drift_denies" time="0.001" /><testcase classname="tests.test_capability_nexus_v1" name="test_rate_limit_and_quota_are_fail_closed_and_telemetry_is_exact" time="0.001" /><testcase classname="tests.test_capability_nexus_v1" name="test_cancellation_before_and_after_read_has_truthful_reconcile_state" time="0.001" /><testcase classname="tests.test_capability_nexus_v1" name="test_timeout_before_and_after_read_semantics_are_distinct" time="0.001" /><testcase classname="tests.test_capability_nexus_v1" name="test_reconcile_known_unknown_and_read_only_mutation_denial" time="0.001" /><testcase classname="tests.test_capability_nexus_v1" name="test_kill_switch_stops_new_reads_without_invalidating_observed_reconcile" time="0.001" /><testcase classname="tests.test_capability_nexus_v1" name="test_degraded_read_is_labeled_and_disabled_read_denies" time="0.001" /><testcase classname="tests.test_capability_nexus_v1" name="test_concurrent_duplicate_read_returns_one_immutable_result" time="0.003" /><testcase classname="tests.test_capability_nexus_v1" name="test_no_live_runtime_file_imports_or_wires_v1" time="0.020" /><testcase classname="tests.test_capability_nexus_v1" name="test_default_off_parity_main_declarations_remain_byte_exact" time="0.031" /></testsuite></testsuites>