<?xml version="1.0" encoding="utf-8"?><testsuites name="pytest tests"><testsuite name="pytest" errors="0" failures="0" skipped="0" tests="52" time="0.454" timestamp="2026-07-20T07:47:48.389664-04:00" hostname="Petruff"><testcase classname="tests.test_session_grants_v10" name="test_external_mutation_identity_excludes_grant_and_binding" time="0.001" /><testcase classname="tests.test_session_grants_v10" name="test_verified_effect_consumes_and_receipt_is_self_sufficient" time="0.005" /><testcase classname="tests.test_session_grants_v10" name="test_definite_no_dispatch_or_effect_releases_for_retry[cancelled-before-dispatch]" time="0.003" /><testcase classname="tests.test_session_grants_v10" name="test_definite_no_dispatch_or_effect_releases_for_retry[definitive-no-effect]" time="0.003" /><testcase classname="tests.test_session_grants_v10" name="test_dispatch_attempt_is_quarantined_and_cannot_retry_across_successor_grant" time="0.005" /><testcase classname="tests.test_session_grants_v10" name="test_unverified_receipt_remains_uncertain" time="0.004" /><testcase classname="tests.test_session_grants_v10" name="test_confirmed_no_effect_releases_quarantine" time="0.004" /><testcase classname="tests.test_session_grants_v10" name="test_still_uncertain_stays_quarantined" time="0.004" /><testcase classname="tests.test_session_grants_v10" name="test_confirmed_effect_consumes_with_full_receipt" time="0.006" /><testcase classname="tests.test_session_grants_v10" name="test_confirmed_effect_preserves_known_quarantined_receipt_evidence" time="0.007" /><testcase classname="tests.test_session_grants_v10" name="test_unrelated_revoke_does_not_invalidate_other_grant_commit" time="0.005" /><testcase classname="tests.test_session_grants_v10" name="test_relevant_revoke_after_dispatch_leaves_uncertain" time="0.003" /><testcase classname="tests.test_session_grants_v10" name="test_concurrent_reconciliation_only_one_response_applies" time="0.005" /><testcase classname="tests.test_session_grants_v10" name="test_terminal_controls_release_pending_but_preserve_uncertain" time="0.003" /><testcase classname="tests.test_session_grants_v10" name="test_pre_dispatch_transition_survives_absence_timeout_and_terminal" time="0.003" /><testcase classname="tests.test_session_grants_v10" name="test_verified_outcome_after_explicit_dispatch_transition_can_commit" time="0.004" /><testcase classname="tests.test_session_grants_v10" name="test_identity_contract_has_minimum_namespace_and_no_grant_or_binding_fields" time="0.001" /><testcase classname="tests.test_session_grants_v10" name="test_same_external_namespace_key_cannot_reserve_across_distinct_bindings" time="0.004" /><testcase classname="tests.test_session_grants_v10" name="test_consumed_external_namespace_key_survives_successor_grant_and_binding" time="0.006" /><testcase classname="tests.test_session_grants_v10" name="test_relevant_semantic_drift_after_dispatch_quarantines_verified_effect" time="0.004" /><testcase classname="tests.test_session_grants_v10" name="test_reconciliation_after_terminal_resolves_once_and_replay_is_denied" time="0.004" /><testcase classname="tests.test_session_grants_v10" name="test_released_identity_retries_only_identical_action_fingerprint[cancelled-before-dispatch]" time="0.005" /><testcase classname="tests.test_session_grants_v10" name="test_released_identity_retries_only_identical_action_fingerprint[definitive-no-effect]" time="0.005" /><testcase classname="tests.test_session_grants_v10" name="test_two_concurrent_still_uncertain_callbacks_cannot_aba_double_apply" time="0.005" /><testcase classname="tests.test_session_grants_v10" name="test_reconciliation_history_is_bounded_per_identity_and_full_capacity_still_resolves" time="0.028" /><testcase classname="tests.test_session_grants_v10" name="test_zero_cost_zero_aggregate_direct_and_reconciled_commits_do_not_exhaust_aggregate" time="0.010" /><testcase classname="tests.test_session_grants_v10" name="test_default_off_reconciliation_preserves_uncertainty_without_callback" time="0.004" /><testcase classname="tests.test_session_grants_v10" name="test_verified_effect_post_snapshot_failure_preserves_material_for_reconciliation" time="0.006" /><testcase classname="tests.test_session_grants_v10" name="test_epoch_aba_after_outcome_stops_callbacks_and_preserves_uncertainty" time="0.006" /><testcase classname="tests.test_session_grants_v10" name="test_grant_issue_toggle_after_approval_aborts_without_assignment" time="0.002" /><testcase classname="tests.test_session_grants_v10" name="test_public_finalization_epoch_change_applies_only_mandatory_revocation[kill]" time="0.002" /><testcase classname="tests.test_session_grants_v10" name="test_public_finalization_epoch_change_applies_only_mandatory_revocation[mark_audit_unhealthy]" time="0.002" /><testcase classname="tests.test_session_grants_v10" name="test_public_finalization_epoch_change_applies_only_mandatory_revocation[end_session]" time="0.002" /><testcase classname="tests.test_session_grants_v10" name="test_public_finalization_epoch_change_applies_only_mandatory_revocation[revoke]" time="0.002" /><testcase classname="tests.test_session_grants_v10" name="test_public_finalization_epoch_change_applies_only_mandatory_revocation[snapshot_counts]" time="0.002" /><testcase classname="tests.test_session_grants_v10" name="test_action_callback_toggle_aborts_evaluate_and_reserve_without_mutation[evaluate]" time="0.002" /><testcase classname="tests.test_session_grants_v10" name="test_action_callback_toggle_aborts_evaluate_and_reserve_without_mutation[reserve]" time="0.002" /><testcase classname="tests.test_session_grants_v10" name="test_callback_toggle_then_failure_does_not_run_fail_closed_mutation" time="0.002" /><testcase classname="tests.test_session_grants_v10" name="test_receipt_verifier_toggle_aborts_commit_without_use_or_receipt" time="0.005" /><testcase classname="tests.test_session_grants_v10" name="test_reconciliation_toggle_after_callback_aborts_without_history_mutation" time="0.004" /><testcase classname="tests.test_session_grants_v10" name="test_raw_environment_is_bootstrap_only_and_strict_default_off" time="0.001" /><testcase classname="tests.test_session_grants_v10" name="test_off_on_epoch_revokes_old_grant_and_it_never_resurrects" time="0.004" /><testcase classname="tests.test_session_grants_v10" name="test_epoch_aba_is_checked_between_each_snapshot_and_resolver_callback[after_clock_hook]" time="0.002" /><testcase classname="tests.test_session_grants_v10" name="test_epoch_aba_is_checked_between_each_snapshot_and_resolver_callback[after_state_hook]" time="0.003" /><testcase classname="tests.test_session_grants_v10" name="test_epoch_aba_is_checked_between_each_snapshot_and_resolver_callback[after_grant_hook]" time="0.002" /><testcase classname="tests.test_session_grants_v10" name="test_malformed_reconciliation_after_epoch_aba_has_no_extra_fail_closed_mutation" time="0.004" /><testcase classname="tests.test_session_grants_v10" name="test_uncertain_action_holds_provisional_use_and_cost_until_no_effect[1-5-out-of-scope]" time="0.008" /><testcase classname="tests.test_session_grants_v10" name="test_uncertain_action_holds_provisional_use_and_cost_until_no_effect[3-5-aggregate-cost]" time="0.007" /><testcase classname="tests.test_session_grants_v10" name="test_concurrent_distinct_bindings_cannot_overbook_one_provisional_use" time="0.005" /><testcase classname="tests.test_session_grants_v10" name="test_confirmed_effect_converts_provisional_capacity_without_double_count" time="0.010" /><testcase classname="tests.test_session_grants_v10" name="test_old_epoch_uncertainty_reconciles_without_resurrecting_grant" time="0.006" /><testcase classname="tests.test_session_grants_v10" name="test_verified_material_is_persisted_before_post_verifier_snapshot_failure" time="0.007" /></testsuite></testsuites>