<?xml version="1.0" encoding="utf-8"?><testsuites name="pytest tests"><testsuite name="pytest" errors="0" failures="0" skipped="0" tests="78" time="3.829" timestamp="2026-07-20T13:52:42.034918-04:00" hostname="Petruff"><testcase classname="tests.test_approval_inbox_v6" name="test_strict_default_off_has_no_clock_or_source_callback" time="0.001" /><testcase classname="tests.test_approval_inbox_v6" name="test_explicit_host_composition_is_pinned_but_not_claimed_as_same_process_secrecy" time="0.002" /><testcase classname="tests.test_approval_inbox_v6" name="test_read_apis_accept_no_source_items_or_authority_fields" time="0.001" /><testcase classname="tests.test_approval_inbox_v6" name="test_exact_source_output_types_only_no_subclass_or_custom_mapping" time="0.001" /><testcase classname="tests.test_approval_inbox_v6" name="test_bounds_are_checked_before_any_item_traversal_or_copy_hook" time="0.001" /><testcase classname="tests.test_approval_inbox_v6" name="test_raw_callback_exception_is_not_chained_or_recoverable" time="0.000" /><testcase classname="tests.test_approval_inbox_v6" name="test_every_recoverable_display_field_rejects_secrets[workspace_display]" time="0.001" /><testcase classname="tests.test_approval_inbox_v6" name="test_every_recoverable_display_field_rejects_secrets[account_display]" time="0.001" /><testcase classname="tests.test_approval_inbox_v6" name="test_every_recoverable_display_field_rejects_secrets[mission_display]" time="0.001" /><testcase classname="tests.test_approval_inbox_v6" name="test_every_recoverable_display_field_rejects_secrets[reason]" time="0.001" /><testcase classname="tests.test_approval_inbox_v6" name="test_every_recoverable_display_field_rejects_secrets[action]" time="0.001" /><testcase classname="tests.test_approval_inbox_v6" name="test_every_recoverable_display_field_rejects_secrets[target_display]" time="0.001" /><testcase classname="tests.test_approval_inbox_v6" name="test_every_recoverable_display_field_rejects_secrets[payload_summary]" time="0.001" /><testcase classname="tests.test_approval_inbox_v6" name="test_every_recoverable_display_field_rejects_secrets[effect_summary]" time="0.001" /><testcase classname="tests.test_approval_inbox_v6" name="test_every_recoverable_display_field_rejects_secrets[idempotency_summary]" time="0.001" /><testcase classname="tests.test_approval_inbox_v6" name="test_every_recoverable_display_field_rejects_secrets[verification_plan]" time="0.001" /><testcase classname="tests.test_approval_inbox_v6" name="test_every_recoverable_display_field_rejects_secrets[rollback_plan]" time="0.001" /><testcase classname="tests.test_approval_inbox_v6" name="test_complete_review_fields_are_immutable_non_authority_and_digest_internal" time="0.001" /><testcase classname="tests.test_approval_inbox_v6" name="test_source_timestamps_are_metadata_not_token_validity" time="0.002" /><testcase classname="tests.test_approval_inbox_v6" name="test_refreshed_source_timestamp_metadata_same_epoch_does_not_latch" time="0.002" /><testcase classname="tests.test_approval_inbox_v6" name="test_projection_owned_deadline_expires_without_source_callback_and_never_resurrects" time="0.003" /><testcase classname="tests.test_approval_inbox_v6" name="test_monotonic_clock_rollback_latches_and_cannot_resurrect" time="0.002" /><testcase classname="tests.test_approval_inbox_v6" name="test_same_epoch_equivocation_latches_and_restore_never_resurrects" time="0.003" /><testcase classname="tests.test_approval_inbox_v6" name="test_epoch_rollback_latches_and_restore_never_resurrects" time="0.001" /><testcase classname="tests.test_approval_inbox_v6" name="test_integrity_latch_is_nonresurrecting_across_concurrent_callers" time="0.002" /><testcase classname="tests.test_approval_inbox_v6" name="test_query_sort_page_size_and_allowed_ids_are_bound_into_view_and_token" time="0.001" /><testcase classname="tests.test_approval_inbox_v6" name="test_batch_cannot_select_hidden_workspace_or_filtered_item" time="0.003" /><testcase classname="tests.test_approval_inbox_v6" name="test_pagination_is_stable_exact_set_without_duplicate_or_omission" time="0.018" /><testcase classname="tests.test_approval_inbox_v6" name="test_source_drift_cannot_mix_pages" time="0.002" /><testcase classname="tests.test_approval_inbox_v6" name="test_calm_batch_canonical_reorder_add_remove_substitute_and_non_authority" time="0.007" /><testcase classname="tests.test_approval_inbox_v6" name="test_page_size_one_requires_second_item_to_be_returned_before_batch" time="0.003" /><testcase classname="tests.test_approval_inbox_v6" name="test_review_token_substitution_cross_view_and_restart_replay_fail_closed" time="0.003" /><testcase classname="tests.test_approval_inbox_v6" name="test_reopening_identical_view_preserves_previously_returned_review_proofs" time="0.003" /><testcase classname="tests.test_approval_inbox_v6" name="test_reopening_conflicting_registered_view_state_latches_fail_closed[conflicting-view]" time="0.002" /><testcase classname="tests.test_approval_inbox_v6" name="test_reopening_conflicting_registered_view_state_latches_fail_closed[missing-proofs]" time="0.001" /><testcase classname="tests.test_approval_inbox_v6" name="test_batch_preview_contains_complete_human_review_fields" time="0.001" /><testcase classname="tests.test_approval_inbox_v6" name="test_high_critical_always_explicit_or_ineligible_never_enters_batch[high-False-False]" time="0.002" /><testcase classname="tests.test_approval_inbox_v6" name="test_high_critical_always_explicit_or_ineligible_never_enters_batch[critical-True-False]" time="0.001" /><testcase classname="tests.test_approval_inbox_v6" name="test_high_critical_always_explicit_or_ineligible_never_enters_batch[medium-True-False]" time="0.001" /><testcase classname="tests.test_approval_inbox_v6" name="test_high_critical_always_explicit_or_ineligible_never_enters_batch[low-False-False]" time="0.002" /><testcase classname="tests.test_approval_inbox_v6" name="test_host_cannot_mislabel_high_or_always_explicit_as_batch_eligible" time="0.001" /><testcase classname="tests.test_approval_inbox_v6" name="test_batch_forbids_wildcards_categories_duplicates_and_unbounded_sequences" time="0.001" /><testcase classname="tests.test_approval_inbox_v6" name="test_outer_token_validation_occurs_before_hmac_and_normalizes_all_malformed_inputs" time="0.001" /><testcase classname="tests.test_approval_inbox_v6" name="test_encode_rejects_incomplete_or_noncanonical_payload_before_hmac" time="0.000" /><testcase classname="tests.test_approval_inbox_v6" name="test_valid_hmac_with_malformed_payload_normalizes_to_stale" time="0.001" /><testcase classname="tests.test_approval_inbox_v6" name="test_tampered_token_and_restart_old_token_fail_before_source_callback" time="0.001" /><testcase classname="tests.test_approval_inbox_v6" name="test_source_concurrency_is_capped_at_one_and_excess_fails_closed" time="0.001" /><testcase classname="tests.test_approval_inbox_v6" name="test_source_callbacks_never_run_under_projection_lock" time="0.004" /><testcase classname="tests.test_approval_inbox_v6" name="test_result_constructors_reject_forged_or_contradictory_inputs" time="0.002" /><testcase classname="tests.test_approval_inbox_v6" name="test_unknown_identity_safety_and_schema_state_fail_closed[schema_version-99]" time="0.001" /><testcase classname="tests.test_approval_inbox_v6" name="test_unknown_identity_safety_and_schema_state_fail_closed[source_epoch-0]" time="0.001" /><testcase classname="tests.test_approval_inbox_v6" name="test_unknown_identity_safety_and_schema_state_fail_closed[principal_id-attacker-session]" time="0.001" /><testcase classname="tests.test_approval_inbox_v6" name="test_unknown_identity_safety_and_schema_state_fail_closed[session_id-attacker-session]" time="0.001" /><testcase classname="tests.test_approval_inbox_v6" name="test_unknown_identity_safety_and_schema_state_fail_closed[audit_healthy-False]" time="0.001" /><testcase classname="tests.test_approval_inbox_v6" name="test_unknown_identity_safety_and_schema_state_fail_closed[session_active-False]" time="0.001" /><testcase classname="tests.test_approval_inbox_v6" name="test_unknown_identity_safety_and_schema_state_fail_closed[kill_switch-True]" time="0.001" /><testcase classname="tests.test_approval_inbox_v6" name="test_limits_and_bounded_snapshot_view_caches" time="0.005" /><testcase classname="tests.test_approval_inbox_v6" name="test_no_mutation_grant_import_persistence_or_live_wiring" time="0.004" /><testcase classname="tests.test_approval_inbox_v6" name="test_v1_v2_v3_v4_v5_and_r11_frozen_anchor_bytes_remain_exact" time="0.008" /><testcase classname="tests.test_approval_inbox_v6" name="test_r11_transitive_tamper_fixture_rejects_v10_before_recursive_execution" time="0.840" /><testcase classname="tests.test_approval_inbox_v6" name="test_v2_transitive_tamper_fixture_rejects_core_v2" time="0.457" /><testcase classname="tests.test_approval_inbox_v6" name="test_v3_transitive_tamper_fixture_rejects_core_v3" time="0.453" /><testcase classname="tests.test_approval_inbox_v6" name="test_v5_transitive_tamper_fixture_rejects_core_v5" time="0.532" /><testcase classname="tests.test_approval_inbox_v6" name="test_future_approval_successor_import_indirection_is_rejected" time="0.015" /><testcase classname="tests.test_approval_inbox_v6" name="test_relative_importlib_wiring_is_resolved_and_rejected[single-dot-keyword-alias]" time="0.016" /><testcase classname="tests.test_approval_inbox_v6" name="test_relative_importlib_wiring_is_resolved_and_rejected[double-dot-positional-bound-alias]" time="0.016" /><testcase classname="tests.test_approval_inbox_v6" name="test_unresolvable_relative_dynamic_imports_fail_closed[nonliteral-name]" time="0.000" /><testcase classname="tests.test_approval_inbox_v6" name="test_unresolvable_relative_dynamic_imports_fail_closed[nonliteral-package]" time="0.000" /><testcase classname="tests.test_approval_inbox_v6" name="test_unresolvable_relative_dynamic_imports_fail_closed[missing-package]" time="0.000" /><testcase classname="tests.test_approval_inbox_v6" name="test_unresolvable_relative_dynamic_imports_fail_closed[invalid-level]" time="0.000" /><testcase classname="tests.test_approval_inbox_v6" name="test_unresolvable_relative_dynamic_imports_fail_closed[invalid-package-context]" time="0.001" /><testcase classname="tests.test_approval_inbox_v6" name="test_literal_dynamic_approval_imports_are_rejected[importlib]" time="0.012" /><testcase classname="tests.test_approval_inbox_v6" name="test_literal_dynamic_approval_imports_are_rejected[dunder-import]" time="0.012" /><testcase classname="tests.test_approval_inbox_v6" name="test_literal_dynamic_approval_imports_are_rejected[runpy]" time="0.011" /><testcase classname="tests.test_approval_inbox_v6" name="test_regenerated_hashes_cannot_bypass_semantic_metadata[limits]" time="0.232" /><testcase classname="tests.test_approval_inbox_v6" name="test_regenerated_hashes_cannot_bypass_semantic_metadata[base_commit]" time="0.201" /><testcase classname="tests.test_approval_inbox_v6" name="test_regenerated_hashes_cannot_bypass_semantic_metadata[environment]" time="0.311" /><testcase classname="tests.test_approval_inbox_v6" name="test_regenerated_hashes_cannot_bypass_semantic_metadata[timestamp]" time="0.353" /></testsuite></testsuites>